wandb: Currently logged in as: crazyboy9103. Use `wandb login --relogin` to force relogin
wandb: wandb version 0.13.2 is available!  To upgrade, please run:
wandb:  $ pip install wandb --upgrade
wandb: Tracking run with wandb version 0.13.1
wandb: Run data is saved locally in /home/kwangyeongill/FedSSL_clean/wandb/run-20220823_191040-20220823_191037
wandb: Run `wandb offline` to turn off syncing.
wandb: Syncing run centralized_noniid_bn_fedavg
wandb: ⭐️ View project at https://wandb.ai/crazyboy9103/Fed
wandb: 🚀 View run at https://wandb.ai/crazyboy9103/Fed/runs/20220823_191037
Files already downloaded and verified
Files already downloaded and verified
Client 52 Linear evaluating centralized model
Client 52 Epoch [5/10]:
                          learning rate : 0.001000
                          test acc/top1 : 44.93%
                          test acc/top5 : 91.47%
                          test loss : 1.55
                          train loss : 1.37 
                          time taken : 201.38 
Client 52 Linear evaluating centralized model
Client 52 Epoch [10/10]:
                          learning rate : 0.001000
                          test acc/top1 : 48.84%
                          test acc/top5 : 91.89%
                          test loss : 1.46
                          train loss : 0.80 
                          time taken : 196.05 
Training complete best top1/top5: 48.84%/91.89%
Client -1 Linear evaluating centralized model
#######################################################
 
Avg Validation Stats after 1 global rounds
Validation Loss     : 1.91
Validation Accuracy : top1/top5 45.59%/90.20%

#######################################################
model saved at ./checkpoints/centralized_noniid_bn_fedavg.pth.tar
Client 93 Linear evaluating centralized model
Client 93 Epoch [5/10]:
                          learning rate : 0.001000
                          test acc/top1 : 52.36%
                          test acc/top5 : 93.21%
                          test loss : 1.36
                          train loss : 0.52 
                          time taken : 190.57 
Client 93 Linear evaluating centralized model
Client 93 Epoch [10/10]:
                          learning rate : 0.001000
                          test acc/top1 : 51.82%
                          test acc/top5 : 92.81%
                          test loss : 1.38
                          train loss : 0.20 
                          time taken : 200.95 
Training complete best top1/top5: 51.82%/92.81%
Client -1 Linear evaluating centralized model
#######################################################
 
Avg Validation Stats after 2 global rounds
Validation Loss     : 2.38
Validation Accuracy : top1/top5 48.98%/90.65%

#######################################################
model saved at ./checkpoints/centralized_noniid_bn_fedavg.pth.tar
Client 74 Linear evaluating centralized model
Client 74 Epoch [5/10]:
                          learning rate : 0.001000
                          test acc/top1 : 55.43%
                          test acc/top5 : 93.87%
                          test loss : 1.29
                          train loss : 0.38 
                          time taken : 190.27 
Client 74 Linear evaluating centralized model
Client 74 Epoch [10/10]:
                          learning rate : 0.001000
                          test acc/top1 : 55.55%
                          test acc/top5 : 94.03%
                          test loss : 1.28
                          train loss : 0.16 
                          time taken : 206.20 
Training complete best top1/top5: 55.55%/94.03%
Client -1 Linear evaluating centralized model
#######################################################
 
Avg Validation Stats after 3 global rounds
Validation Loss     : 2.07
Validation Accuracy : top1/top5 55.58%/92.12%

#######################################################
model saved at ./checkpoints/centralized_noniid_bn_fedavg.pth.tar
Client 44 Linear evaluating centralized model
Client 44 Epoch [5/10]:
                          learning rate : 0.001000
                          test acc/top1 : 56.41%
                          test acc/top5 : 94.09%
                          test loss : 1.27
                          train loss : 0.26 
                          time taken : 230.59 
Client 44 Linear evaluating centralized model
Client 44 Epoch [10/10]:
                          learning rate : 0.001000
                          test acc/top1 : 55.99%
                          test acc/top5 : 93.61%
                          test loss : 1.31
                          train loss : 0.18 
                          time taken : 212.39 
Training complete best top1/top5: 55.99%/93.61%
Client -1 Linear evaluating centralized model
#######################################################
 
Avg Validation Stats after 4 global rounds
Validation Loss     : 2.21
Validation Accuracy : top1/top5 53.91%/90.86%

#######################################################
model saved at ./checkpoints/centralized_noniid_bn_fedavg.pth.tar
Client 1 Linear evaluating centralized model
Client 1 Epoch [5/10]:
                          learning rate : 0.001000
                          test acc/top1 : 58.01%
                          test acc/top5 : 94.35%
                          test loss : 1.25
                          train loss : 0.23 
                          time taken : 224.07 
Client 1 Linear evaluating centralized model
Client 1 Epoch [10/10]:
                          learning rate : 0.001000
                          test acc/top1 : 58.13%
                          test acc/top5 : 94.13%
                          test loss : 1.26
                          train loss : 0.13 
                          time taken : 230.54 
Training complete best top1/top5: 58.13%/94.13%
Client -1 Linear evaluating centralized model
#######################################################
 
Avg Validation Stats after 5 global rounds
Validation Loss     : 2.21
Validation Accuracy : top1/top5 56.53%/92.33%

#######################################################
model saved at ./checkpoints/centralized_noniid_bn_fedavg.pth.tar
Client 17 Linear evaluating centralized model
Client 17 Epoch [5/10]:
                          learning rate : 0.001000
                          test acc/top1 : 58.83%
                          test acc/top5 : 94.71%
                          test loss : 1.24
                          train loss : 0.18 
                          time taken : 218.67 
Client 17 Linear evaluating centralized model
Client 17 Epoch [10/10]:
                          learning rate : 0.001000
                          test acc/top1 : 59.46%
                          test acc/top5 : 95.05%
                          test loss : 1.21
                          train loss : 0.09 
                          time taken : 227.70 
Training complete best top1/top5: 59.46%/95.05%
Client -1 Linear evaluating centralized model
#######################################################
 
Avg Validation Stats after 6 global rounds
Validation Loss     : 2.10
Validation Accuracy : top1/top5 58.18%/92.80%

#######################################################
model saved at ./checkpoints/centralized_noniid_bn_fedavg.pth.tar
Client 30 Linear evaluating centralized model
Client 30 Epoch [5/10]:
                          learning rate : 0.001000
                          test acc/top1 : 60.72%
                          test acc/top5 : 94.91%
                          test loss : 1.19
                          train loss : 0.14 
                          time taken : 231.09 
Client 30 Linear evaluating centralized model
Client 30 Epoch [10/10]:
                          learning rate : 0.001000
                          test acc/top1 : 60.40%
                          test acc/top5 : 94.99%
                          test loss : 1.20
                          train loss : 0.10 
                          time taken : 223.12 
Training complete best top1/top5: 60.40%/94.99%
Client -1 Linear evaluating centralized model
#######################################################
 
Avg Validation Stats after 7 global rounds
Validation Loss     : 2.01
Validation Accuracy : top1/top5 59.85%/93.36%

#######################################################
model saved at ./checkpoints/centralized_noniid_bn_fedavg.pth.tar
Client 65 Linear evaluating centralized model
Client 65 Epoch [5/10]:
                          learning rate : 0.001000
                          test acc/top1 : 61.80%
                          test acc/top5 : 95.53%
                          test loss : 1.15
                          train loss : 0.13 
                          time taken : 227.53 
Client 65 Linear evaluating centralized model
Client 65 Epoch [10/10]:
                          learning rate : 0.001000
                          test acc/top1 : 62.08%
                          test acc/top5 : 95.49%
                          test loss : 1.16
                          train loss : 0.10 
                          time taken : 216.23 
Training complete best top1/top5: 62.08%/95.49%
Client -1 Linear evaluating centralized model
#######################################################
 
Avg Validation Stats after 8 global rounds
Validation Loss     : 1.97
Validation Accuracy : top1/top5 61.36%/94.39%

#######################################################
model saved at ./checkpoints/centralized_noniid_bn_fedavg.pth.tar
Client 26 Linear evaluating centralized model
Client 26 Epoch [5/10]:
                          learning rate : 0.001000
                          test acc/top1 : 62.34%
                          test acc/top5 : 95.93%
                          test loss : 1.15
                          train loss : 0.16 
                          time taken : 226.41 
Client 26 Linear evaluating centralized model
Client 26 Epoch [10/10]:
                          learning rate : 0.001000
                          test acc/top1 : 60.86%
                          test acc/top5 : 95.17%
                          test loss : 1.21
                          train loss : 0.08 
                          time taken : 214.32 
Training complete best top1/top5: 60.86%/95.17%
Client -1 Linear evaluating centralized model
#######################################################
 
Avg Validation Stats after 9 global rounds
Validation Loss     : 2.01
Validation Accuracy : top1/top5 60.79%/92.84%

#######################################################
model saved at ./checkpoints/centralized_noniid_bn_fedavg.pth.tar
Client 39 Linear evaluating centralized model
Client 39 Epoch [5/10]:
                          learning rate : 0.001000
                          test acc/top1 : 62.86%
                          test acc/top5 : 95.57%
                          test loss : 1.16
                          train loss : 0.11 
                          time taken : 209.74 
Client 39 Linear evaluating centralized model
Client 39 Epoch [10/10]:
                          learning rate : 0.001000
                          test acc/top1 : 62.10%
                          test acc/top5 : 95.25%
                          test loss : 1.18
                          train loss : 0.07 
                          time taken : 210.95 
Training complete best top1/top5: 62.10%/95.25%
Client -1 Linear evaluating centralized model
#######################################################
 
Avg Validation Stats after 10 global rounds
Validation Loss     : 2.05
Validation Accuracy : top1/top5 61.00%/94.23%

#######################################################
model saved at ./checkpoints/centralized_noniid_bn_fedavg.pth.tar
Client 63 Linear evaluating centralized model
Client 63 Epoch [5/10]:
                          learning rate : 0.001000
                          test acc/top1 : 62.62%
                          test acc/top5 : 95.33%
                          test loss : 1.14
                          train loss : 0.12 
                          time taken : 218.29 
Client 63 Linear evaluating centralized model
Client 63 Epoch [10/10]:
                          learning rate : 0.001000
                          test acc/top1 : 63.34%
                          test acc/top5 : 95.73%
                          test loss : 1.14
                          train loss : 0.06 
                          time taken : 219.90 
Training complete best top1/top5: 63.34%/95.73%
Client -1 Linear evaluating centralized model
#######################################################
 
Avg Validation Stats after 11 global rounds
Validation Loss     : 1.90
Validation Accuracy : top1/top5 63.12%/94.30%

#######################################################
model saved at ./checkpoints/centralized_noniid_bn_fedavg.pth.tar
Client 70 Linear evaluating centralized model
Client 70 Epoch [5/10]:
                          learning rate : 0.001000
                          test acc/top1 : 63.18%
                          test acc/top5 : 95.69%
                          test loss : 1.13
                          train loss : 0.06 
                          time taken : 236.42 
Client 70 Linear evaluating centralized model
Client 70 Epoch [10/10]:
                          learning rate : 0.001000
                          test acc/top1 : 62.72%
                          test acc/top5 : 95.85%
                          test loss : 1.15
                          train loss : 0.08 
                          time taken : 208.75 
Training complete best top1/top5: 62.72%/95.85%
Client -1 Linear evaluating centralized model
#######################################################
 
Avg Validation Stats after 12 global rounds
Validation Loss     : 1.94
Validation Accuracy : top1/top5 62.57%/94.36%

#######################################################
model saved at ./checkpoints/centralized_noniid_bn_fedavg.pth.tar
Client 34 Linear evaluating centralized model
Client 34 Epoch [5/10]:
                          learning rate : 0.001000
                          test acc/top1 : 64.20%
                          test acc/top5 : 95.83%
                          test loss : 1.13
                          train loss : 0.06 
                          time taken : 220.67 
Client 34 Linear evaluating centralized model
Client 34 Epoch [10/10]:
                          learning rate : 0.001000
                          test acc/top1 : 63.52%
                          test acc/top5 : 95.75%
                          test loss : 1.14
                          train loss : 0.04 
                          time taken : 221.23 
Training complete best top1/top5: 63.52%/95.75%
Client -1 Linear evaluating centralized model
#######################################################
 
Avg Validation Stats after 13 global rounds
Validation Loss     : 1.87
Validation Accuracy : top1/top5 63.78%/94.61%

#######################################################
model saved at ./checkpoints/centralized_noniid_bn_fedavg.pth.tar
Client 32 Linear evaluating centralized model
Client 32 Epoch [5/10]:
                          learning rate : 0.001000
                          test acc/top1 : 64.00%
                          test acc/top5 : 95.99%
                          test loss : 1.13
                          train loss : 0.07 
                          time taken : 219.08 
Client 32 Linear evaluating centralized model
Client 32 Epoch [10/10]:
                          learning rate : 0.001000
                          test acc/top1 : 63.08%
                          test acc/top5 : 95.67%
                          test loss : 1.17
                          train loss : 0.05 
                          time taken : 216.10 
Training complete best top1/top5: 63.08%/95.67%
Client -1 Linear evaluating centralized model
#######################################################
 
Avg Validation Stats after 14 global rounds
Validation Loss     : 1.98
Validation Accuracy : top1/top5 63.11%/94.70%

#######################################################
model saved at ./checkpoints/centralized_noniid_bn_fedavg.pth.tar
Client 56 Linear evaluating centralized model
Client 56 Epoch [5/10]:
                          learning rate : 0.001000
                          test acc/top1 : 64.56%
                          test acc/top5 : 95.71%
                          test loss : 1.13
                          train loss : 0.09 
                          time taken : 218.24 
Client 56 Linear evaluating centralized model
Client 56 Epoch [10/10]:
                          learning rate : 0.001000
                          test acc/top1 : 62.46%
                          test acc/top5 : 95.31%
                          test loss : 1.19
                          train loss : 0.07 
                          time taken : 210.99 
Training complete best top1/top5: 62.46%/95.31%
Client -1 Linear evaluating centralized model
#######################################################
 
Avg Validation Stats after 15 global rounds
Validation Loss     : 2.04
Validation Accuracy : top1/top5 61.85%/93.80%

#######################################################
model saved at ./checkpoints/centralized_noniid_bn_fedavg.pth.tar
Client 46 Linear evaluating centralized model
Client 46 Epoch [5/10]:
                          learning rate : 0.001000
                          test acc/top1 : 64.32%
                          test acc/top5 : 95.55%
                          test loss : 1.14
                          train loss : 0.09 
                          time taken : 219.42 
Client 46 Linear evaluating centralized model
Client 46 Epoch [10/10]:
                          learning rate : 0.001000
                          test acc/top1 : 63.36%
                          test acc/top5 : 95.77%
                          test loss : 1.17
                          train loss : 0.06 
                          time taken : 222.35 
Training complete best top1/top5: 63.36%/95.77%
Client -1 Linear evaluating centralized model
#######################################################
 
Avg Validation Stats after 16 global rounds
Validation Loss     : 1.98
Validation Accuracy : top1/top5 62.59%/94.66%

#######################################################
model saved at ./checkpoints/centralized_noniid_bn_fedavg.pth.tar
Client 14 Linear evaluating centralized model
Client 14 Epoch [5/10]:
                          learning rate : 0.001000
                          test acc/top1 : 64.10%
                          test acc/top5 : 95.57%
                          test loss : 1.14
                          train loss : 0.06 
                          time taken : 221.49 
Client 14 Linear evaluating centralized model
Client 14 Epoch [10/10]:
                          learning rate : 0.001000
                          test acc/top1 : 64.60%
                          test acc/top5 : 95.87%
                          test loss : 1.13
                          train loss : 0.07 
                          time taken : 217.74 
Training complete best top1/top5: 64.60%/95.87%
Client -1 Linear evaluating centralized model
#######################################################
 
Avg Validation Stats after 17 global rounds
Validation Loss     : 1.94
Validation Accuracy : top1/top5 64.07%/94.56%

#######################################################
model saved at ./checkpoints/centralized_noniid_bn_fedavg.pth.tar
Client 65 Linear evaluating centralized model
Client 65 Epoch [5/10]:
                          learning rate : 0.001000
                          test acc/top1 : 65.32%
                          test acc/top5 : 95.99%
                          test loss : 1.09
                          train loss : 0.07 
                          time taken : 222.07 
Client 65 Linear evaluating centralized model
Client 65 Epoch [10/10]:
                          learning rate : 0.001000
                          test acc/top1 : 62.92%
                          test acc/top5 : 95.55%
                          test loss : 1.19
                          train loss : 0.06 
                          time taken : 224.48 
Training complete best top1/top5: 62.92%/95.55%
Client -1 Linear evaluating centralized model
#######################################################
 
Avg Validation Stats after 18 global rounds
Validation Loss     : 1.97
Validation Accuracy : top1/top5 63.62%/94.74%

#######################################################
model saved at ./checkpoints/centralized_noniid_bn_fedavg.pth.tar
Client 76 Linear evaluating centralized model
Client 76 Epoch [5/10]:
                          learning rate : 0.001000
                          test acc/top1 : 65.26%
                          test acc/top5 : 96.71%
                          test loss : 1.09
                          train loss : 0.05 
                          time taken : 221.97 
Client 76 Linear evaluating centralized model
Client 76 Epoch [10/10]:
                          learning rate : 0.001000
                          test acc/top1 : 64.72%
                          test acc/top5 : 96.07%
                          test loss : 1.14
                          train loss : 0.05 
                          time taken : 218.14 
Training complete best top1/top5: 64.72%/96.07%
Client -1 Linear evaluating centralized model
#######################################################
 
Avg Validation Stats after 19 global rounds
Validation Loss     : 2.08
Validation Accuracy : top1/top5 63.55%/94.29%

#######################################################
model saved at ./checkpoints/centralized_noniid_bn_fedavg.pth.tar
Client 45 Linear evaluating centralized model
Client 45 Epoch [5/10]:
                          learning rate : 0.001000
                          test acc/top1 : 66.45%
                          test acc/top5 : 96.51%
                          test loss : 1.08
                          train loss : 0.06 
                          time taken : 220.12 
Client 45 Linear evaluating centralized model
Client 45 Epoch [10/10]:
                          learning rate : 0.001000
                          test acc/top1 : 65.42%
                          test acc/top5 : 96.17%
                          test loss : 1.16
                          train loss : 0.04 
                          time taken : 220.20 
Training complete best top1/top5: 65.42%/96.17%
Client -1 Linear evaluating centralized model
#######################################################
 
Avg Validation Stats after 20 global rounds
Validation Loss     : 2.16
Validation Accuracy : top1/top5 64.14%/94.60%

#######################################################
model saved at ./checkpoints/centralized_noniid_bn_fedavg.pth.tar
Client 46 Linear evaluating centralized model
Client 46 Epoch [5/10]:
                          learning rate : 0.001000
                          test acc/top1 : 67.19%
                          test acc/top5 : 96.17%
                          test loss : 1.09
                          train loss : 0.03 
                          time taken : 222.32 
Client 46 Linear evaluating centralized model
Client 46 Epoch [10/10]:
                          learning rate : 0.001000
                          test acc/top1 : 66.17%
                          test acc/top5 : 96.71%
                          test loss : 1.09
                          train loss : 0.03 
                          time taken : 219.40 
Training complete best top1/top5: 66.17%/96.71%
Client -1 Linear evaluating centralized model
#######################################################
 
Avg Validation Stats after 21 global rounds
Validation Loss     : 1.86
Validation Accuracy : top1/top5 65.77%/95.51%

#######################################################
model saved at ./checkpoints/centralized_noniid_bn_fedavg.pth.tar
Client 2 Linear evaluating centralized model
Client 2 Epoch [5/10]:
                          learning rate : 0.001000
                          test acc/top1 : 66.59%
                          test acc/top5 : 96.45%
                          test loss : 1.13
                          train loss : 0.04 
                          time taken : 216.82 
Client 2 Linear evaluating centralized model
Client 2 Epoch [10/10]:
                          learning rate : 0.001000
                          test acc/top1 : 66.11%
                          test acc/top5 : 95.81%
                          test loss : 1.17
                          train loss : 0.05 
                          time taken : 218.67 
Training complete best top1/top5: 66.11%/95.81%
Client -1 Linear evaluating centralized model
#######################################################
 
Avg Validation Stats after 22 global rounds
Validation Loss     : 1.99
Validation Accuracy : top1/top5 65.10%/95.30%

#######################################################
model saved at ./checkpoints/centralized_noniid_bn_fedavg.pth.tar
Client 43 Linear evaluating centralized model
Client 43 Epoch [5/10]:
                          learning rate : 0.001000
                          test acc/top1 : 67.19%
                          test acc/top5 : 96.71%
                          test loss : 1.07
                          train loss : 0.04 
                          time taken : 219.72 
Client 43 Linear evaluating centralized model
Client 43 Epoch [10/10]:
                          learning rate : 0.001000
                          test acc/top1 : 64.98%
                          test acc/top5 : 96.33%
                          test loss : 1.20
                          train loss : 0.06 
                          time taken : 219.70 
Training complete best top1/top5: 64.98%/96.33%
Client -1 Linear evaluating centralized model
#######################################################
 
Avg Validation Stats after 23 global rounds
Validation Loss     : 2.01
Validation Accuracy : top1/top5 64.73%/94.52%

#######################################################
model saved at ./checkpoints/centralized_noniid_bn_fedavg.pth.tar
Client 36 Linear evaluating centralized model
Client 36 Epoch [5/10]:
                          learning rate : 0.001000
                          test acc/top1 : 66.83%
                          test acc/top5 : 96.47%
                          test loss : 1.15
                          train loss : 0.03 
                          time taken : 219.70 
Client 36 Linear evaluating centralized model
Client 36 Epoch [10/10]:
                          learning rate : 0.001000
                          test acc/top1 : 66.19%
                          test acc/top5 : 96.15%
                          test loss : 1.14
                          train loss : 0.04 
                          time taken : 218.68 
Training complete best top1/top5: 66.19%/96.15%
Client -1 Linear evaluating centralized model
#######################################################
 
Avg Validation Stats after 24 global rounds
Validation Loss     : 1.84
Validation Accuracy : top1/top5 66.12%/95.15%

#######################################################
model saved at ./checkpoints/centralized_noniid_bn_fedavg.pth.tar
Client 8 Linear evaluating centralized model
Client 8 Epoch [5/10]:
                          learning rate : 0.001000
                          test acc/top1 : 66.67%
                          test acc/top5 : 96.35%
                          test loss : 1.14
                          train loss : 0.03 
                          time taken : 217.82 
Client 8 Linear evaluating centralized model
Client 8 Epoch [10/10]:
                          learning rate : 0.001000
                          test acc/top1 : 65.52%
                          test acc/top5 : 96.07%
                          test loss : 1.22
                          train loss : 0.04 
                          time taken : 216.24 
Training complete best top1/top5: 65.52%/96.07%
Client -1 Linear evaluating centralized model
#######################################################
 
Avg Validation Stats after 25 global rounds
Validation Loss     : 2.07
Validation Accuracy : top1/top5 64.88%/94.71%

#######################################################
model saved at ./checkpoints/centralized_noniid_bn_fedavg.pth.tar
Client 61 Linear evaluating centralized model
Client 61 Epoch [5/10]:
                          learning rate : 0.001000
                          test acc/top1 : 67.73%
                          test acc/top5 : 96.57%
                          test loss : 1.14
                          train loss : 0.05 
                          time taken : 220.35 
Client 61 Linear evaluating centralized model
Client 61 Epoch [10/10]:
                          learning rate : 0.001000
                          test acc/top1 : 65.42%
                          test acc/top5 : 95.77%
                          test loss : 1.24
                          train loss : 0.06 
                          time taken : 216.85 
Training complete best top1/top5: 65.42%/95.77%
Client -1 Linear evaluating centralized model
#######################################################
 
Avg Validation Stats after 26 global rounds
Validation Loss     : 1.99
Validation Accuracy : top1/top5 65.33%/95.18%

#######################################################
model saved at ./checkpoints/centralized_noniid_bn_fedavg.pth.tar
Client 61 Linear evaluating centralized model
Client 61 Epoch [5/10]:
                          learning rate : 0.001000
                          test acc/top1 : 65.02%
                          test acc/top5 : 96.19%
                          test loss : 1.19
                          train loss : 0.04 
                          time taken : 217.07 
Client 61 Linear evaluating centralized model
Client 61 Epoch [10/10]:
                          learning rate : 0.001000
                          test acc/top1 : 64.62%
                          test acc/top5 : 96.27%
                          test loss : 1.22
                          train loss : 0.06 
                          time taken : 219.07 
Training complete best top1/top5: 64.62%/96.27%
Client -1 Linear evaluating centralized model
#######################################################
 
Avg Validation Stats after 27 global rounds
Validation Loss     : 1.97
Validation Accuracy : top1/top5 64.79%/94.32%

#######################################################
model saved at ./checkpoints/centralized_noniid_bn_fedavg.pth.tar
Client 13 Linear evaluating centralized model
Client 13 Epoch [5/10]:
                          learning rate : 0.001000
                          test acc/top1 : 66.59%
                          test acc/top5 : 96.57%
                          test loss : 1.17
                          train loss : 0.04 
                          time taken : 217.69 
Client 13 Linear evaluating centralized model
Client 13 Epoch [10/10]:
                          learning rate : 0.001000
                          test acc/top1 : 65.67%
                          test acc/top5 : 96.01%
                          test loss : 1.28
                          train loss : 0.03 
                          time taken : 217.76 
Training complete best top1/top5: 65.67%/96.01%
Client -1 Linear evaluating centralized model
#######################################################
 
Avg Validation Stats after 28 global rounds
Validation Loss     : 2.08
Validation Accuracy : top1/top5 65.17%/95.01%

#######################################################
model saved at ./checkpoints/centralized_noniid_bn_fedavg.pth.tar
Client 56 Linear evaluating centralized model
Client 56 Epoch [5/10]:
                          learning rate : 0.001000
                          test acc/top1 : 67.55%
                          test acc/top5 : 96.35%
                          test loss : 1.14
                          train loss : 0.02 
                          time taken : 214.83 
Client 56 Linear evaluating centralized model
Client 56 Epoch [10/10]:
                          learning rate : 0.001000
                          test acc/top1 : 66.37%
                          test acc/top5 : 96.09%
                          test loss : 1.20
                          train loss : 0.04 
                          time taken : 215.16 
Training complete best top1/top5: 66.37%/96.09%
Client -1 Linear evaluating centralized model
#######################################################
 
Avg Validation Stats after 29 global rounds
Validation Loss     : 1.87
Validation Accuracy : top1/top5 65.97%/95.30%

#######################################################
model saved at ./checkpoints/centralized_noniid_bn_fedavg.pth.tar
Client 41 Linear evaluating centralized model
Client 41 Epoch [5/10]:
                          learning rate : 0.001000
                          test acc/top1 : 67.25%
                          test acc/top5 : 96.47%
                          test loss : 1.22
                          train loss : 0.04 
                          time taken : 219.46 
Client 41 Linear evaluating centralized model
Client 41 Epoch [10/10]:
                          learning rate : 0.001000
                          test acc/top1 : 67.45%
                          test acc/top5 : 96.49%
                          test loss : 1.23
                          train loss : 0.03 
                          time taken : 236.04 
Training complete best top1/top5: 67.45%/96.49%
Client -1 Linear evaluating centralized model
#######################################################
 
Avg Validation Stats after 30 global rounds
Validation Loss     : 1.86
Validation Accuracy : top1/top5 67.31%/95.80%

#######################################################
model saved at ./checkpoints/centralized_noniid_bn_fedavg.pth.tar
Client 52 Linear evaluating centralized model
Client 52 Epoch [5/10]:
                          learning rate : 0.001000
                          test acc/top1 : 68.07%
                          test acc/top5 : 96.92%
                          test loss : 1.21
                          train loss : 0.03 
                          time taken : 225.94 
Client 52 Linear evaluating centralized model
Client 52 Epoch [10/10]:
                          learning rate : 0.001000
                          test acc/top1 : 66.15%
                          test acc/top5 : 96.17%
                          test loss : 1.32
                          train loss : 0.04 
                          time taken : 220.79 
Training complete best top1/top5: 66.15%/96.17%
Client -1 Linear evaluating centralized model
#######################################################
 
Avg Validation Stats after 31 global rounds
Validation Loss     : 2.16
Validation Accuracy : top1/top5 65.34%/95.48%

#######################################################
model saved at ./checkpoints/centralized_noniid_bn_fedavg.pth.tar
Client 65 Linear evaluating centralized model
Client 65 Epoch [5/10]:
                          learning rate : 0.001000
                          test acc/top1 : 67.41%
                          test acc/top5 : 96.67%
                          test loss : 1.28
                          train loss : 0.02 
                          time taken : 220.85 
Client 65 Linear evaluating centralized model
Client 65 Epoch [10/10]:
                          learning rate : 0.001000
                          test acc/top1 : 66.55%
                          test acc/top5 : 96.17%
                          test loss : 1.29
                          train loss : 0.03 
                          time taken : 214.55 
Training complete best top1/top5: 66.55%/96.17%
Client -1 Linear evaluating centralized model
#######################################################
 
Avg Validation Stats after 32 global rounds
Validation Loss     : 2.05
Validation Accuracy : top1/top5 65.33%/95.30%

#######################################################
model saved at ./checkpoints/centralized_noniid_bn_fedavg.pth.tar
Client 54 Linear evaluating centralized model
Client 54 Epoch [5/10]:
                          learning rate : 0.001000
                          test acc/top1 : 68.19%
                          test acc/top5 : 96.45%
                          test loss : 1.19
                          train loss : 0.02 
                          time taken : 224.84 
Client 54 Linear evaluating centralized model
Client 54 Epoch [10/10]:
                          learning rate : 0.001000
                          test acc/top1 : 67.79%
                          test acc/top5 : 95.79%
                          test loss : 1.30
                          train loss : 0.03 
                          time taken : 221.10 
Training complete best top1/top5: 67.79%/95.79%
Client -1 Linear evaluating centralized model
#######################################################
 
Avg Validation Stats after 33 global rounds
Validation Loss     : 2.04
Validation Accuracy : top1/top5 66.28%/95.32%

#######################################################
model saved at ./checkpoints/centralized_noniid_bn_fedavg.pth.tar
Client 22 Linear evaluating centralized model
Client 22 Epoch [5/10]:
                          learning rate : 0.001000
                          test acc/top1 : 67.79%
                          test acc/top5 : 96.49%
                          test loss : 1.28
                          train loss : 0.02 
                          time taken : 217.21 
Client 22 Linear evaluating centralized model
Client 22 Epoch [10/10]:
                          learning rate : 0.001000
                          test acc/top1 : 66.51%
                          test acc/top5 : 96.27%
                          test loss : 1.34
                          train loss : 0.03 
                          time taken : 222.67 
Training complete best top1/top5: 66.51%/96.27%
Client -1 Linear evaluating centralized model
#######################################################
 
Avg Validation Stats after 34 global rounds
Validation Loss     : 2.01
Validation Accuracy : top1/top5 66.58%/95.05%

#######################################################
model saved at ./checkpoints/centralized_noniid_bn_fedavg.pth.tar
Client 13 Linear evaluating centralized model
Client 13 Epoch [5/10]:
                          learning rate : 0.001000
                          test acc/top1 : 67.31%
                          test acc/top5 : 96.55%
                          test loss : 1.23
                          train loss : 0.02 
                          time taken : 215.17 
Client 13 Linear evaluating centralized model
Client 13 Epoch [10/10]:
                          learning rate : 0.001000
                          test acc/top1 : 66.17%
                          test acc/top5 : 96.21%
                          test loss : 1.31
                          train loss : 0.04 
                          time taken : 215.90 
Training complete best top1/top5: 66.17%/96.21%
Client -1 Linear evaluating centralized model
#######################################################
 
Avg Validation Stats after 35 global rounds
Validation Loss     : 2.15
Validation Accuracy : top1/top5 65.19%/94.63%

#######################################################
model saved at ./checkpoints/centralized_noniid_bn_fedavg.pth.tar
Client 67 Linear evaluating centralized model
Client 67 Epoch [5/10]:
                          learning rate : 0.001000
                          test acc/top1 : 67.57%
                          test acc/top5 : 96.39%
                          test loss : 1.33
                          train loss : 0.03 
                          time taken : 224.68 
Client 67 Linear evaluating centralized model
Client 67 Epoch [10/10]:
                          learning rate : 0.001000
                          test acc/top1 : 66.39%
                          test acc/top5 : 96.07%
                          test loss : 1.27
                          train loss : 0.03 
                          time taken : 215.84 
Training complete best top1/top5: 66.39%/96.07%
Client -1 Linear evaluating centralized model
#######################################################
 
Avg Validation Stats after 36 global rounds
Validation Loss     : 1.89
Validation Accuracy : top1/top5 66.97%/94.87%

#######################################################
model saved at ./checkpoints/centralized_noniid_bn_fedavg.pth.tar
Client 35 Linear evaluating centralized model
Client 35 Epoch [5/10]:
                          learning rate : 0.001000
                          test acc/top1 : 67.43%
                          test acc/top5 : 96.51%
                          test loss : 1.26
                          train loss : 0.03 
                          time taken : 230.48 
Client 35 Linear evaluating centralized model
Client 35 Epoch [10/10]:
                          learning rate : 0.001000
                          test acc/top1 : 67.71%
                          test acc/top5 : 96.43%
                          test loss : 1.37
                          train loss : 0.03 
                          time taken : 220.52 
Training complete best top1/top5: 67.71%/96.43%
Client -1 Linear evaluating centralized model
#######################################################
 
Avg Validation Stats after 37 global rounds
Validation Loss     : 2.03
Validation Accuracy : top1/top5 67.94%/95.61%

#######################################################
model saved at ./checkpoints/centralized_noniid_bn_fedavg.pth.tar
Client 22 Linear evaluating centralized model
Client 22 Epoch [5/10]:
                          learning rate : 0.001000
                          test acc/top1 : 67.97%
                          test acc/top5 : 96.59%
                          test loss : 1.28
                          train loss : 0.02 
                          time taken : 220.59 
Client 22 Linear evaluating centralized model
Client 22 Epoch [10/10]:
                          learning rate : 0.001000
                          test acc/top1 : 66.73%
                          test acc/top5 : 96.37%
                          test loss : 1.36
                          train loss : 0.02 
                          time taken : 224.42 
Training complete best top1/top5: 66.73%/96.37%
Client -1 Linear evaluating centralized model
#######################################################
 
Avg Validation Stats after 38 global rounds
Validation Loss     : 2.17
Validation Accuracy : top1/top5 65.64%/95.60%

#######################################################
model saved at ./checkpoints/centralized_noniid_bn_fedavg.pth.tar
Client 74 Linear evaluating centralized model
Client 74 Epoch [5/10]:
                          learning rate : 0.001000
                          test acc/top1 : 67.99%
                          test acc/top5 : 96.79%
                          test loss : 1.26
                          train loss : 0.02 
                          time taken : 221.76 
Client 74 Linear evaluating centralized model
Client 74 Epoch [10/10]:
                          learning rate : 0.001000
                          test acc/top1 : 66.57%
                          test acc/top5 : 96.31%
                          test loss : 1.29
                          train loss : 0.05 
                          time taken : 233.57 
Training complete best top1/top5: 66.57%/96.31%
Client -1 Linear evaluating centralized model
#######################################################
 
Avg Validation Stats after 39 global rounds
Validation Loss     : 1.99
Validation Accuracy : top1/top5 66.20%/94.83%

#######################################################
model saved at ./checkpoints/centralized_noniid_bn_fedavg.pth.tar
Client 17 Linear evaluating centralized model
Client 17 Epoch [5/10]:
                          learning rate : 0.001000
                          test acc/top1 : 68.81%
                          test acc/top5 : 96.51%
                          test loss : 1.23
                          train loss : 0.03 
                          time taken : 216.30 
Client 17 Linear evaluating centralized model
Client 17 Epoch [10/10]:
                          learning rate : 0.001000
                          test acc/top1 : 66.63%
                          test acc/top5 : 96.45%
                          test loss : 1.38
                          train loss : 0.04 
                          time taken : 209.18 
Training complete best top1/top5: 66.63%/96.45%
Client -1 Linear evaluating centralized model
#######################################################
 
Avg Validation Stats after 40 global rounds
Validation Loss     : 2.06
Validation Accuracy : top1/top5 66.77%/94.74%

#######################################################
model saved at ./checkpoints/centralized_noniid_bn_fedavg.pth.tar
Client 8 Linear evaluating centralized model
Client 8 Epoch [5/10]:
                          learning rate : 0.001000
                          test acc/top1 : 67.75%
                          test acc/top5 : 96.29%
                          test loss : 1.32
                          train loss : 0.01 
                          time taken : 207.04 
Client 8 Linear evaluating centralized model
Client 8 Epoch [10/10]:
                          learning rate : 0.001000
                          test acc/top1 : 65.99%
                          test acc/top5 : 95.65%
                          test loss : 1.39
                          train loss : 0.04 
                          time taken : 212.01 
Training complete best top1/top5: 65.99%/95.65%
Client -1 Linear evaluating centralized model
#######################################################
 
Avg Validation Stats after 41 global rounds
Validation Loss     : 2.14
Validation Accuracy : top1/top5 64.91%/94.63%

#######################################################
model saved at ./checkpoints/centralized_noniid_bn_fedavg.pth.tar
Client 73 Linear evaluating centralized model
Client 73 Epoch [5/10]:
                          learning rate : 0.001000
                          test acc/top1 : 68.05%
                          test acc/top5 : 96.39%
                          test loss : 1.30
                          train loss : 0.01 
                          time taken : 205.48 
Client 73 Linear evaluating centralized model
Client 73 Epoch [10/10]:
                          learning rate : 0.001000
                          test acc/top1 : 66.55%
                          test acc/top5 : 96.05%
                          test loss : 1.24
                          train loss : 0.05 
                          time taken : 210.86 
Training complete best top1/top5: 66.55%/96.05%
Client -1 Linear evaluating centralized model
#######################################################
 
Avg Validation Stats after 42 global rounds
Validation Loss     : 1.92
Validation Accuracy : top1/top5 65.23%/95.22%

#######################################################
model saved at ./checkpoints/centralized_noniid_bn_fedavg.pth.tar
Client 73 Linear evaluating centralized model
Client 73 Epoch [5/10]:
                          learning rate : 0.001000
                          test acc/top1 : 68.09%
                          test acc/top5 : 96.23%
                          test loss : 1.35
                          train loss : 0.01 
                          time taken : 212.42 
Client 73 Linear evaluating centralized model
Client 73 Epoch [10/10]:
                          learning rate : 0.001000
                          test acc/top1 : 66.53%
                          test acc/top5 : 95.75%
                          test loss : 1.34
                          train loss : 0.02 
                          time taken : 212.55 
Training complete best top1/top5: 66.53%/95.75%
Client -1 Linear evaluating centralized model
#######################################################
 
Avg Validation Stats after 43 global rounds
Validation Loss     : 1.97
Validation Accuracy : top1/top5 67.38%/95.35%

#######################################################
model saved at ./checkpoints/centralized_noniid_bn_fedavg.pth.tar
Client 37 Linear evaluating centralized model
Client 37 Epoch [5/10]:
                          learning rate : 0.001000
                          test acc/top1 : 67.71%
                          test acc/top5 : 96.25%
                          test loss : 1.35
                          train loss : 0.01 
                          time taken : 227.30 
Client 37 Linear evaluating centralized model
