wandb: Currently logged in as: crazyboy9103. Use `wandb login --relogin` to force relogin
wandb: ERROR Error while calling W&B API: Error 1062: Duplicate entry '36808833-20220830_022153' for key 'PRIMARY' (<Response [409]>)
wandb: wandb version 0.13.2 is available!  To upgrade, please run:
wandb:  $ pip install wandb --upgrade
wandb: Tracking run with wandb version 0.13.1
wandb: Run data is saved locally in /home/kwangyeongill/FedSSL_clean/wandb/run-20220830_022158-20220830_022153
wandb: Run `wandb offline` to turn off syncing.
wandb: Syncing run centralized_noniid_bn_fedprox
wandb: ⭐️ View project at https://wandb.ai/crazyboy9103/Fed
wandb: 🚀 View run at https://wandb.ai/crazyboy9103/Fed/runs/20220830_022153
Files already downloaded and verified
Files already downloaded and verified
Client 52 Linear evaluating centralized model
Client 52 Epoch [5/10]:
                          learning rate : 0.001000
                          test acc/top1 : 42.27%
                          test acc/top5 : 90.48%
                          test loss : 1.63
                          train loss : 1.89 
                          time taken : 307.01 
Client 52 Linear evaluating centralized model
Client 52 Epoch [10/10]:
                          learning rate : 0.001000
                          test acc/top1 : 48.94%
                          test acc/top5 : 91.93%
                          test loss : 1.47
                          train loss : 1.69 
                          time taken : 356.52 
Training complete best top1/top5: 48.94%/91.93%
Client -1 Linear evaluating centralized model
#######################################################
 
Avg Validation Stats after 1 global rounds
Validation Loss     : 1.85
Validation Accuracy : top1/top5 42.48%/88.43%

#######################################################
model saved at ./checkpoints/centralized_noniid_bn_fedprox.pth.tar
Client 93 Linear evaluating centralized model
Client 93 Epoch [5/10]:
                          learning rate : 0.001000
                          test acc/top1 : 53.23%
                          test acc/top5 : 93.07%
                          test loss : 1.36
                          train loss : 1.29 
                          time taken : 286.15 
Client 93 Linear evaluating centralized model
Client 93 Epoch [10/10]:
                          learning rate : 0.001000
                          test acc/top1 : 53.39%
                          test acc/top5 : 93.71%
                          test loss : 1.37
                          train loss : 1.08 
                          time taken : 370.75 
Training complete best top1/top5: 53.39%/93.71%
Client -1 Linear evaluating centralized model
#######################################################
 
Avg Validation Stats after 2 global rounds
Validation Loss     : 2.31
Validation Accuracy : top1/top5 46.93%/89.60%

#######################################################
model saved at ./checkpoints/centralized_noniid_bn_fedprox.pth.tar
Client 74 Linear evaluating centralized model
Client 74 Epoch [5/10]:
                          learning rate : 0.001000
                          test acc/top1 : 56.17%
                          test acc/top5 : 94.67%
                          test loss : 1.27
                          train loss : 1.05 
                          time taken : 331.07 
Client 74 Linear evaluating centralized model
Client 74 Epoch [10/10]:
                          learning rate : 0.001000
                          test acc/top1 : 57.03%
                          test acc/top5 : 94.03%
                          test loss : 1.31
                          train loss : 0.84 
                          time taken : 389.07 
Training complete best top1/top5: 57.03%/94.03%
Client -1 Linear evaluating centralized model
#######################################################
 
Avg Validation Stats after 3 global rounds
Validation Loss     : 2.17
Validation Accuracy : top1/top5 54.01%/90.63%

#######################################################
model saved at ./checkpoints/centralized_noniid_bn_fedprox.pth.tar
Client 44 Linear evaluating centralized model
Client 44 Epoch [5/10]:
                          learning rate : 0.001000
                          test acc/top1 : 58.81%
                          test acc/top5 : 94.63%
                          test loss : 1.24
                          train loss : 0.86 
                          time taken : 295.18 
Client 44 Linear evaluating centralized model
Client 44 Epoch [10/10]:
                          learning rate : 0.001000
                          test acc/top1 : 58.89%
                          test acc/top5 : 94.69%
                          test loss : 1.25
                          train loss : 0.86 
                          time taken : 372.17 
Training complete best top1/top5: 58.89%/94.69%
Client -1 Linear evaluating centralized model
#######################################################
 
Avg Validation Stats after 4 global rounds
Validation Loss     : 2.14
Validation Accuracy : top1/top5 54.66%/90.94%

#######################################################
model saved at ./checkpoints/centralized_noniid_bn_fedprox.pth.tar
Client 1 Linear evaluating centralized model
Client 1 Epoch [5/10]:
                          learning rate : 0.001000
                          test acc/top1 : 60.58%
                          test acc/top5 : 95.09%
                          test loss : 1.21
                          train loss : 0.86 
                          time taken : 321.69 
Client 1 Linear evaluating centralized model
Client 1 Epoch [10/10]:
                          learning rate : 0.001000
                          test acc/top1 : 59.82%
                          test acc/top5 : 94.59%
                          test loss : 1.23
                          train loss : 0.72 
                          time taken : 320.63 
Training complete best top1/top5: 59.82%/94.59%
Client -1 Linear evaluating centralized model
#######################################################
 
Avg Validation Stats after 5 global rounds
Validation Loss     : 2.33
Validation Accuracy : top1/top5 53.44%/91.01%

#######################################################
model saved at ./checkpoints/centralized_noniid_bn_fedprox.pth.tar
Client 17 Linear evaluating centralized model
Client 17 Epoch [5/10]:
                          learning rate : 0.001000
                          test acc/top1 : 60.86%
                          test acc/top5 : 95.25%
                          test loss : 1.19
                          train loss : 0.66 
                          time taken : 390.33 
Client 17 Linear evaluating centralized model
Client 17 Epoch [10/10]:
                          learning rate : 0.001000
                          test acc/top1 : 61.16%
                          test acc/top5 : 95.59%
                          test loss : 1.15
                          train loss : 0.63 
                          time taken : 257.41 
Training complete best top1/top5: 61.16%/95.59%
Client -1 Linear evaluating centralized model
#######################################################
 
Avg Validation Stats after 6 global rounds
Validation Loss     : 2.25
Validation Accuracy : top1/top5 56.25%/91.58%

#######################################################
model saved at ./checkpoints/centralized_noniid_bn_fedprox.pth.tar
Client 30 Linear evaluating centralized model
Client 30 Epoch [5/10]:
                          learning rate : 0.001000
                          test acc/top1 : 62.52%
                          test acc/top5 : 95.61%
                          test loss : 1.14
                          train loss : 0.70 
                          time taken : 330.35 
Client 30 Linear evaluating centralized model
Client 30 Epoch [10/10]:
                          learning rate : 0.001000
                          test acc/top1 : 61.28%
                          test acc/top5 : 95.65%
                          test loss : 1.17
                          train loss : 0.67 
                          time taken : 291.70 
Training complete best top1/top5: 61.28%/95.65%
Client -1 Linear evaluating centralized model
#######################################################
 
Avg Validation Stats after 7 global rounds
Validation Loss     : 2.12
Validation Accuracy : top1/top5 58.04%/92.32%

#######################################################
model saved at ./checkpoints/centralized_noniid_bn_fedprox.pth.tar
Client 65 Linear evaluating centralized model
Client 65 Epoch [5/10]:
                          learning rate : 0.001000
                          test acc/top1 : 61.98%
                          test acc/top5 : 95.85%
                          test loss : 1.15
                          train loss : 0.73 
                          time taken : 351.89 
Client 65 Linear evaluating centralized model
Client 65 Epoch [10/10]:
                          learning rate : 0.001000
                          test acc/top1 : 63.32%
                          test acc/top5 : 95.97%
                          test loss : 1.13
                          train loss : 0.69 
                          time taken : 304.40 
Training complete best top1/top5: 63.32%/95.97%
Client -1 Linear evaluating centralized model
#######################################################
 
Avg Validation Stats after 8 global rounds
Validation Loss     : 2.24
Validation Accuracy : top1/top5 57.96%/93.25%

#######################################################
model saved at ./checkpoints/centralized_noniid_bn_fedprox.pth.tar
Client 26 Linear evaluating centralized model
Client 26 Epoch [5/10]:
                          learning rate : 0.001000
                          test acc/top1 : 63.28%
                          test acc/top5 : 95.87%
                          test loss : 1.10
                          train loss : 0.68 
                          time taken : 361.54 
Client 26 Linear evaluating centralized model
Client 26 Epoch [10/10]:
                          learning rate : 0.001000
                          test acc/top1 : 64.04%
                          test acc/top5 : 96.15%
                          test loss : 1.11
                          train loss : 0.68 
                          time taken : 384.96 
Training complete best top1/top5: 64.04%/96.15%
Client -1 Linear evaluating centralized model
#######################################################
 
Avg Validation Stats after 9 global rounds
Validation Loss     : 2.17
Validation Accuracy : top1/top5 58.89%/91.27%

#######################################################
model saved at ./checkpoints/centralized_noniid_bn_fedprox.pth.tar
Client 39 Linear evaluating centralized model
Client 39 Epoch [5/10]:
                          learning rate : 0.001000
                          test acc/top1 : 65.20%
                          test acc/top5 : 96.03%
                          test loss : 1.06
                          train loss : 0.52 
                          time taken : 298.90 
Client 39 Linear evaluating centralized model
Client 39 Epoch [10/10]:
                          learning rate : 0.001000
                          test acc/top1 : 64.86%
                          test acc/top5 : 96.11%
                          test loss : 1.10
                          train loss : 0.56 
                          time taken : 422.91 
Training complete best top1/top5: 64.86%/96.11%
Client -1 Linear evaluating centralized model
#######################################################
 
Avg Validation Stats after 10 global rounds
Validation Loss     : 2.36
Validation Accuracy : top1/top5 60.96%/92.53%

#######################################################
model saved at ./checkpoints/centralized_noniid_bn_fedprox.pth.tar
Client 63 Linear evaluating centralized model
Client 63 Epoch [5/10]:
                          learning rate : 0.001000
                          test acc/top1 : 64.74%
                          test acc/top5 : 96.09%
                          test loss : 1.09
                          train loss : 0.62 
                          time taken : 312.65 
Client 63 Linear evaluating centralized model
Client 63 Epoch [10/10]:
                          learning rate : 0.001000
                          test acc/top1 : 65.20%
                          test acc/top5 : 96.51%
                          test loss : 1.07
                          train loss : 0.58 
                          time taken : 368.04 
Training complete best top1/top5: 65.20%/96.51%
Client -1 Linear evaluating centralized model
#######################################################
 
Avg Validation Stats after 11 global rounds
Validation Loss     : 2.03
Validation Accuracy : top1/top5 60.82%/93.56%

#######################################################
model saved at ./checkpoints/centralized_noniid_bn_fedprox.pth.tar
Client 70 Linear evaluating centralized model
Client 70 Epoch [5/10]:
                          learning rate : 0.001000
                          test acc/top1 : 65.56%
                          test acc/top5 : 96.43%
                          test loss : 1.04
                          train loss : 0.54 
                          time taken : 316.80 
Client 70 Linear evaluating centralized model
Client 70 Epoch [10/10]:
                          learning rate : 0.001000
                          test acc/top1 : 63.94%
                          test acc/top5 : 95.95%
                          test loss : 1.09
                          train loss : 0.59 
                          time taken : 390.60 
Training complete best top1/top5: 63.94%/95.95%
Client -1 Linear evaluating centralized model
#######################################################
 
Avg Validation Stats after 12 global rounds
Validation Loss     : 2.20
Validation Accuracy : top1/top5 60.06%/92.89%

#######################################################
model saved at ./checkpoints/centralized_noniid_bn_fedprox.pth.tar
Client 34 Linear evaluating centralized model
Client 34 Epoch [5/10]:
                          learning rate : 0.001000
                          test acc/top1 : 66.37%
                          test acc/top5 : 96.37%
                          test loss : 1.04
                          train loss : 0.55 
                          time taken : 311.65 
Client 34 Linear evaluating centralized model
Client 34 Epoch [10/10]:
                          learning rate : 0.001000
                          test acc/top1 : 66.75%
                          test acc/top5 : 96.33%
                          test loss : 1.04
                          train loss : 0.55 
                          time taken : 341.13 
Training complete best top1/top5: 66.75%/96.33%
Client -1 Linear evaluating centralized model
#######################################################
 
Avg Validation Stats after 13 global rounds
Validation Loss     : 2.07
Validation Accuracy : top1/top5 61.84%/94.31%

#######################################################
model saved at ./checkpoints/centralized_noniid_bn_fedprox.pth.tar
Client 32 Linear evaluating centralized model
Client 32 Epoch [5/10]:
                          learning rate : 0.001000
                          test acc/top1 : 66.23%
                          test acc/top5 : 96.53%
                          test loss : 1.01
                          train loss : 0.60 
                          time taken : 405.07 
Client 32 Linear evaluating centralized model
Client 32 Epoch [10/10]:
                          learning rate : 0.001000
                          test acc/top1 : 65.60%
                          test acc/top5 : 96.25%
                          test loss : 1.07
                          train loss : 0.61 
                          time taken : 272.42 
Training complete best top1/top5: 65.60%/96.25%
Client -1 Linear evaluating centralized model
#######################################################
 
Avg Validation Stats after 14 global rounds
Validation Loss     : 2.00
Validation Accuracy : top1/top5 62.99%/94.35%

#######################################################
model saved at ./checkpoints/centralized_noniid_bn_fedprox.pth.tar
Client 56 Linear evaluating centralized model
Client 56 Epoch [5/10]:
                          learning rate : 0.001000
                          test acc/top1 : 66.63%
                          test acc/top5 : 96.11%
                          test loss : 1.02
                          train loss : 0.51 
                          time taken : 389.41 
Client 56 Linear evaluating centralized model
Client 56 Epoch [10/10]:
                          learning rate : 0.001000
                          test acc/top1 : 66.65%
                          test acc/top5 : 96.35%
                          test loss : 1.00
                          train loss : 0.51 
                          time taken : 286.80 
Training complete best top1/top5: 66.65%/96.35%
Client -1 Linear evaluating centralized model
#######################################################
 
Avg Validation Stats after 15 global rounds
Validation Loss     : 2.08
Validation Accuracy : top1/top5 63.45%/94.25%

#######################################################
model saved at ./checkpoints/centralized_noniid_bn_fedprox.pth.tar
Client 46 Linear evaluating centralized model
Client 46 Epoch [5/10]:
                          learning rate : 0.001000
                          test acc/top1 : 66.65%
                          test acc/top5 : 96.49%
                          test loss : 1.01
                          train loss : 0.61 
                          time taken : 341.08 
Client 46 Linear evaluating centralized model
Client 46 Epoch [10/10]:
                          learning rate : 0.001000
                          test acc/top1 : 64.52%
                          test acc/top5 : 96.15%
                          test loss : 1.11
                          train loss : 0.57 
                          time taken : 342.89 
Training complete best top1/top5: 64.52%/96.15%
Client -1 Linear evaluating centralized model
#######################################################
 
Avg Validation Stats after 16 global rounds
Validation Loss     : 2.01
Validation Accuracy : top1/top5 64.26%/94.59%

#######################################################
model saved at ./checkpoints/centralized_noniid_bn_fedprox.pth.tar
Client 14 Linear evaluating centralized model
Client 14 Epoch [5/10]:
                          learning rate : 0.001000
                          test acc/top1 : 67.09%
                          test acc/top5 : 96.25%
                          test loss : 0.99
                          train loss : 0.44 
                          time taken : 372.93 
Client 14 Linear evaluating centralized model
Client 14 Epoch [10/10]:
                          learning rate : 0.001000
                          test acc/top1 : 66.19%
                          test acc/top5 : 96.35%
                          test loss : 1.04
                          train loss : 0.69 
                          time taken : 376.65 
Training complete best top1/top5: 66.19%/96.35%
Client -1 Linear evaluating centralized model
#######################################################
 
Avg Validation Stats after 17 global rounds
Validation Loss     : 2.21
Validation Accuracy : top1/top5 61.78%/93.53%

#######################################################
model saved at ./checkpoints/centralized_noniid_bn_fedprox.pth.tar
Client 65 Linear evaluating centralized model
Client 65 Epoch [5/10]:
                          learning rate : 0.001000
                          test acc/top1 : 67.43%
                          test acc/top5 : 96.57%
                          test loss : 1.01
                          train loss : 0.56 
                          time taken : 311.26 
Client 65 Linear evaluating centralized model
Client 65 Epoch [10/10]:
                          learning rate : 0.001000
                          test acc/top1 : 66.67%
                          test acc/top5 : 96.94%
                          test loss : 1.01
                          train loss : 0.57 
                          time taken : 386.47 
Training complete best top1/top5: 66.67%/96.94%
Client -1 Linear evaluating centralized model
#######################################################
 
Avg Validation Stats after 18 global rounds
Validation Loss     : 2.20
Validation Accuracy : top1/top5 60.66%/93.62%

#######################################################
model saved at ./checkpoints/centralized_noniid_bn_fedprox.pth.tar
Client 76 Linear evaluating centralized model
Client 76 Epoch [5/10]:
                          learning rate : 0.001000
                          test acc/top1 : 68.03%
                          test acc/top5 : 96.29%
                          test loss : 1.00
                          train loss : 0.42 
                          time taken : 332.74 
Client 76 Linear evaluating centralized model
Client 76 Epoch [10/10]:
                          learning rate : 0.001000
                          test acc/top1 : 67.55%
                          test acc/top5 : 96.13%
                          test loss : 1.00
                          train loss : 0.57 
                          time taken : 341.81 
Training complete best top1/top5: 67.55%/96.13%
Client -1 Linear evaluating centralized model
#######################################################
 
Avg Validation Stats after 19 global rounds
Validation Loss     : 2.24
Validation Accuracy : top1/top5 62.61%/92.77%

#######################################################
model saved at ./checkpoints/centralized_noniid_bn_fedprox.pth.tar
Client 45 Linear evaluating centralized model
Client 45 Epoch [5/10]:
                          learning rate : 0.001000
                          test acc/top1 : 68.33%
                          test acc/top5 : 96.88%
                          test loss : 0.96
                          train loss : 0.44 
                          time taken : 377.48 
Client 45 Linear evaluating centralized model
Client 45 Epoch [10/10]:
                          learning rate : 0.001000
                          test acc/top1 : 68.33%
                          test acc/top5 : 96.71%
                          test loss : 0.97
                          train loss : 0.52 
                          time taken : 383.19 
Training complete best top1/top5: 68.33%/96.71%
Client -1 Linear evaluating centralized model
#######################################################
 
Avg Validation Stats after 20 global rounds
Validation Loss     : 2.18
Validation Accuracy : top1/top5 62.94%/94.16%

#######################################################
model saved at ./checkpoints/centralized_noniid_bn_fedprox.pth.tar
Client 46 Linear evaluating centralized model
Client 46 Epoch [5/10]:
                          learning rate : 0.001000
                          test acc/top1 : 68.37%
                          test acc/top5 : 96.65%
                          test loss : 0.97
                          train loss : 0.46 
                          time taken : 406.36 
Client 46 Linear evaluating centralized model
Client 46 Epoch [10/10]:
                          learning rate : 0.001000
                          test acc/top1 : 67.29%
                          test acc/top5 : 96.71%
                          test loss : 1.01
                          train loss : 0.62 
                          time taken : 327.42 
Training complete best top1/top5: 67.29%/96.71%
Client -1 Linear evaluating centralized model
#######################################################
 
Avg Validation Stats after 21 global rounds
Validation Loss     : 2.04
Validation Accuracy : top1/top5 64.02%/94.13%

#######################################################
model saved at ./checkpoints/centralized_noniid_bn_fedprox.pth.tar
Client 2 Linear evaluating centralized model
Client 2 Epoch [5/10]:
                          learning rate : 0.001000
                          test acc/top1 : 67.85%
                          test acc/top5 : 96.90%
                          test loss : 0.98
                          train loss : 0.52 
                          time taken : 425.37 
Client 2 Linear evaluating centralized model
Client 2 Epoch [10/10]:
                          learning rate : 0.001000
                          test acc/top1 : 67.65%
                          test acc/top5 : 96.61%
                          test loss : 0.98
                          train loss : 0.54 
                          time taken : 306.66 
Training complete best top1/top5: 67.65%/96.61%
Client -1 Linear evaluating centralized model
#######################################################
 
Avg Validation Stats after 22 global rounds
Validation Loss     : 2.16
Validation Accuracy : top1/top5 63.60%/94.88%

#######################################################
model saved at ./checkpoints/centralized_noniid_bn_fedprox.pth.tar
Client 43 Linear evaluating centralized model
Client 43 Epoch [5/10]:
                          learning rate : 0.001000
                          test acc/top1 : 69.07%
                          test acc/top5 : 96.49%
                          test loss : 0.94
                          train loss : 0.50 
                          time taken : 389.17 
Client 43 Linear evaluating centralized model
Client 43 Epoch [10/10]:
                          learning rate : 0.001000
                          test acc/top1 : 68.99%
                          test acc/top5 : 96.53%
                          test loss : 0.97
                          train loss : 0.51 
                          time taken : 317.56 
Training complete best top1/top5: 68.99%/96.53%
Client -1 Linear evaluating centralized model
#######################################################
 
Avg Validation Stats after 23 global rounds
Validation Loss     : 1.98
Validation Accuracy : top1/top5 65.36%/93.91%

#######################################################
model saved at ./checkpoints/centralized_noniid_bn_fedprox.pth.tar
Client 36 Linear evaluating centralized model
Client 36 Epoch [5/10]:
                          learning rate : 0.001000
                          test acc/top1 : 68.97%
                          test acc/top5 : 96.87%
                          test loss : 0.97
                          train loss : 0.46 
                          time taken : 424.69 
Client 36 Linear evaluating centralized model
Client 36 Epoch [10/10]:
                          learning rate : 0.001000
                          test acc/top1 : 68.87%
                          test acc/top5 : 96.41%
                          test loss : 0.98
                          train loss : 0.50 
                          time taken : 375.73 
Training complete best top1/top5: 68.87%/96.41%
Client -1 Linear evaluating centralized model
#######################################################
 
Avg Validation Stats after 24 global rounds
Validation Loss     : 2.05
Validation Accuracy : top1/top5 65.05%/93.79%

#######################################################
model saved at ./checkpoints/centralized_noniid_bn_fedprox.pth.tar
Client 8 Linear evaluating centralized model
Client 8 Epoch [5/10]:
                          learning rate : 0.001000
                          test acc/top1 : 68.73%
                          test acc/top5 : 96.90%
                          test loss : 0.97
                          train loss : 0.43 
                          time taken : 372.36 
Client 8 Linear evaluating centralized model
Client 8 Epoch [10/10]:
                          learning rate : 0.001000
                          test acc/top1 : 69.03%
                          test acc/top5 : 96.92%
                          test loss : 0.98
                          train loss : 0.41 
                          time taken : 348.73 
Training complete best top1/top5: 69.03%/96.92%
Client -1 Linear evaluating centralized model
#######################################################
 
Avg Validation Stats after 25 global rounds
Validation Loss     : 2.39
Validation Accuracy : top1/top5 63.12%/93.46%

#######################################################
model saved at ./checkpoints/centralized_noniid_bn_fedprox.pth.tar
Client 61 Linear evaluating centralized model
Client 61 Epoch [5/10]:
                          learning rate : 0.001000
                          test acc/top1 : 69.13%
                          test acc/top5 : 96.79%
                          test loss : 0.96
                          train loss : 0.42 
                          time taken : 320.30 
Client 61 Linear evaluating centralized model
Client 61 Epoch [10/10]:
                          learning rate : 0.001000
                          test acc/top1 : 69.01%
                          test acc/top5 : 96.67%
                          test loss : 0.95
                          train loss : 0.52 
                          time taken : 369.29 
Training complete best top1/top5: 69.01%/96.67%
Client -1 Linear evaluating centralized model
#######################################################
 
Avg Validation Stats after 26 global rounds
Validation Loss     : 2.30
Validation Accuracy : top1/top5 62.38%/94.02%

#######################################################
model saved at ./checkpoints/centralized_noniid_bn_fedprox.pth.tar
Client 61 Linear evaluating centralized model
Client 61 Epoch [5/10]:
                          learning rate : 0.001000
                          test acc/top1 : 68.45%
                          test acc/top5 : 96.87%
                          test loss : 0.96
                          train loss : 0.47 
                          time taken : 304.30 
Client 61 Linear evaluating centralized model
Client 61 Epoch [10/10]:
                          learning rate : 0.001000
                          test acc/top1 : 67.91%
                          test acc/top5 : 96.47%
                          test loss : 1.03
                          train loss : 0.47 
                          time taken : 378.35 
Training complete best top1/top5: 67.91%/96.47%
Client -1 Linear evaluating centralized model
#######################################################
 
Avg Validation Stats after 27 global rounds
Validation Loss     : 2.27
Validation Accuracy : top1/top5 63.65%/92.98%

#######################################################
model saved at ./checkpoints/centralized_noniid_bn_fedprox.pth.tar
Client 13 Linear evaluating centralized model
Client 13 Epoch [5/10]:
                          learning rate : 0.001000
                          test acc/top1 : 69.33%
                          test acc/top5 : 96.55%
                          test loss : 0.98
                          train loss : 0.48 
                          time taken : 335.12 
Client 13 Linear evaluating centralized model
Client 13 Epoch [10/10]:
                          learning rate : 0.001000
                          test acc/top1 : 69.25%
                          test acc/top5 : 96.83%
                          test loss : 0.99
                          train loss : 0.51 
                          time taken : 383.81 
Training complete best top1/top5: 69.25%/96.83%
Client -1 Linear evaluating centralized model
#######################################################
 
Avg Validation Stats after 28 global rounds
Validation Loss     : 2.25
Validation Accuracy : top1/top5 63.66%/93.78%

#######################################################
model saved at ./checkpoints/centralized_noniid_bn_fedprox.pth.tar
Client 56 Linear evaluating centralized model
Client 56 Epoch [5/10]:
                          learning rate : 0.001000
                          test acc/top1 : 69.59%
                          test acc/top5 : 97.46%
                          test loss : 0.92
                          train loss : 0.45 
                          time taken : 353.45 
Client 56 Linear evaluating centralized model
Client 56 Epoch [10/10]:
                          learning rate : 0.001000
                          test acc/top1 : 69.01%
                          test acc/top5 : 96.65%
                          test loss : 0.94
                          train loss : 0.52 
                          time taken : 263.32 
Training complete best top1/top5: 69.01%/96.65%
Client -1 Linear evaluating centralized model
#######################################################
 
Avg Validation Stats after 29 global rounds
Validation Loss     : 2.06
Validation Accuracy : top1/top5 65.87%/93.43%

#######################################################
model saved at ./checkpoints/centralized_noniid_bn_fedprox.pth.tar
Client 41 Linear evaluating centralized model
Client 41 Epoch [5/10]:
                          learning rate : 0.001000
                          test acc/top1 : 67.21%
                          test acc/top5 : 96.51%
                          test loss : 1.04
                          train loss : 0.39 
                          time taken : 357.70 
Client 41 Linear evaluating centralized model
Client 41 Epoch [10/10]:
                          learning rate : 0.001000
                          test acc/top1 : 68.35%
                          test acc/top5 : 96.90%
                          test loss : 0.97
                          train loss : 0.50 
                          time taken : 278.37 
Training complete best top1/top5: 68.35%/96.90%
Client -1 Linear evaluating centralized model
#######################################################
 
Avg Validation Stats after 30 global rounds
Validation Loss     : 2.24
Validation Accuracy : top1/top5 65.57%/94.67%

#######################################################
model saved at ./checkpoints/centralized_noniid_bn_fedprox.pth.tar
Client 52 Linear evaluating centralized model
Client 52 Epoch [5/10]:
                          learning rate : 0.001000
                          test acc/top1 : 68.97%
                          test acc/top5 : 96.81%
                          test loss : 0.97
                          train loss : 0.43 
                          time taken : 391.13 
Client 52 Linear evaluating centralized model
Client 52 Epoch [10/10]:
                          learning rate : 0.001000
                          test acc/top1 : 68.13%
                          test acc/top5 : 96.73%
                          test loss : 0.96
                          train loss : 0.56 
                          time taken : 324.11 
Training complete best top1/top5: 68.13%/96.73%
Client -1 Linear evaluating centralized model
#######################################################
 
Avg Validation Stats after 31 global rounds
Validation Loss     : 2.31
Validation Accuracy : top1/top5 64.18%/94.07%

#######################################################
model saved at ./checkpoints/centralized_noniid_bn_fedprox.pth.tar
Client 65 Linear evaluating centralized model
Client 65 Epoch [5/10]:
                          learning rate : 0.001000
                          test acc/top1 : 69.27%
                          test acc/top5 : 97.22%
                          test loss : 0.95
                          train loss : 0.42 
                          time taken : 357.06 
Client 65 Linear evaluating centralized model
Client 65 Epoch [10/10]:
                          learning rate : 0.001000
                          test acc/top1 : 68.63%
                          test acc/top5 : 96.65%
                          test loss : 0.97
                          train loss : 0.41 
                          time taken : 302.61 
Training complete best top1/top5: 68.63%/96.65%
Client -1 Linear evaluating centralized model
#######################################################
 
Avg Validation Stats after 32 global rounds
Validation Loss     : 2.16
Validation Accuracy : top1/top5 65.79%/94.98%

#######################################################
model saved at ./checkpoints/centralized_noniid_bn_fedprox.pth.tar
Client 54 Linear evaluating centralized model
Client 54 Epoch [5/10]:
                          learning rate : 0.001000
                          test acc/top1 : 70.11%
                          test acc/top5 : 96.67%
                          test loss : 0.94
                          train loss : 0.39 
                          time taken : 365.25 
Client 54 Linear evaluating centralized model
Client 54 Epoch [10/10]:
                          learning rate : 0.001000
                          test acc/top1 : 68.91%
                          test acc/top5 : 96.88%
                          test loss : 0.97
                          train loss : 0.46 
                          time taken : 358.61 
Training complete best top1/top5: 68.91%/96.88%
Client -1 Linear evaluating centralized model
#######################################################
 
Avg Validation Stats after 33 global rounds
Validation Loss     : 2.31
Validation Accuracy : top1/top5 64.33%/93.81%

#######################################################
model saved at ./checkpoints/centralized_noniid_bn_fedprox.pth.tar
Client 22 Linear evaluating centralized model
Client 22 Epoch [5/10]:
                          learning rate : 0.001000
                          test acc/top1 : 68.89%
                          test acc/top5 : 96.65%
                          test loss : 0.97
                          train loss : 0.38 
                          time taken : 307.22 
Client 22 Linear evaluating centralized model
Client 22 Epoch [10/10]:
                          learning rate : 0.001000
                          test acc/top1 : 69.05%
                          test acc/top5 : 96.51%
                          test loss : 0.99
                          train loss : 0.47 
                          time taken : 379.28 
Training complete best top1/top5: 69.05%/96.51%
Client -1 Linear evaluating centralized model
#######################################################
 
Avg Validation Stats after 34 global rounds
Validation Loss     : 2.25
Validation Accuracy : top1/top5 65.37%/94.44%

#######################################################
model saved at ./checkpoints/centralized_noniid_bn_fedprox.pth.tar
Client 13 Linear evaluating centralized model
Client 13 Epoch [5/10]:
                          learning rate : 0.001000
                          test acc/top1 : 69.65%
                          test acc/top5 : 96.75%
                          test loss : 0.97
                          train loss : 0.38 
                          time taken : 286.80 
Client 13 Linear evaluating centralized model
Client 13 Epoch [10/10]:
                          learning rate : 0.001000
                          test acc/top1 : 69.33%
                          test acc/top5 : 96.87%
                          test loss : 0.93
                          train loss : 0.42 
                          time taken : 338.84 
Training complete best top1/top5: 69.33%/96.87%
Client -1 Linear evaluating centralized model
#######################################################
 
Avg Validation Stats after 35 global rounds
Validation Loss     : 2.25
Validation Accuracy : top1/top5 65.92%/92.77%

#######################################################
model saved at ./checkpoints/centralized_noniid_bn_fedprox.pth.tar
Client 67 Linear evaluating centralized model
Client 67 Epoch [5/10]:
                          learning rate : 0.001000
                          test acc/top1 : 69.67%
                          test acc/top5 : 97.10%
                          test loss : 0.94
                          train loss : 0.37 
                          time taken : 303.40 
Client 67 Linear evaluating centralized model
Client 67 Epoch [10/10]:
                          learning rate : 0.001000
                          test acc/top1 : 68.85%
                          test acc/top5 : 96.57%
                          test loss : 0.95
                          train loss : 0.54 
                          time taken : 330.00 
Training complete best top1/top5: 68.85%/96.57%
Client -1 Linear evaluating centralized model
#######################################################
 
Avg Validation Stats after 36 global rounds
Validation Loss     : 2.10
Validation Accuracy : top1/top5 66.92%/95.05%

#######################################################
model saved at ./checkpoints/centralized_noniid_bn_fedprox.pth.tar
Client 35 Linear evaluating centralized model
Client 35 Epoch [5/10]:
                          learning rate : 0.001000
                          test acc/top1 : 69.41%
                          test acc/top5 : 96.57%
                          test loss : 0.94
                          train loss : 0.37 
                          time taken : 371.72 
Client 35 Linear evaluating centralized model
Client 35 Epoch [10/10]:
                          learning rate : 0.001000
                          test acc/top1 : 69.65%
                          test acc/top5 : 96.81%
                          test loss : 0.94
                          train loss : 0.40 
                          time taken : 332.85 
Training complete best top1/top5: 69.65%/96.81%
Client -1 Linear evaluating centralized model
#######################################################
 
Avg Validation Stats after 37 global rounds
Validation Loss     : 2.12
Validation Accuracy : top1/top5 67.48%/94.66%

#######################################################
model saved at ./checkpoints/centralized_noniid_bn_fedprox.pth.tar
Client 22 Linear evaluating centralized model
Client 22 Epoch [5/10]:
                          learning rate : 0.001000
                          test acc/top1 : 69.55%
                          test acc/top5 : 96.85%
                          test loss : 0.95
                          train loss : 0.37 
                          time taken : 334.88 
Client 22 Linear evaluating centralized model
Client 22 Epoch [10/10]:
                          learning rate : 0.001000
                          test acc/top1 : 68.49%
                          test acc/top5 : 96.37%
                          test loss : 0.97
                          train loss : 0.52 
                          time taken : 303.25 
Training complete best top1/top5: 68.49%/96.37%
Client -1 Linear evaluating centralized model
#######################################################
 
Avg Validation Stats after 38 global rounds
Validation Loss     : 2.23
Validation Accuracy : top1/top5 64.88%/94.13%

#######################################################
model saved at ./checkpoints/centralized_noniid_bn_fedprox.pth.tar
Client 74 Linear evaluating centralized model
Client 74 Epoch [5/10]:
                          learning rate : 0.001000
                          test acc/top1 : 68.91%
                          test acc/top5 : 96.71%
                          test loss : 0.96
                          train loss : 0.36 
                          time taken : 367.14 
Client 74 Linear evaluating centralized model
Client 74 Epoch [10/10]:
                          learning rate : 0.001000
                          test acc/top1 : 69.17%
                          test acc/top5 : 96.43%
                          test loss : 0.95
                          train loss : 0.44 
                          time taken : 321.59 
Training complete best top1/top5: 69.17%/96.43%
Client -1 Linear evaluating centralized model
#######################################################
 
Avg Validation Stats after 39 global rounds
Validation Loss     : 2.31
Validation Accuracy : top1/top5 66.17%/93.77%

#######################################################
model saved at ./checkpoints/centralized_noniid_bn_fedprox.pth.tar
Client 17 Linear evaluating centralized model
Client 17 Epoch [5/10]:
                          learning rate : 0.001000
                          test acc/top1 : 69.87%
                          test acc/top5 : 96.37%
                          test loss : 0.94
                          train loss : 0.39 
                          time taken : 372.01 
Client 17 Linear evaluating centralized model
Client 17 Epoch [10/10]:
                          learning rate : 0.001000
                          test acc/top1 : 69.51%
                          test acc/top5 : 96.47%
                          test loss : 0.95
                          train loss : 0.44 
                          time taken : 347.04 
Training complete best top1/top5: 69.51%/96.47%
Client -1 Linear evaluating centralized model
#######################################################
 
Avg Validation Stats after 40 global rounds
Validation Loss     : 2.20
Validation Accuracy : top1/top5 67.02%/94.09%

#######################################################
model saved at ./checkpoints/centralized_noniid_bn_fedprox.pth.tar
Client 8 Linear evaluating centralized model
Client 8 Epoch [5/10]:
                          learning rate : 0.001000
                          test acc/top1 : 68.83%
                          test acc/top5 : 96.77%
                          test loss : 0.95
                          train loss : 0.45 
                          time taken : 355.39 
Client 8 Linear evaluating centralized model
Client 8 Epoch [10/10]:
                          learning rate : 0.001000
                          test acc/top1 : 70.13%
                          test acc/top5 : 96.79%
                          test loss : 0.93
                          train loss : 0.34 
                          time taken : 372.08 
Training complete best top1/top5: 70.13%/96.79%
Client -1 Linear evaluating centralized model
#######################################################
 
Avg Validation Stats after 41 global rounds
Validation Loss     : 2.17
Validation Accuracy : top1/top5 67.59%/94.19%

#######################################################
model saved at ./checkpoints/centralized_noniid_bn_fedprox.pth.tar
Client 73 Linear evaluating centralized model
Client 73 Epoch [5/10]:
                          learning rate : 0.001000
                          test acc/top1 : 69.51%
                          test acc/top5 : 96.81%
                          test loss : 0.97
                          train loss : 0.37 
                          time taken : 341.81 
Client 73 Linear evaluating centralized model
Client 73 Epoch [10/10]:
                          learning rate : 0.001000
                          test acc/top1 : 70.09%
                          test acc/top5 : 97.04%
                          test loss : 0.93
                          train loss : 0.38 
                          time taken : 374.01 
Training complete best top1/top5: 70.09%/97.04%
Client -1 Linear evaluating centralized model
#######################################################
 
Avg Validation Stats after 42 global rounds
Validation Loss     : 2.36
Validation Accuracy : top1/top5 65.35%/94.65%

#######################################################
model saved at ./checkpoints/centralized_noniid_bn_fedprox.pth.tar
Client 73 Linear evaluating centralized model
Client 73 Epoch [5/10]:
                          learning rate : 0.001000
                          test acc/top1 : 70.37%
                          test acc/top5 : 97.02%
                          test loss : 0.92
                          train loss : 0.33 
                          time taken : 276.94 
Client 73 Linear evaluating centralized model
Client 73 Epoch [10/10]:
                          learning rate : 0.001000
                          test acc/top1 : 69.39%
                          test acc/top5 : 96.77%
                          test loss : 0.98
                          train loss : 0.42 
                          time taken : 352.20 
Training complete best top1/top5: 69.39%/96.77%
Client -1 Linear evaluating centralized model
#######################################################
 
Avg Validation Stats after 43 global rounds
Validation Loss     : 2.32
Validation Accuracy : top1/top5 66.45%/94.39%

#######################################################
model saved at ./checkpoints/centralized_noniid_bn_fedprox.pth.tar
Client 37 Linear evaluating centralized model
Client 37 Epoch [5/10]:
                          learning rate : 0.001000
                          test acc/top1 : 69.07%
                          test acc/top5 : 96.55%
                          test loss : 0.95
                          train loss : 0.40 
                          time taken : 295.63 
Client 37 Linear evaluating centralized model
Client 37 Epoch [10/10]:
                          learning rate : 0.001000
                          test acc/top1 : 69.69%
                          test acc/top5 : 96.35%
                          test loss : 0.96
                          train loss : 0.35 
                          time taken : 344.81 
Training complete best top1/top5: 69.69%/96.35%
Client -1 Linear evaluating centralized model
#######################################################
 
Avg Validation Stats after 44 global rounds
Validation Loss     : 2.28
Validation Accuracy : top1/top5 66.23%/94.16%

#######################################################
model saved at ./checkpoints/centralized_noniid_bn_fedprox.pth.tar
Client 90 Linear evaluating centralized model
Client 90 Epoch [5/10]:
                          learning rate : 0.001000
                          test acc/top1 : 70.49%
                          test acc/top5 : 96.67%
                          test loss : 0.92
                          train loss : 0.36 
                          time taken : 328.82 
Client 90 Linear evaluating centralized model
Client 90 Epoch [10/10]:
                          learning rate : 0.001000
                          test acc/top1 : 70.57%
                          test acc/top5 : 96.29%
                          test loss : 0.91
                          train loss : 0.40 
                          time taken : 289.03 
Training complete best top1/top5: 70.57%/96.29%
Client -1 Linear evaluating centralized model
#######################################################
 
Avg Validation Stats after 45 global rounds
Validation Loss     : 2.10
Validation Accuracy : top1/top5 67.67%/94.73%

#######################################################
model saved at ./checkpoints/centralized_noniid_bn_fedprox.pth.tar
Client 36 Linear evaluating centralized model
Client 36 Epoch [5/10]:
                          learning rate : 0.001000
                          test acc/top1 : 69.47%
                          test acc/top5 : 96.83%
                          test loss : 0.96
                          train loss : 0.32 
                          time taken : 372.86 
Client 36 Linear evaluating centralized model
Client 36 Epoch [10/10]:
                          learning rate : 0.001000
                          test acc/top1 : 69.53%
                          test acc/top5 : 96.81%
                          test loss : 0.93
                          train loss : 0.36 
                          time taken : 319.84 
Training complete best top1/top5: 69.53%/96.81%
Client -1 Linear evaluating centralized model
#######################################################
 
Avg Validation Stats after 46 global rounds
Validation Loss     : 2.09
Validation Accuracy : top1/top5 68.49%/94.88%

#######################################################
model saved at ./checkpoints/centralized_noniid_bn_fedprox.pth.tar
Client 37 Linear evaluating centralized model
Client 37 Epoch [5/10]:
                          learning rate : 0.001000
                          test acc/top1 : 70.11%
                          test acc/top5 : 96.67%
                          test loss : 0.94
                          train loss : 0.28 
                          time taken : 384.26 
Client 37 Linear evaluating centralized model
Client 37 Epoch [10/10]:
                          learning rate : 0.001000
                          test acc/top1 : 69.67%
                          test acc/top5 : 96.77%
                          test loss : 0.95
                          train loss : 0.43 
                          time taken : 302.23 
Training complete best top1/top5: 69.67%/96.77%
Client -1 Linear evaluating centralized model
#######################################################
 
Avg Validation Stats after 47 global rounds
Validation Loss     : 2.16
Validation Accuracy : top1/top5 67.46%/95.07%

#######################################################
model saved at ./checkpoints/centralized_noniid_bn_fedprox.pth.tar
Client 5 Linear evaluating centralized model
Client 5 Epoch [5/10]:
                          learning rate : 0.001000
                          test acc/top1 : 70.03%
                          test acc/top5 : 96.81%
                          test loss : 0.95
                          train loss : 0.28 
                          time taken : 338.54 
Client 5 Linear evaluating centralized model
Client 5 Epoch [10/10]:
                          learning rate : 0.001000
                          test acc/top1 : 69.85%
                          test acc/top5 : 96.61%
                          test loss : 0.94
                          train loss : 0.32 
                          time taken : 316.11 
Training complete best top1/top5: 69.85%/96.61%
Client -1 Linear evaluating centralized model
#######################################################
 
Avg Validation Stats after 48 global rounds
Validation Loss     : 2.20
Validation Accuracy : top1/top5 68.20%/95.10%

#######################################################
model saved at ./checkpoints/centralized_noniid_bn_fedprox.pth.tar
Client 63 Linear evaluating centralized model
Client 63 Epoch [5/10]:
                          learning rate : 0.001000
                          test acc/top1 : 69.37%
                          test acc/top5 : 96.63%
                          test loss : 0.95
                          train loss : 0.31 
                          time taken : 321.17 
Client 63 Linear evaluating centralized model
Client 63 Epoch [10/10]:
                          learning rate : 0.001000
                          test acc/top1 : 70.21%
                          test acc/top5 : 96.61%
                          test loss : 0.95
                          train loss : 0.43 
                          time taken : 351.27 
Training complete best top1/top5: 70.21%/96.61%
Client -1 Linear evaluating centralized model
#######################################################
 
Avg Validation Stats after 49 global rounds
Validation Loss     : 2.30
Validation Accuracy : top1/top5 67.77%/94.24%

#######################################################
model saved at ./checkpoints/centralized_noniid_bn_fedprox.pth.tar
Client 34 Linear evaluating centralized model
Client 34 Epoch [5/10]:
                          learning rate : 0.001000
                          test acc/top1 : 70.11%
                          test acc/top5 : 96.90%
                          test loss : 0.97
                          train loss : 0.37 
                          time taken : 297.27 
Client 34 Linear evaluating centralized model
Client 34 Epoch [10/10]:
                          learning rate : 0.001000
                          test acc/top1 : 69.95%
                          test acc/top5 : 96.45%
                          test loss : 0.95
                          train loss : 0.41 
                          time taken : 342.37 
Training complete best top1/top5: 69.95%/96.45%
Client -1 Linear evaluating centralized model
#######################################################
 
Avg Validation Stats after 50 global rounds
Validation Loss     : 2.17
Validation Accuracy : top1/top5 67.46%/94.18%

#######################################################
model saved at ./checkpoints/centralized_noniid_bn_fedprox.pth.tar
Client 26 Linear evaluating centralized model
Client 26 Epoch [5/10]:
                          learning rate : 0.001000
                          test acc/top1 : 69.67%
                          test acc/top5 : 96.81%
                          test loss : 0.92
                          train loss : 0.34 
                          time taken : 292.18 
Client 26 Linear evaluating centralized model
Client 26 Epoch [10/10]:
                          learning rate : 0.001000
                          test acc/top1 : 70.17%
                          test acc/top5 : 97.02%
                          test loss : 0.95
                          train loss : 0.40 
                          time taken : 401.12 
Training complete best top1/top5: 70.17%/97.02%
Client -1 Linear evaluating centralized model
#######################################################
 
Avg Validation Stats after 51 global rounds
Validation Loss     : 2.19
Validation Accuracy : top1/top5 67.11%/94.21%

#######################################################
model saved at ./checkpoints/centralized_noniid_bn_fedprox.pth.tar
Client 13 Linear evaluating centralized model
Client 13 Epoch [5/10]:
                          learning rate : 0.001000
                          test acc/top1 : 70.35%
                          test acc/top5 : 97.08%
                          test loss : 0.92
                          train loss : 0.29 
                          time taken : 306.73 
Client 13 Linear evaluating centralized model
Client 13 Epoch [10/10]:
                          learning rate : 0.001000
                          test acc/top1 : 70.29%
                          test acc/top5 : 96.81%
                          test loss : 0.91
                          train loss : 0.40 
                          time taken : 347.97 
Training complete best top1/top5: 70.29%/96.81%
Client -1 Linear evaluating centralized model
#######################################################
 
Avg Validation Stats after 52 global rounds
Validation Loss     : 2.17
Validation Accuracy : top1/top5 67.41%/95.18%

#######################################################
model saved at ./checkpoints/centralized_noniid_bn_fedprox.pth.tar
Client 78 Linear evaluating centralized model
Client 78 Epoch [5/10]:
                          learning rate : 0.001000
                          test acc/top1 : 70.15%
                          test acc/top5 : 96.27%
                          test loss : 0.96
                          train loss : 0.38 
                          time taken : 357.64 
Client 78 Linear evaluating centralized model
Client 78 Epoch [10/10]:
                          learning rate : 0.001000
                          test acc/top1 : 69.89%
                          test acc/top5 : 96.85%
                          test loss : 0.99
                          train loss : 0.60 
                          time taken : 338.65 
Training complete best top1/top5: 69.89%/96.85%
Client -1 Linear evaluating centralized model
#######################################################
 
Avg Validation Stats after 53 global rounds
Validation Loss     : 2.15
Validation Accuracy : top1/top5 67.17%/94.70%

#######################################################
model saved at ./checkpoints/centralized_noniid_bn_fedprox.pth.tar
Client 95 Linear evaluating centralized model
Client 95 Epoch [5/10]:
                          learning rate : 0.001000
                          test acc/top1 : 69.71%
                          test acc/top5 : 96.35%
                          test loss : 0.98
                          train loss : 0.26 
                          time taken : 359.57 
Client 95 Linear evaluating centralized model
Client 95 Epoch [10/10]:
                          learning rate : 0.001000
                          test acc/top1 : 70.15%
                          test acc/top5 : 96.53%
                          test loss : 0.96
                          train loss : 0.32 
                          time taken : 291.42 
Training complete best top1/top5: 70.15%/96.53%
Client -1 Linear evaluating centralized model
#######################################################
 
Avg Validation Stats after 54 global rounds
Validation Loss     : 2.20
Validation Accuracy : top1/top5 67.39%/94.14%

#######################################################
model saved at ./checkpoints/centralized_noniid_bn_fedprox.pth.tar
Client 20 Linear evaluating centralized model
Client 20 Epoch [5/10]:
                          learning rate : 0.001000
                          test acc/top1 : 70.21%
                          test acc/top5 : 96.47%
                          test loss : 0.95
                          train loss : 0.37 
                          time taken : 351.31 
Client 20 Linear evaluating centralized model
Client 20 Epoch [10/10]:
                          learning rate : 0.001000
                          test acc/top1 : 70.37%
                          test acc/top5 : 96.87%
                          test loss : 0.92
                          train loss : 0.40 
                          time taken : 277.77 
Training complete best top1/top5: 70.37%/96.87%
Client -1 Linear evaluating centralized model
#######################################################
 
Avg Validation Stats after 55 global rounds
Validation Loss     : 2.30
Validation Accuracy : top1/top5 67.23%/95.08%

#######################################################
model saved at ./checkpoints/centralized_noniid_bn_fedprox.pth.tar
Client 57 Linear evaluating centralized model
Client 57 Epoch [5/10]:
                          learning rate : 0.001000
                          test acc/top1 : 70.83%
                          test acc/top5 : 96.63%
                          test loss : 0.94
                          train loss : 0.28 
                          time taken : 351.76 
Client 57 Linear evaluating centralized model
Client 57 Epoch [10/10]:
                          learning rate : 0.001000
                          test acc/top1 : 70.91%
                          test acc/top5 : 96.55%
                          test loss : 0.93
                          train loss : 0.54 
                          time taken : 285.50 
Training complete best top1/top5: 70.91%/96.55%
Client -1 Linear evaluating centralized model
#######################################################
 
Avg Validation Stats after 56 global rounds
Validation Loss     : 2.21
Validation Accuracy : top1/top5 67.42%/94.38%

#######################################################
model saved at ./checkpoints/centralized_noniid_bn_fedprox.pth.tar
Client 79 Linear evaluating centralized model
Client 79 Epoch [5/10]:
                          learning rate : 0.001000
                          test acc/top1 : 70.83%
                          test acc/top5 : 96.79%
                          test loss : 0.92
                          train loss : 0.26 
                          time taken : 346.81 
Client 79 Linear evaluating centralized model
Client 79 Epoch [10/10]:
                          learning rate : 0.001000
                          test acc/top1 : 70.95%
                          test acc/top5 : 96.88%
                          test loss : 0.92
                          train loss : 0.33 
                          time taken : 385.61 
Training complete best top1/top5: 70.95%/96.88%
Client -1 Linear evaluating centralized model
#######################################################
 
Avg Validation Stats after 57 global rounds
Validation Loss     : 2.30
Validation Accuracy : top1/top5 67.26%/94.35%

#######################################################
model saved at ./checkpoints/centralized_noniid_bn_fedprox.pth.tar
Client 91 Linear evaluating centralized model
Client 91 Epoch [5/10]:
                          learning rate : 0.001000
                          test acc/top1 : 69.47%
                          test acc/top5 : 97.00%
                          test loss : 0.93
                          train loss : 0.31 
                          time taken : 285.52 
Client 91 Linear evaluating centralized model
Client 91 Epoch [10/10]:
                          learning rate : 0.001000
                          test acc/top1 : 69.81%
                          test acc/top5 : 96.83%
                          test loss : 0.94
                          train loss : 0.40 
                          time taken : 300.80 
Training complete best top1/top5: 69.81%/96.83%
Client -1 Linear evaluating centralized model
#######################################################
 
Avg Validation Stats after 58 global rounds
Validation Loss     : 2.17
Validation Accuracy : top1/top5 69.20%/95.26%

#######################################################
model saved at ./checkpoints/centralized_noniid_bn_fedprox.pth.tar
Client 0 Linear evaluating centralized model
Client 0 Epoch [5/10]:
                          learning rate : 0.001000
                          test acc/top1 : 69.81%
                          test acc/top5 : 96.57%
                          test loss : 0.94
                          train loss : 0.25 
                          time taken : 306.95 
Client 0 Linear evaluating centralized model
Client 0 Epoch [10/10]:
                          learning rate : 0.001000
                          test acc/top1 : 69.67%
                          test acc/top5 : 96.57%
                          test loss : 0.93
                          train loss : 0.43 
                          time taken : 393.97 
Training complete best top1/top5: 69.67%/96.57%
Client -1 Linear evaluating centralized model
#######################################################
 
Avg Validation Stats after 59 global rounds
Validation Loss     : 2.29
Validation Accuracy : top1/top5 67.90%/94.25%

#######################################################
model saved at ./checkpoints/centralized_noniid_bn_fedprox.pth.tar
Client 66 Linear evaluating centralized model
Client 66 Epoch [5/10]:
                          learning rate : 0.001000
                          test acc/top1 : 70.21%
                          test acc/top5 : 96.69%
                          test loss : 0.92
                          train loss : 0.29 
                          time taken : 295.64 
Client 66 Linear evaluating centralized model
Client 66 Epoch [10/10]:
                          learning rate : 0.001000
                          test acc/top1 : 69.85%
                          test acc/top5 : 96.87%
                          test loss : 0.96
                          train loss : 0.37 
                          time taken : 357.23 
Training complete best top1/top5: 69.85%/96.87%
Client -1 Linear evaluating centralized model
#######################################################
 
Avg Validation Stats after 60 global rounds
Validation Loss     : 2.41
Validation Accuracy : top1/top5 67.09%/94.75%

#######################################################
model saved at ./checkpoints/centralized_noniid_bn_fedprox.pth.tar
Client 73 Linear evaluating centralized model
Client 73 Epoch [5/10]:
                          learning rate : 0.001000
                          test acc/top1 : 70.59%
                          test acc/top5 : 96.87%
                          test loss : 0.94
                          train loss : 0.28 
                          time taken : 367.15 
Client 73 Linear evaluating centralized model
Client 73 Epoch [10/10]:
                          learning rate : 0.001000
                          test acc/top1 : 70.61%
                          test acc/top5 : 96.67%
                          test loss : 0.95
                          train loss : 0.41 
                          time taken : 301.96 
Training complete best top1/top5: 70.61%/96.67%
Client -1 Linear evaluating centralized model
#######################################################
 
Avg Validation Stats after 61 global rounds
Validation Loss     : 2.35
Validation Accuracy : top1/top5 67.37%/94.40%

#######################################################
model saved at ./checkpoints/centralized_noniid_bn_fedprox.pth.tar
slurmstepd: error: *** JOB 171642 ON b01 CANCELLED AT 2022-08-30T14:21:45 DUE TO TIME LIMIT ***
