wandb: Currently logged in as: crazyboy9103. Use `wandb login --relogin` to force relogin
wandb: wandb version 0.13.2 is available!  To upgrade, please run:
wandb:  $ pip install wandb --upgrade
wandb: Tracking run with wandb version 0.13.1
wandb: Run data is saved locally in /home/kwangyeongill/FedSSL_clean/wandb/run-20220823_191034-20220823_191031
wandb: Run `wandb offline` to turn off syncing.
wandb: Syncing run centralized_iid_bn_fedavg
wandb: ⭐️ View project at https://wandb.ai/crazyboy9103/Fed
wandb: 🚀 View run at https://wandb.ai/crazyboy9103/Fed/runs/20220823_191031
Files already downloaded and verified
Files already downloaded and verified
Client 56 Linear evaluating centralized model
Client 56 Epoch [5/10]:
                          learning rate : 0.001000
                          test acc/top1 : 48.10%
                          test acc/top5 : 91.47%
                          test loss : 1.46
                          train loss : 1.43 
                          time taken : 180.48 
Client 56 Linear evaluating centralized model
Client 56 Epoch [10/10]:
                          learning rate : 0.001000
                          test acc/top1 : 49.72%
                          test acc/top5 : 91.81%
                          test loss : 1.45
                          train loss : 0.78 
                          time taken : 177.44 
Training complete best top1/top5: 49.72%/91.81%
Client -1 Linear evaluating centralized model
#######################################################
 
Avg Validation Stats after 1 global rounds
Validation Loss     : 1.77
Validation Accuracy : top1/top5 47.21%/90.76%

#######################################################
model saved at ./checkpoints/centralized_iid_bn_fedavg.pth.tar
Client 3 Linear evaluating centralized model
Client 3 Epoch [5/10]:
                          learning rate : 0.001000
                          test acc/top1 : 53.12%
                          test acc/top5 : 93.01%
                          test loss : 1.34
                          train loss : 0.60 
                          time taken : 180.50 
Client 3 Linear evaluating centralized model
Client 3 Epoch [10/10]:
                          learning rate : 0.001000
                          test acc/top1 : 53.35%
                          test acc/top5 : 92.83%
                          test loss : 1.33
                          train loss : 0.23 
                          time taken : 171.63 
Training complete best top1/top5: 53.35%/92.83%
Client -1 Linear evaluating centralized model
#######################################################
 
Avg Validation Stats after 2 global rounds
Validation Loss     : 1.93
Validation Accuracy : top1/top5 51.52%/91.72%

#######################################################
model saved at ./checkpoints/centralized_iid_bn_fedavg.pth.tar
Client 8 Linear evaluating centralized model
Client 8 Epoch [5/10]:
                          learning rate : 0.001000
                          test acc/top1 : 56.11%
                          test acc/top5 : 93.99%
                          test loss : 1.24
                          train loss : 0.30 
                          time taken : 178.57 
Client 8 Linear evaluating centralized model
Client 8 Epoch [10/10]:
                          learning rate : 0.001000
                          test acc/top1 : 55.83%
                          test acc/top5 : 94.03%
                          test loss : 1.26
                          train loss : 0.14 
                          time taken : 174.64 
Training complete best top1/top5: 55.83%/94.03%
Client -1 Linear evaluating centralized model
#######################################################
 
Avg Validation Stats after 3 global rounds
Validation Loss     : 2.06
Validation Accuracy : top1/top5 55.24%/92.88%

#######################################################
model saved at ./checkpoints/centralized_iid_bn_fedavg.pth.tar
Client 55 Linear evaluating centralized model
Client 55 Epoch [5/10]:
                          learning rate : 0.001000
                          test acc/top1 : 58.89%
                          test acc/top5 : 94.81%
                          test loss : 1.20
                          train loss : 0.28 
                          time taken : 199.99 
Client 55 Linear evaluating centralized model
Client 55 Epoch [10/10]:
                          learning rate : 0.001000
                          test acc/top1 : 58.77%
                          test acc/top5 : 94.47%
                          test loss : 1.22
                          train loss : 0.16 
                          time taken : 210.76 
Training complete best top1/top5: 58.77%/94.47%
Client -1 Linear evaluating centralized model
#######################################################
 
Avg Validation Stats after 4 global rounds
Validation Loss     : 1.93
Validation Accuracy : top1/top5 56.30%/93.18%

#######################################################
model saved at ./checkpoints/centralized_iid_bn_fedavg.pth.tar
Client 1 Linear evaluating centralized model
Client 1 Epoch [5/10]:
                          learning rate : 0.001000
                          test acc/top1 : 60.56%
                          test acc/top5 : 94.51%
                          test loss : 1.16
                          train loss : 0.18 
                          time taken : 203.04 
Client 1 Linear evaluating centralized model
Client 1 Epoch [10/10]:
                          learning rate : 0.001000
                          test acc/top1 : 59.76%
                          test acc/top5 : 94.29%
                          test loss : 1.19
                          train loss : 0.11 
                          time taken : 207.64 
Training complete best top1/top5: 59.76%/94.29%
Client -1 Linear evaluating centralized model
#######################################################
 
Avg Validation Stats after 5 global rounds
Validation Loss     : 1.94
Validation Accuracy : top1/top5 59.12%/92.88%

#######################################################
model saved at ./checkpoints/centralized_iid_bn_fedavg.pth.tar
Client 13 Linear evaluating centralized model
Client 13 Epoch [5/10]:
                          learning rate : 0.001000
                          test acc/top1 : 61.44%
                          test acc/top5 : 95.21%
                          test loss : 1.16
                          train loss : 0.14 
                          time taken : 211.70 
Client 13 Linear evaluating centralized model
Client 13 Epoch [10/10]:
                          learning rate : 0.001000
                          test acc/top1 : 60.28%
                          test acc/top5 : 94.43%
                          test loss : 1.19
                          train loss : 0.11 
                          time taken : 206.08 
Training complete best top1/top5: 60.28%/94.43%
Client -1 Linear evaluating centralized model
#######################################################
 
Avg Validation Stats after 6 global rounds
Validation Loss     : 2.04
Validation Accuracy : top1/top5 59.24%/93.60%

#######################################################
model saved at ./checkpoints/centralized_iid_bn_fedavg.pth.tar
Client 21 Linear evaluating centralized model
Client 21 Epoch [5/10]:
                          learning rate : 0.001000
                          test acc/top1 : 62.72%
                          test acc/top5 : 95.49%
                          test loss : 1.11
                          train loss : 0.12 
                          time taken : 211.00 
Client 21 Linear evaluating centralized model
Client 21 Epoch [10/10]:
                          learning rate : 0.001000
                          test acc/top1 : 61.66%
                          test acc/top5 : 95.51%
                          test loss : 1.18
                          train loss : 0.10 
                          time taken : 207.03 
Training complete best top1/top5: 61.66%/95.51%
Client -1 Linear evaluating centralized model
#######################################################
 
Avg Validation Stats after 7 global rounds
Validation Loss     : 2.05
Validation Accuracy : top1/top5 60.37%/93.33%

#######################################################
model saved at ./checkpoints/centralized_iid_bn_fedavg.pth.tar
Client 78 Linear evaluating centralized model
Client 78 Epoch [5/10]:
                          learning rate : 0.001000
                          test acc/top1 : 63.10%
                          test acc/top5 : 95.99%
                          test loss : 1.09
                          train loss : 0.11 
                          time taken : 212.77 
Client 78 Linear evaluating centralized model
Client 78 Epoch [10/10]:
                          learning rate : 0.001000
                          test acc/top1 : 61.06%
                          test acc/top5 : 95.05%
                          test loss : 1.16
                          train loss : 0.10 
                          time taken : 207.04 
Training complete best top1/top5: 61.06%/95.05%
Client -1 Linear evaluating centralized model
#######################################################
 
Avg Validation Stats after 8 global rounds
Validation Loss     : 1.99
Validation Accuracy : top1/top5 60.20%/94.33%

#######################################################
model saved at ./checkpoints/centralized_iid_bn_fedavg.pth.tar
Client 36 Linear evaluating centralized model
Client 36 Epoch [5/10]:
                          learning rate : 0.001000
                          test acc/top1 : 62.76%
                          test acc/top5 : 95.21%
                          test loss : 1.12
                          train loss : 0.09 
                          time taken : 205.17 
Client 36 Linear evaluating centralized model
Client 36 Epoch [10/10]:
                          learning rate : 0.001000
                          test acc/top1 : 62.22%
                          test acc/top5 : 94.83%
                          test loss : 1.17
                          train loss : 0.07 
                          time taken : 202.55 
Training complete best top1/top5: 62.22%/94.83%
Client -1 Linear evaluating centralized model
#######################################################
 
Avg Validation Stats after 9 global rounds
Validation Loss     : 2.13
Validation Accuracy : top1/top5 61.44%/93.55%

#######################################################
model saved at ./checkpoints/centralized_iid_bn_fedavg.pth.tar
Client 1 Linear evaluating centralized model
Client 1 Epoch [5/10]:
                          learning rate : 0.001000
                          test acc/top1 : 64.02%
                          test acc/top5 : 95.57%
                          test loss : 1.11
                          train loss : 0.10 
                          time taken : 214.31 
Client 1 Linear evaluating centralized model
Client 1 Epoch [10/10]:
                          learning rate : 0.001000
                          test acc/top1 : 62.94%
                          test acc/top5 : 95.63%
                          test loss : 1.13
                          train loss : 0.07 
                          time taken : 201.99 
Training complete best top1/top5: 62.94%/95.63%
Client -1 Linear evaluating centralized model
#######################################################
 
Avg Validation Stats after 10 global rounds
Validation Loss     : 1.89
Validation Accuracy : top1/top5 62.13%/94.13%

#######################################################
model saved at ./checkpoints/centralized_iid_bn_fedavg.pth.tar
Client 72 Linear evaluating centralized model
Client 72 Epoch [5/10]:
                          learning rate : 0.001000
                          test acc/top1 : 63.18%
                          test acc/top5 : 95.45%
                          test loss : 1.13
                          train loss : 0.04 
                          time taken : 198.40 
Client 72 Linear evaluating centralized model
Client 72 Epoch [10/10]:
                          learning rate : 0.001000
                          test acc/top1 : 64.80%
                          test acc/top5 : 95.67%
                          test loss : 1.10
                          train loss : 0.02 
                          time taken : 191.59 
Training complete best top1/top5: 64.80%/95.67%
Client -1 Linear evaluating centralized model
#######################################################
 
Avg Validation Stats after 11 global rounds
Validation Loss     : 1.85
Validation Accuracy : top1/top5 64.48%/94.22%

#######################################################
model saved at ./checkpoints/centralized_iid_bn_fedavg.pth.tar
Client 85 Linear evaluating centralized model
Client 85 Epoch [5/10]:
                          learning rate : 0.001000
                          test acc/top1 : 65.56%
                          test acc/top5 : 95.67%
                          test loss : 1.07
                          train loss : 0.06 
                          time taken : 204.77 
Client 85 Linear evaluating centralized model
Client 85 Epoch [10/10]:
                          learning rate : 0.001000
                          test acc/top1 : 63.18%
                          test acc/top5 : 95.41%
                          test loss : 1.15
                          train loss : 0.06 
                          time taken : 203.73 
Training complete best top1/top5: 63.18%/95.41%
Client -1 Linear evaluating centralized model
#######################################################
 
Avg Validation Stats after 12 global rounds
Validation Loss     : 1.89
Validation Accuracy : top1/top5 62.34%/93.75%

#######################################################
model saved at ./checkpoints/centralized_iid_bn_fedavg.pth.tar
Client 45 Linear evaluating centralized model
Client 45 Epoch [5/10]:
                          learning rate : 0.001000
                          test acc/top1 : 63.60%
                          test acc/top5 : 95.81%
                          test loss : 1.13
                          train loss : 0.07 
                          time taken : 209.21 
Client 45 Linear evaluating centralized model
Client 45 Epoch [10/10]:
                          learning rate : 0.001000
                          test acc/top1 : 64.00%
                          test acc/top5 : 96.15%
                          test loss : 1.13
                          train loss : 0.08 
                          time taken : 218.87 
Training complete best top1/top5: 64.00%/96.15%
Client -1 Linear evaluating centralized model
#######################################################
 
Avg Validation Stats after 13 global rounds
Validation Loss     : 1.83
Validation Accuracy : top1/top5 63.80%/94.63%

#######################################################
model saved at ./checkpoints/centralized_iid_bn_fedavg.pth.tar
Client 7 Linear evaluating centralized model
Client 7 Epoch [5/10]:
                          learning rate : 0.001000
                          test acc/top1 : 64.56%
                          test acc/top5 : 95.59%
                          test loss : 1.11
                          train loss : 0.05 
                          time taken : 194.29 
Client 7 Linear evaluating centralized model
Client 7 Epoch [10/10]:
                          learning rate : 0.001000
                          test acc/top1 : 64.14%
                          test acc/top5 : 95.63%
                          test loss : 1.11
                          train loss : 0.07 
                          time taken : 202.91 
Training complete best top1/top5: 64.14%/95.63%
Client -1 Linear evaluating centralized model
#######################################################
 
Avg Validation Stats after 14 global rounds
Validation Loss     : 1.79
Validation Accuracy : top1/top5 63.92%/94.89%

#######################################################
model saved at ./checkpoints/centralized_iid_bn_fedavg.pth.tar
Client 16 Linear evaluating centralized model
Client 16 Epoch [5/10]:
                          learning rate : 0.001000
                          test acc/top1 : 64.62%
                          test acc/top5 : 95.89%
                          test loss : 1.11
                          train loss : 0.06 
                          time taken : 204.04 
Client 16 Linear evaluating centralized model
Client 16 Epoch [10/10]:
                          learning rate : 0.001000
                          test acc/top1 : 63.12%
                          test acc/top5 : 95.43%
                          test loss : 1.15
                          train loss : 0.08 
                          time taken : 203.67 
Training complete best top1/top5: 63.12%/95.43%
Client -1 Linear evaluating centralized model
#######################################################
 
Avg Validation Stats after 15 global rounds
Validation Loss     : 1.94
Validation Accuracy : top1/top5 63.04%/93.70%

#######################################################
model saved at ./checkpoints/centralized_iid_bn_fedavg.pth.tar
Client 35 Linear evaluating centralized model
Client 35 Epoch [5/10]:
                          learning rate : 0.001000
                          test acc/top1 : 65.60%
                          test acc/top5 : 95.41%
                          test loss : 1.09
                          train loss : 0.04 
                          time taken : 201.91 
Client 35 Linear evaluating centralized model
Client 35 Epoch [10/10]:
                          learning rate : 0.001000
                          test acc/top1 : 64.92%
                          test acc/top5 : 95.09%
                          test loss : 1.13
                          train loss : 0.05 
                          time taken : 196.59 
Training complete best top1/top5: 64.92%/95.09%
Client -1 Linear evaluating centralized model
#######################################################
 
Avg Validation Stats after 16 global rounds
Validation Loss     : 1.80
Validation Accuracy : top1/top5 65.12%/94.35%

#######################################################
model saved at ./checkpoints/centralized_iid_bn_fedavg.pth.tar
Client 35 Linear evaluating centralized model
Client 35 Epoch [5/10]:
                          learning rate : 0.001000
                          test acc/top1 : 65.18%
                          test acc/top5 : 96.07%
                          test loss : 1.09
                          train loss : 0.04 
                          time taken : 205.86 
Client 35 Linear evaluating centralized model
Client 35 Epoch [10/10]:
                          learning rate : 0.001000
                          test acc/top1 : 64.28%
                          test acc/top5 : 95.79%
                          test loss : 1.15
                          train loss : 0.06 
                          time taken : 193.20 
Training complete best top1/top5: 64.28%/95.79%
Client -1 Linear evaluating centralized model
#######################################################
 
Avg Validation Stats after 17 global rounds
Validation Loss     : 1.85
Validation Accuracy : top1/top5 64.55%/94.76%

#######################################################
model saved at ./checkpoints/centralized_iid_bn_fedavg.pth.tar
Client 30 Linear evaluating centralized model
Client 30 Epoch [5/10]:
                          learning rate : 0.001000
                          test acc/top1 : 66.27%
                          test acc/top5 : 96.23%
                          test loss : 1.08
                          train loss : 0.04 
                          time taken : 204.45 
Client 30 Linear evaluating centralized model
Client 30 Epoch [10/10]:
                          learning rate : 0.001000
                          test acc/top1 : 64.72%
                          test acc/top5 : 95.79%
                          test loss : 1.15
                          train loss : 0.06 
                          time taken : 206.26 
Training complete best top1/top5: 64.72%/95.79%
Client -1 Linear evaluating centralized model
#######################################################
 
Avg Validation Stats after 18 global rounds
Validation Loss     : 1.83
Validation Accuracy : top1/top5 65.31%/94.62%

#######################################################
model saved at ./checkpoints/centralized_iid_bn_fedavg.pth.tar
Client 67 Linear evaluating centralized model
Client 67 Epoch [5/10]:
                          learning rate : 0.001000
                          test acc/top1 : 66.13%
                          test acc/top5 : 96.29%
                          test loss : 1.07
                          train loss : 0.04 
                          time taken : 204.27 
Client 67 Linear evaluating centralized model
Client 67 Epoch [10/10]:
                          learning rate : 0.001000
                          test acc/top1 : 63.48%
                          test acc/top5 : 95.25%
                          test loss : 1.18
                          train loss : 0.08 
                          time taken : 204.69 
Training complete best top1/top5: 63.48%/95.25%
Client -1 Linear evaluating centralized model
#######################################################
 
Avg Validation Stats after 19 global rounds
Validation Loss     : 1.80
Validation Accuracy : top1/top5 64.04%/94.32%

#######################################################
model saved at ./checkpoints/centralized_iid_bn_fedavg.pth.tar
Client 12 Linear evaluating centralized model
Client 12 Epoch [5/10]:
                          learning rate : 0.001000
                          test acc/top1 : 65.73%
                          test acc/top5 : 96.41%
                          test loss : 1.06
                          train loss : 0.02 
                          time taken : 205.44 
Client 12 Linear evaluating centralized model
Client 12 Epoch [10/10]:
                          learning rate : 0.001000
                          test acc/top1 : 65.16%
                          test acc/top5 : 95.83%
                          test loss : 1.13
                          train loss : 0.06 
                          time taken : 207.93 
Training complete best top1/top5: 65.16%/95.83%
Client -1 Linear evaluating centralized model
#######################################################
 
Avg Validation Stats after 20 global rounds
Validation Loss     : 1.83
Validation Accuracy : top1/top5 65.04%/94.30%

#######################################################
model saved at ./checkpoints/centralized_iid_bn_fedavg.pth.tar
Client 46 Linear evaluating centralized model
Client 46 Epoch [5/10]:
                          learning rate : 0.001000
                          test acc/top1 : 66.05%
                          test acc/top5 : 96.33%
                          test loss : 1.10
                          train loss : 0.03 
                          time taken : 207.78 
Client 46 Linear evaluating centralized model
Client 46 Epoch [10/10]:
                          learning rate : 0.001000
                          test acc/top1 : 64.64%
                          test acc/top5 : 95.25%
                          test loss : 1.18
                          train loss : 0.05 
                          time taken : 205.70 
Training complete best top1/top5: 64.64%/95.25%
Client -1 Linear evaluating centralized model
#######################################################
 
Avg Validation Stats after 21 global rounds
Validation Loss     : 1.94
Validation Accuracy : top1/top5 64.74%/94.31%

#######################################################
model saved at ./checkpoints/centralized_iid_bn_fedavg.pth.tar
Client 13 Linear evaluating centralized model
Client 13 Epoch [5/10]:
                          learning rate : 0.001000
                          test acc/top1 : 67.01%
                          test acc/top5 : 96.17%
                          test loss : 1.05
                          train loss : 0.02 
                          time taken : 209.25 
Client 13 Linear evaluating centralized model
Client 13 Epoch [10/10]:
                          learning rate : 0.001000
                          test acc/top1 : 65.52%
                          test acc/top5 : 95.35%
                          test loss : 1.18
                          train loss : 0.10 
                          time taken : 206.65 
Training complete best top1/top5: 65.52%/95.35%
Client -1 Linear evaluating centralized model
#######################################################
 
Avg Validation Stats after 22 global rounds
Validation Loss     : 1.95
Validation Accuracy : top1/top5 64.96%/94.33%

#######################################################
model saved at ./checkpoints/centralized_iid_bn_fedavg.pth.tar
Client 63 Linear evaluating centralized model
Client 63 Epoch [5/10]:
                          learning rate : 0.001000
                          test acc/top1 : 67.29%
                          test acc/top5 : 95.97%
                          test loss : 1.09
                          train loss : 0.02 
                          time taken : 204.94 
Client 63 Linear evaluating centralized model
Client 63 Epoch [10/10]:
                          learning rate : 0.001000
                          test acc/top1 : 65.38%
                          test acc/top5 : 95.91%
                          test loss : 1.15
                          train loss : 0.12 
                          time taken : 208.95 
Training complete best top1/top5: 65.38%/95.91%
Client -1 Linear evaluating centralized model
#######################################################
 
Avg Validation Stats after 23 global rounds
Validation Loss     : 1.74
Validation Accuracy : top1/top5 65.82%/95.37%

#######################################################
model saved at ./checkpoints/centralized_iid_bn_fedavg.pth.tar
Client 4 Linear evaluating centralized model
Client 4 Epoch [5/10]:
                          learning rate : 0.001000
                          test acc/top1 : 66.49%
                          test acc/top5 : 95.95%
                          test loss : 1.13
                          train loss : 0.03 
                          time taken : 202.69 
Client 4 Linear evaluating centralized model
Client 4 Epoch [10/10]:
                          learning rate : 0.001000
                          test acc/top1 : 65.99%
                          test acc/top5 : 96.25%
                          test loss : 1.18
                          train loss : 0.02 
                          time taken : 203.75 
Training complete best top1/top5: 65.99%/96.25%
Client -1 Linear evaluating centralized model
#######################################################
 
Avg Validation Stats after 24 global rounds
Validation Loss     : 1.89
Validation Accuracy : top1/top5 66.26%/94.79%

#######################################################
model saved at ./checkpoints/centralized_iid_bn_fedavg.pth.tar
Client 66 Linear evaluating centralized model
Client 66 Epoch [5/10]:
                          learning rate : 0.001000
                          test acc/top1 : 67.13%
                          test acc/top5 : 96.31%
                          test loss : 1.14
                          train loss : 0.03 
                          time taken : 203.24 
Client 66 Linear evaluating centralized model
Client 66 Epoch [10/10]:
                          learning rate : 0.001000
                          test acc/top1 : 65.50%
                          test acc/top5 : 95.85%
                          test loss : 1.25
                          train loss : 0.07 
                          time taken : 205.62 
Training complete best top1/top5: 65.50%/95.85%
Client -1 Linear evaluating centralized model
#######################################################
 
Avg Validation Stats after 25 global rounds
Validation Loss     : 2.06
Validation Accuracy : top1/top5 64.96%/95.10%

#######################################################
model saved at ./checkpoints/centralized_iid_bn_fedavg.pth.tar
Client 96 Linear evaluating centralized model
Client 96 Epoch [5/10]:
                          learning rate : 0.001000
                          test acc/top1 : 67.47%
                          test acc/top5 : 96.43%
                          test loss : 1.12
                          train loss : 0.01 
                          time taken : 200.47 
Client 96 Linear evaluating centralized model
Client 96 Epoch [10/10]:
                          learning rate : 0.001000
                          test acc/top1 : 65.20%
                          test acc/top5 : 96.13%
                          test loss : 1.26
                          train loss : 0.06 
                          time taken : 206.40 
Training complete best top1/top5: 65.20%/96.13%
Client -1 Linear evaluating centralized model
#######################################################
 
Avg Validation Stats after 26 global rounds
Validation Loss     : 2.09
Validation Accuracy : top1/top5 64.79%/95.15%

#######################################################
model saved at ./checkpoints/centralized_iid_bn_fedavg.pth.tar
Client 88 Linear evaluating centralized model
Client 88 Epoch [5/10]:
                          learning rate : 0.001000
                          test acc/top1 : 66.05%
                          test acc/top5 : 96.31%
                          test loss : 1.16
                          train loss : 0.02 
                          time taken : 203.78 
Client 88 Linear evaluating centralized model
Client 88 Epoch [10/10]:
                          learning rate : 0.001000
                          test acc/top1 : 65.85%
                          test acc/top5 : 96.13%
                          test loss : 1.22
                          train loss : 0.05 
                          time taken : 202.85 
Training complete best top1/top5: 65.85%/96.13%
Client -1 Linear evaluating centralized model
#######################################################
 
Avg Validation Stats after 27 global rounds
Validation Loss     : 1.94
Validation Accuracy : top1/top5 64.82%/95.23%

#######################################################
model saved at ./checkpoints/centralized_iid_bn_fedavg.pth.tar
Client 9 Linear evaluating centralized model
Client 9 Epoch [5/10]:
                          learning rate : 0.001000
                          test acc/top1 : 66.85%
                          test acc/top5 : 96.49%
                          test loss : 1.13
                          train loss : 0.04 
                          time taken : 207.19 
Client 9 Linear evaluating centralized model
Client 9 Epoch [10/10]:
                          learning rate : 0.001000
                          test acc/top1 : 66.17%
                          test acc/top5 : 95.81%
                          test loss : 1.21
                          train loss : 0.07 
                          time taken : 205.01 
Training complete best top1/top5: 66.17%/95.81%
Client -1 Linear evaluating centralized model
#######################################################
 
Avg Validation Stats after 28 global rounds
Validation Loss     : 1.90
Validation Accuracy : top1/top5 64.82%/95.15%

#######################################################
model saved at ./checkpoints/centralized_iid_bn_fedavg.pth.tar
Client 26 Linear evaluating centralized model
Client 26 Epoch [5/10]:
                          learning rate : 0.001000
                          test acc/top1 : 67.93%
                          test acc/top5 : 96.57%
                          test loss : 1.12
                          train loss : 0.01 
                          time taken : 203.19 
Client 26 Linear evaluating centralized model
Client 26 Epoch [10/10]:
                          learning rate : 0.001000
                          test acc/top1 : 65.95%
                          test acc/top5 : 96.29%
                          test loss : 1.22
                          train loss : 0.03 
                          time taken : 201.51 
Training complete best top1/top5: 65.95%/96.29%
Client -1 Linear evaluating centralized model
#######################################################
 
Avg Validation Stats after 29 global rounds
Validation Loss     : 1.90
Validation Accuracy : top1/top5 65.92%/95.28%

#######################################################
model saved at ./checkpoints/centralized_iid_bn_fedavg.pth.tar
Client 77 Linear evaluating centralized model
Client 77 Epoch [5/10]:
                          learning rate : 0.001000
                          test acc/top1 : 67.27%
                          test acc/top5 : 96.17%
                          test loss : 1.17
                          train loss : 0.02 
                          time taken : 203.10 
Client 77 Linear evaluating centralized model
Client 77 Epoch [10/10]:
                          learning rate : 0.001000
                          test acc/top1 : 65.20%
                          test acc/top5 : 95.97%
                          test loss : 1.31
                          train loss : 0.05 
                          time taken : 202.93 
Training complete best top1/top5: 65.20%/95.97%
Client -1 Linear evaluating centralized model
#######################################################
 
Avg Validation Stats after 30 global rounds
Validation Loss     : 1.98
Validation Accuracy : top1/top5 65.78%/94.99%

#######################################################
model saved at ./checkpoints/centralized_iid_bn_fedavg.pth.tar
Client 17 Linear evaluating centralized model
Client 17 Epoch [5/10]:
                          learning rate : 0.001000
                          test acc/top1 : 67.61%
                          test acc/top5 : 96.25%
                          test loss : 1.13
                          train loss : 0.03 
                          time taken : 201.93 
Client 17 Linear evaluating centralized model
Client 17 Epoch [10/10]:
                          learning rate : 0.001000
                          test acc/top1 : 66.33%
                          test acc/top5 : 95.99%
                          test loss : 1.22
                          train loss : 0.07 
                          time taken : 203.43 
Training complete best top1/top5: 66.33%/95.99%
Client -1 Linear evaluating centralized model
#######################################################
 
Avg Validation Stats after 31 global rounds
Validation Loss     : 1.90
Validation Accuracy : top1/top5 65.78%/94.61%

#######################################################
model saved at ./checkpoints/centralized_iid_bn_fedavg.pth.tar
Client 12 Linear evaluating centralized model
Client 12 Epoch [5/10]:
                          learning rate : 0.001000
                          test acc/top1 : 68.63%
                          test acc/top5 : 96.57%
                          test loss : 1.15
                          train loss : 0.01 
                          time taken : 205.90 
Client 12 Linear evaluating centralized model
Client 12 Epoch [10/10]:
                          learning rate : 0.001000
                          test acc/top1 : 66.93%
                          test acc/top5 : 96.01%
                          test loss : 1.22
                          train loss : 0.06 
                          time taken : 213.01 
Training complete best top1/top5: 66.93%/96.01%
Client -1 Linear evaluating centralized model
#######################################################
 
Avg Validation Stats after 32 global rounds
Validation Loss     : 1.83
Validation Accuracy : top1/top5 66.02%/95.19%

#######################################################
model saved at ./checkpoints/centralized_iid_bn_fedavg.pth.tar
Client 18 Linear evaluating centralized model
Client 18 Epoch [5/10]:
                          learning rate : 0.001000
                          test acc/top1 : 68.69%
                          test acc/top5 : 96.71%
                          test loss : 1.11
                          train loss : 0.01 
                          time taken : 204.48 
Client 18 Linear evaluating centralized model
Client 18 Epoch [10/10]:
                          learning rate : 0.001000
                          test acc/top1 : 66.87%
                          test acc/top5 : 96.37%
                          test loss : 1.25
                          train loss : 0.07 
                          time taken : 205.77 
Training complete best top1/top5: 66.87%/96.37%
Client -1 Linear evaluating centralized model
#######################################################
 
Avg Validation Stats after 33 global rounds
Validation Loss     : 1.80
Validation Accuracy : top1/top5 66.87%/95.90%

#######################################################
model saved at ./checkpoints/centralized_iid_bn_fedavg.pth.tar
Client 65 Linear evaluating centralized model
Client 65 Epoch [5/10]:
                          learning rate : 0.001000
                          test acc/top1 : 68.31%
                          test acc/top5 : 96.69%
                          test loss : 1.14
                          train loss : 0.01 
                          time taken : 213.64 
Client 65 Linear evaluating centralized model
Client 65 Epoch [10/10]:
                          learning rate : 0.001000
                          test acc/top1 : 66.21%
                          test acc/top5 : 95.61%
                          test loss : 1.26
                          train loss : 0.11 
                          time taken : 214.11 
Training complete best top1/top5: 66.21%/95.61%
Client -1 Linear evaluating centralized model
#######################################################
 
Avg Validation Stats after 34 global rounds
Validation Loss     : 1.88
Validation Accuracy : top1/top5 65.84%/95.11%

#######################################################
model saved at ./checkpoints/centralized_iid_bn_fedavg.pth.tar
Client 31 Linear evaluating centralized model
Client 31 Epoch [5/10]:
                          learning rate : 0.001000
                          test acc/top1 : 68.47%
                          test acc/top5 : 96.23%
                          test loss : 1.17
                          train loss : 0.01 
                          time taken : 210.39 
Client 31 Linear evaluating centralized model
Client 31 Epoch [10/10]:
                          learning rate : 0.001000
                          test acc/top1 : 67.59%
                          test acc/top5 : 96.33%
                          test loss : 1.23
                          train loss : 0.05 
                          time taken : 203.01 
Training complete best top1/top5: 67.59%/96.33%
Client -1 Linear evaluating centralized model
#######################################################
 
Avg Validation Stats after 35 global rounds
Validation Loss     : 1.83
Validation Accuracy : top1/top5 67.54%/95.72%

#######################################################
model saved at ./checkpoints/centralized_iid_bn_fedavg.pth.tar
Client 60 Linear evaluating centralized model
Client 60 Epoch [5/10]:
                          learning rate : 0.001000
                          test acc/top1 : 69.55%
                          test acc/top5 : 96.65%
                          test loss : 1.14
                          train loss : 0.02 
                          time taken : 204.53 
Client 60 Linear evaluating centralized model
Client 60 Epoch [10/10]:
                          learning rate : 0.001000
                          test acc/top1 : 67.05%
                          test acc/top5 : 96.23%
                          test loss : 1.25
                          train loss : 0.04 
                          time taken : 201.45 
Training complete best top1/top5: 67.05%/96.23%
Client -1 Linear evaluating centralized model
#######################################################
 
Avg Validation Stats after 36 global rounds
Validation Loss     : 1.83
Validation Accuracy : top1/top5 67.55%/95.72%

#######################################################
model saved at ./checkpoints/centralized_iid_bn_fedavg.pth.tar
Client 52 Linear evaluating centralized model
Client 52 Epoch [5/10]:
                          learning rate : 0.001000
                          test acc/top1 : 69.29%
                          test acc/top5 : 96.61%
                          test loss : 1.18
                          train loss : 0.01 
                          time taken : 204.55 
Client 52 Linear evaluating centralized model
Client 52 Epoch [10/10]:
                          learning rate : 0.001000
                          test acc/top1 : 67.43%
                          test acc/top5 : 96.17%
                          test loss : 1.27
                          train loss : 0.03 
                          time taken : 208.47 
Training complete best top1/top5: 67.43%/96.17%
Client -1 Linear evaluating centralized model
#######################################################
 
Avg Validation Stats after 37 global rounds
Validation Loss     : 1.94
Validation Accuracy : top1/top5 66.44%/95.45%

#######################################################
model saved at ./checkpoints/centralized_iid_bn_fedavg.pth.tar
Client 6 Linear evaluating centralized model
Client 6 Epoch [5/10]:
                          learning rate : 0.001000
                          test acc/top1 : 69.11%
                          test acc/top5 : 96.61%
                          test loss : 1.21
                          train loss : 0.02 
                          time taken : 201.59 
Client 6 Linear evaluating centralized model
Client 6 Epoch [10/10]:
                          learning rate : 0.001000
                          test acc/top1 : 68.01%
                          test acc/top5 : 96.13%
                          test loss : 1.27
                          train loss : 0.06 
                          time taken : 203.00 
Training complete best top1/top5: 68.01%/96.13%
Client -1 Linear evaluating centralized model
#######################################################
 
Avg Validation Stats after 38 global rounds
Validation Loss     : 1.91
Validation Accuracy : top1/top5 66.70%/94.90%

#######################################################
model saved at ./checkpoints/centralized_iid_bn_fedavg.pth.tar
Client 66 Linear evaluating centralized model
Client 66 Epoch [5/10]:
                          learning rate : 0.001000
                          test acc/top1 : 69.45%
                          test acc/top5 : 96.59%
                          test loss : 1.20
                          train loss : 0.01 
                          time taken : 205.53 
Client 66 Linear evaluating centralized model
Traceback (most recent call last):
  File "<string>", line 1, in <module>
  File "/home/kwangyeongill/anaconda/envs/FedSSL/lib/python3.9/multiprocessing/spawn.py", line 116, in spawn_main
    exitcode = _main(fd, parent_sentinel)
  File "/home/kwangyeongill/anaconda/envs/FedSSL/lib/python3.9/multiprocessing/spawn.py", line 125, in _main
    prepare(preparation_data)
  File "/home/kwangyeongill/anaconda/envs/FedSSL/lib/python3.9/multiprocessing/spawn.py", line 236, in prepare
    _fixup_main_from_path(data['init_main_from_path'])
  File "/home/kwangyeongill/anaconda/envs/FedSSL/lib/python3.9/multiprocessing/spawn.py", line 287, in _fixup_main_from_path
    main_content = runpy.run_path(main_path,
  File "/home/kwangyeongill/anaconda/envs/FedSSL/lib/python3.9/runpy.py", line 268, in run_path
    return _run_module_code(code, init_globals, run_name,
  File "/home/kwangyeongill/anaconda/envs/FedSSL/lib/python3.9/runpy.py", line 97, in _run_module_code
    _run_code(code, mod_globals, init_globals,
  File "/home/kwangyeongill/anaconda/envs/FedSSL/lib/python3.9/runpy.py", line 87, in _run_code
    exec(code, run_globals)
  File "/home/kwangyeongill/FedSSL_clean/main.py", line 15, in <module>
    from trainers import Trainer
  File "/home/kwangyeongill/FedSSL_clean/trainers.py", line 8, in <module>
    from utils import AverageMeter
ImportError: cannot import name 'AverageMeter' from 'utils' (/home/kwangyeongill/FedSSL_clean/utils.py)
