wandb: Currently logged in as: crazyboy9103. Use `wandb login --relogin` to force relogin
wandb: wandb version 0.13.2 is available!  To upgrade, please run:
wandb:  $ pip install wandb --upgrade
wandb: Tracking run with wandb version 0.13.1
wandb: Run data is saved locally in /home/kwangyeongill/FedSSL_clean/wandb/run-20220830_022420-20220830_022418
wandb: Run `wandb offline` to turn off syncing.
wandb: Syncing run centralized_iid_bn_fedprox
wandb: ⭐️ View project at https://wandb.ai/crazyboy9103/Fed
wandb: 🚀 View run at https://wandb.ai/crazyboy9103/Fed/runs/20220830_022418
Files already downloaded and verified
Files already downloaded and verified
Client 56 Linear evaluating centralized model
Client 56 Epoch [5/10]:
                          learning rate : 0.001000
                          test acc/top1 : 44.67%
                          test acc/top5 : 91.49%
                          test loss : 1.56
                          train loss : 1.89 
                          time taken : 323.53 
Client 56 Linear evaluating centralized model
Client 56 Epoch [10/10]:
                          learning rate : 0.001000
                          test acc/top1 : 48.96%
                          test acc/top5 : 91.67%
                          test loss : 1.47
                          train loss : 1.62 
                          time taken : 321.95 
Training complete best top1/top5: 48.96%/91.67%
Client -1 Linear evaluating centralized model
#######################################################
 
Avg Validation Stats after 1 global rounds
Validation Loss     : 1.72
Validation Accuracy : top1/top5 47.40%/90.07%

#######################################################
model saved at ./checkpoints/centralized_iid_bn_fedprox.pth.tar
Client 3 Linear evaluating centralized model
Client 3 Epoch [5/10]:
                          learning rate : 0.001000
                          test acc/top1 : 52.90%
                          test acc/top5 : 93.19%
                          test loss : 1.36
                          train loss : 1.32 
                          time taken : 390.19 
Client 3 Linear evaluating centralized model
Client 3 Epoch [10/10]:
                          learning rate : 0.001000
                          test acc/top1 : 55.49%
                          test acc/top5 : 93.55%
                          test loss : 1.31
                          train loss : 1.00 
                          time taken : 384.43 
Training complete best top1/top5: 55.49%/93.55%
Client -1 Linear evaluating centralized model
#######################################################
 
Avg Validation Stats after 2 global rounds
Validation Loss     : 2.15
Validation Accuracy : top1/top5 50.12%/89.97%

#######################################################
model saved at ./checkpoints/centralized_iid_bn_fedprox.pth.tar
Client 8 Linear evaluating centralized model
Client 8 Epoch [5/10]:
                          learning rate : 0.001000
                          test acc/top1 : 57.91%
                          test acc/top5 : 94.63%
                          test loss : 1.24
                          train loss : 0.88 
                          time taken : 359.33 
Client 8 Linear evaluating centralized model
Client 8 Epoch [10/10]:
                          learning rate : 0.001000
                          test acc/top1 : 56.79%
                          test acc/top5 : 93.93%
                          test loss : 1.28
                          train loss : 0.90 
                          time taken : 333.70 
Training complete best top1/top5: 56.79%/93.93%
Client -1 Linear evaluating centralized model
#######################################################
 
Avg Validation Stats after 3 global rounds
Validation Loss     : 2.20
Validation Accuracy : top1/top5 53.13%/90.98%

#######################################################
model saved at ./checkpoints/centralized_iid_bn_fedprox.pth.tar
Client 55 Linear evaluating centralized model
Client 55 Epoch [5/10]:
                          learning rate : 0.001000
                          test acc/top1 : 58.19%
                          test acc/top5 : 94.71%
                          test loss : 1.24
                          train loss : 0.81 
                          time taken : 315.85 
Client 55 Linear evaluating centralized model
Client 55 Epoch [10/10]:
                          learning rate : 0.001000
                          test acc/top1 : 60.70%
                          test acc/top5 : 95.19%
                          test loss : 1.17
                          train loss : 0.78 
                          time taken : 327.74 
Training complete best top1/top5: 60.70%/95.19%
Client -1 Linear evaluating centralized model
#######################################################
 
Avg Validation Stats after 4 global rounds
Validation Loss     : 2.26
Validation Accuracy : top1/top5 54.36%/91.48%

#######################################################
model saved at ./checkpoints/centralized_iid_bn_fedprox.pth.tar
Client 1 Linear evaluating centralized model
Client 1 Epoch [5/10]:
                          learning rate : 0.001000
                          test acc/top1 : 60.88%
                          test acc/top5 : 95.17%
                          test loss : 1.18
                          train loss : 0.79 
                          time taken : 318.94 
Client 1 Linear evaluating centralized model
Client 1 Epoch [10/10]:
                          learning rate : 0.001000
                          test acc/top1 : 59.94%
                          test acc/top5 : 94.89%
                          test loss : 1.23
                          train loss : 0.70 
                          time taken : 396.29 
Training complete best top1/top5: 59.94%/94.89%
Client -1 Linear evaluating centralized model
#######################################################
 
Avg Validation Stats after 5 global rounds
Validation Loss     : 2.15
Validation Accuracy : top1/top5 55.70%/92.36%

#######################################################
model saved at ./checkpoints/centralized_iid_bn_fedprox.pth.tar
Client 13 Linear evaluating centralized model
Client 13 Epoch [5/10]:
                          learning rate : 0.001000
                          test acc/top1 : 61.38%
                          test acc/top5 : 95.11%
                          test loss : 1.15
                          train loss : 0.70 
                          time taken : 290.71 
Client 13 Linear evaluating centralized model
Client 13 Epoch [10/10]:
                          learning rate : 0.001000
                          test acc/top1 : 62.12%
                          test acc/top5 : 95.59%
                          test loss : 1.15
                          train loss : 0.73 
                          time taken : 327.60 
Training complete best top1/top5: 62.12%/95.59%
Client -1 Linear evaluating centralized model
#######################################################
 
Avg Validation Stats after 6 global rounds
Validation Loss     : 2.01
Validation Accuracy : top1/top5 58.84%/92.16%

#######################################################
model saved at ./checkpoints/centralized_iid_bn_fedprox.pth.tar
Client 21 Linear evaluating centralized model
Client 21 Epoch [5/10]:
                          learning rate : 0.001000
                          test acc/top1 : 61.82%
                          test acc/top5 : 95.71%
                          test loss : 1.15
                          train loss : 0.63 
                          time taken : 294.55 
Client 21 Linear evaluating centralized model
Client 21 Epoch [10/10]:
                          learning rate : 0.001000
                          test acc/top1 : 62.40%
                          test acc/top5 : 95.71%
                          test loss : 1.12
                          train loss : 0.62 
                          time taken : 348.01 
Training complete best top1/top5: 62.40%/95.71%
Client -1 Linear evaluating centralized model
#######################################################
 
Avg Validation Stats after 7 global rounds
Validation Loss     : 2.15
Validation Accuracy : top1/top5 59.78%/92.90%

#######################################################
model saved at ./checkpoints/centralized_iid_bn_fedprox.pth.tar
Client 78 Linear evaluating centralized model
Client 78 Epoch [5/10]:
                          learning rate : 0.001000
                          test acc/top1 : 62.82%
                          test acc/top5 : 95.15%
                          test loss : 1.12
                          train loss : 0.57 
                          time taken : 343.71 
Client 78 Linear evaluating centralized model
Client 78 Epoch [10/10]:
                          learning rate : 0.001000
                          test acc/top1 : 63.28%
                          test acc/top5 : 95.65%
                          test loss : 1.09
                          train loss : 0.63 
                          time taken : 322.71 
Training complete best top1/top5: 63.28%/95.65%
Client -1 Linear evaluating centralized model
#######################################################
 
Avg Validation Stats after 8 global rounds
Validation Loss     : 2.08
Validation Accuracy : top1/top5 60.30%/93.02%

#######################################################
model saved at ./checkpoints/centralized_iid_bn_fedprox.pth.tar
Client 36 Linear evaluating centralized model
Client 36 Epoch [5/10]:
                          learning rate : 0.001000
                          test acc/top1 : 63.94%
                          test acc/top5 : 95.61%
                          test loss : 1.07
                          train loss : 0.57 
                          time taken : 404.03 
Client 36 Linear evaluating centralized model
Client 36 Epoch [10/10]:
                          learning rate : 0.001000
                          test acc/top1 : 64.12%
                          test acc/top5 : 96.15%
                          test loss : 1.07
                          train loss : 0.55 
                          time taken : 279.04 
Training complete best top1/top5: 64.12%/96.15%
Client -1 Linear evaluating centralized model
#######################################################
 
Avg Validation Stats after 9 global rounds
Validation Loss     : 2.11
Validation Accuracy : top1/top5 61.26%/93.86%

#######################################################
model saved at ./checkpoints/centralized_iid_bn_fedprox.pth.tar
Client 1 Linear evaluating centralized model
Client 1 Epoch [5/10]:
                          learning rate : 0.001000
                          test acc/top1 : 63.76%
                          test acc/top5 : 95.35%
                          test loss : 1.12
                          train loss : 0.55 
                          time taken : 426.58 
Client 1 Linear evaluating centralized model
Client 1 Epoch [10/10]:
                          learning rate : 0.001000
                          test acc/top1 : 64.96%
                          test acc/top5 : 95.71%
                          test loss : 1.06
                          train loss : 0.53 
                          time taken : 325.55 
Training complete best top1/top5: 64.96%/95.71%
Client -1 Linear evaluating centralized model
#######################################################
 
Avg Validation Stats after 10 global rounds
Validation Loss     : 2.05
Validation Accuracy : top1/top5 60.91%/92.70%

#######################################################
model saved at ./checkpoints/centralized_iid_bn_fedprox.pth.tar
Client 72 Linear evaluating centralized model
Client 72 Epoch [5/10]:
                          learning rate : 0.001000
                          test acc/top1 : 63.82%
                          test acc/top5 : 96.05%
                          test loss : 1.09
                          train loss : 0.49 
                          time taken : 396.68 
Client 72 Linear evaluating centralized model
Client 72 Epoch [10/10]:
                          learning rate : 0.001000
                          test acc/top1 : 65.69%
                          test acc/top5 : 96.03%
                          test loss : 1.04
                          train loss : 0.46 
                          time taken : 333.72 
Training complete best top1/top5: 65.69%/96.03%
Client -1 Linear evaluating centralized model
#######################################################
 
Avg Validation Stats after 11 global rounds
Validation Loss     : 2.21
Validation Accuracy : top1/top5 61.53%/92.23%

#######################################################
model saved at ./checkpoints/centralized_iid_bn_fedprox.pth.tar
Client 85 Linear evaluating centralized model
Client 85 Epoch [5/10]:
                          learning rate : 0.001000
                          test acc/top1 : 64.70%
                          test acc/top5 : 95.97%
                          test loss : 1.06
                          train loss : 0.56 
                          time taken : 377.50 
Client 85 Linear evaluating centralized model
Client 85 Epoch [10/10]:
                          learning rate : 0.001000
                          test acc/top1 : 65.40%
                          test acc/top5 : 96.13%
                          test loss : 1.02
                          train loss : 0.52 
                          time taken : 315.05 
Training complete best top1/top5: 65.40%/96.13%
Client -1 Linear evaluating centralized model
#######################################################
 
Avg Validation Stats after 12 global rounds
Validation Loss     : 2.20
Validation Accuracy : top1/top5 61.59%/92.96%

#######################################################
model saved at ./checkpoints/centralized_iid_bn_fedprox.pth.tar
Client 45 Linear evaluating centralized model
Client 45 Epoch [5/10]:
                          learning rate : 0.001000
                          test acc/top1 : 65.24%
                          test acc/top5 : 96.35%
                          test loss : 1.04
                          train loss : 0.56 
                          time taken : 348.00 
Client 45 Linear evaluating centralized model
Client 45 Epoch [10/10]:
                          learning rate : 0.001000
                          test acc/top1 : 65.04%
                          test acc/top5 : 96.03%
                          test loss : 1.05
                          train loss : 0.64 
                          time taken : 406.17 
Training complete best top1/top5: 65.04%/96.03%
Client -1 Linear evaluating centralized model
#######################################################
 
Avg Validation Stats after 13 global rounds
Validation Loss     : 2.15
Validation Accuracy : top1/top5 62.13%/93.59%

#######################################################
model saved at ./checkpoints/centralized_iid_bn_fedprox.pth.tar
Client 7 Linear evaluating centralized model
Client 7 Epoch [5/10]:
                          learning rate : 0.001000
                          test acc/top1 : 66.09%
                          test acc/top5 : 96.61%
                          test loss : 1.03
                          train loss : 0.54 
                          time taken : 283.75 
Client 7 Linear evaluating centralized model
Client 7 Epoch [10/10]:
                          learning rate : 0.001000
                          test acc/top1 : 66.83%
                          test acc/top5 : 96.47%
                          test loss : 1.02
                          train loss : 0.57 
                          time taken : 406.65 
Training complete best top1/top5: 66.83%/96.47%
Client -1 Linear evaluating centralized model
#######################################################
 
Avg Validation Stats after 14 global rounds
Validation Loss     : 2.07
Validation Accuracy : top1/top5 62.69%/93.98%

#######################################################
model saved at ./checkpoints/centralized_iid_bn_fedprox.pth.tar
Client 16 Linear evaluating centralized model
Client 16 Epoch [5/10]:
                          learning rate : 0.001000
                          test acc/top1 : 65.93%
                          test acc/top5 : 96.37%
                          test loss : 1.02
                          train loss : 0.55 
                          time taken : 307.14 
Client 16 Linear evaluating centralized model
Client 16 Epoch [10/10]:
                          learning rate : 0.001000
                          test acc/top1 : 66.27%
                          test acc/top5 : 96.35%
                          test loss : 1.01
                          train loss : 0.53 
                          time taken : 346.35 
Training complete best top1/top5: 66.27%/96.35%
Client -1 Linear evaluating centralized model
#######################################################
 
Avg Validation Stats after 15 global rounds
Validation Loss     : 2.21
Validation Accuracy : top1/top5 60.94%/93.08%

#######################################################
model saved at ./checkpoints/centralized_iid_bn_fedprox.pth.tar
Client 35 Linear evaluating centralized model
Client 35 Epoch [5/10]:
                          learning rate : 0.001000
                          test acc/top1 : 66.19%
                          test acc/top5 : 96.37%
                          test loss : 0.99
                          train loss : 0.50 
                          time taken : 325.01 
Client 35 Linear evaluating centralized model
Client 35 Epoch [10/10]:
                          learning rate : 0.001000
                          test acc/top1 : 66.89%
                          test acc/top5 : 96.47%
                          test loss : 0.99
                          train loss : 0.52 
                          time taken : 377.19 
Training complete best top1/top5: 66.89%/96.47%
Client -1 Linear evaluating centralized model
#######################################################
 
Avg Validation Stats after 16 global rounds
Validation Loss     : 2.03
Validation Accuracy : top1/top5 63.57%/94.15%

#######################################################
model saved at ./checkpoints/centralized_iid_bn_fedprox.pth.tar
Client 35 Linear evaluating centralized model
Client 35 Epoch [5/10]:
                          learning rate : 0.001000
                          test acc/top1 : 68.19%
                          test acc/top5 : 96.88%
                          test loss : 0.96
                          train loss : 0.47 
                          time taken : 333.19 
Client 35 Linear evaluating centralized model
Client 35 Epoch [10/10]:
                          learning rate : 0.001000
                          test acc/top1 : 66.91%
                          test acc/top5 : 96.25%
                          test loss : 0.99
                          train loss : 0.47 
                          time taken : 317.03 
Training complete best top1/top5: 66.91%/96.25%
Client -1 Linear evaluating centralized model
#######################################################
 
Avg Validation Stats after 17 global rounds
Validation Loss     : 2.16
Validation Accuracy : top1/top5 63.65%/94.20%

#######################################################
model saved at ./checkpoints/centralized_iid_bn_fedprox.pth.tar
Client 30 Linear evaluating centralized model
Client 30 Epoch [5/10]:
                          learning rate : 0.001000
                          test acc/top1 : 67.35%
                          test acc/top5 : 96.61%
                          test loss : 0.98
                          train loss : 0.48 
                          time taken : 403.68 
Client 30 Linear evaluating centralized model
Client 30 Epoch [10/10]:
                          learning rate : 0.001000
                          test acc/top1 : 68.13%
                          test acc/top5 : 96.65%
                          test loss : 0.97
                          train loss : 0.57 
                          time taken : 334.25 
Training complete best top1/top5: 68.13%/96.65%
Client -1 Linear evaluating centralized model
#######################################################
 
Avg Validation Stats after 18 global rounds
Validation Loss     : 2.12
Validation Accuracy : top1/top5 62.61%/93.46%

#######################################################
model saved at ./checkpoints/centralized_iid_bn_fedprox.pth.tar
Client 67 Linear evaluating centralized model
Client 67 Epoch [5/10]:
                          learning rate : 0.001000
                          test acc/top1 : 68.67%
                          test acc/top5 : 96.69%
                          test loss : 0.96
                          train loss : 0.44 
                          time taken : 354.67 
Client 67 Linear evaluating centralized model
Client 67 Epoch [10/10]:
                          learning rate : 0.001000
                          test acc/top1 : 67.13%
                          test acc/top5 : 96.73%
                          test loss : 0.98
                          train loss : 0.53 
                          time taken : 358.27 
Training complete best top1/top5: 67.13%/96.73%
Client -1 Linear evaluating centralized model
#######################################################
 
Avg Validation Stats after 19 global rounds
Validation Loss     : 2.16
Validation Accuracy : top1/top5 62.06%/92.99%

#######################################################
model saved at ./checkpoints/centralized_iid_bn_fedprox.pth.tar
Client 12 Linear evaluating centralized model
Client 12 Epoch [5/10]:
                          learning rate : 0.001000
                          test acc/top1 : 67.83%
                          test acc/top5 : 96.33%
                          test loss : 0.99
                          train loss : 0.51 
                          time taken : 387.66 
Client 12 Linear evaluating centralized model
Client 12 Epoch [10/10]:
                          learning rate : 0.001000
                          test acc/top1 : 67.19%
                          test acc/top5 : 96.33%
                          test loss : 0.99
                          train loss : 0.48 
                          time taken : 410.22 
Training complete best top1/top5: 67.19%/96.33%
Client -1 Linear evaluating centralized model
#######################################################
 
Avg Validation Stats after 20 global rounds
Validation Loss     : 2.21
Validation Accuracy : top1/top5 62.66%/93.71%

#######################################################
model saved at ./checkpoints/centralized_iid_bn_fedprox.pth.tar
Client 46 Linear evaluating centralized model
Client 46 Epoch [5/10]:
                          learning rate : 0.001000
                          test acc/top1 : 68.15%
                          test acc/top5 : 96.23%
                          test loss : 0.99
                          train loss : 0.47 
                          time taken : 363.39 
Client 46 Linear evaluating centralized model
Client 46 Epoch [10/10]:
                          learning rate : 0.001000
                          test acc/top1 : 67.81%
                          test acc/top5 : 96.27%
                          test loss : 0.98
                          train loss : 0.45 
                          time taken : 426.54 
Training complete best top1/top5: 67.81%/96.27%
Client -1 Linear evaluating centralized model
#######################################################
 
Avg Validation Stats after 21 global rounds
Validation Loss     : 2.12
Validation Accuracy : top1/top5 63.51%/94.18%

#######################################################
model saved at ./checkpoints/centralized_iid_bn_fedprox.pth.tar
Client 13 Linear evaluating centralized model
Client 13 Epoch [5/10]:
                          learning rate : 0.001000
                          test acc/top1 : 67.71%
                          test acc/top5 : 96.55%
                          test loss : 0.98
                          train loss : 0.42 
                          time taken : 336.82 
Client 13 Linear evaluating centralized model
Client 13 Epoch [10/10]:
                          learning rate : 0.001000
                          test acc/top1 : 67.43%
                          test acc/top5 : 96.53%
                          test loss : 0.99
                          train loss : 0.52 
                          time taken : 402.25 
Training complete best top1/top5: 67.43%/96.53%
Client -1 Linear evaluating centralized model
#######################################################
 
Avg Validation Stats after 22 global rounds
Validation Loss     : 2.05
Validation Accuracy : top1/top5 64.37%/93.93%

#######################################################
model saved at ./checkpoints/centralized_iid_bn_fedprox.pth.tar
Client 63 Linear evaluating centralized model
Client 63 Epoch [5/10]:
                          learning rate : 0.001000
                          test acc/top1 : 67.49%
                          test acc/top5 : 96.61%
                          test loss : 0.98
                          train loss : 0.48 
                          time taken : 365.71 
Client 63 Linear evaluating centralized model
Client 63 Epoch [10/10]:
                          learning rate : 0.001000
                          test acc/top1 : 68.09%
                          test acc/top5 : 96.55%
                          test loss : 0.98
                          train loss : 0.55 
                          time taken : 427.44 
Training complete best top1/top5: 68.09%/96.55%
Client -1 Linear evaluating centralized model
#######################################################
 
Avg Validation Stats after 23 global rounds
Validation Loss     : 2.04
Validation Accuracy : top1/top5 64.80%/94.25%

#######################################################
model saved at ./checkpoints/centralized_iid_bn_fedprox.pth.tar
Client 4 Linear evaluating centralized model
Client 4 Epoch [5/10]:
                          learning rate : 0.001000
                          test acc/top1 : 68.11%
                          test acc/top5 : 96.75%
                          test loss : 0.96
                          train loss : 0.45 
                          time taken : 311.22 
Client 4 Linear evaluating centralized model
Client 4 Epoch [10/10]:
                          learning rate : 0.001000
                          test acc/top1 : 68.89%
                          test acc/top5 : 96.81%
                          test loss : 0.96
                          train loss : 0.48 
                          time taken : 404.52 
Training complete best top1/top5: 68.89%/96.81%
Client -1 Linear evaluating centralized model
#######################################################
 
Avg Validation Stats after 24 global rounds
Validation Loss     : 1.96
Validation Accuracy : top1/top5 66.77%/94.35%

#######################################################
model saved at ./checkpoints/centralized_iid_bn_fedprox.pth.tar
Client 66 Linear evaluating centralized model
Client 66 Epoch [5/10]:
                          learning rate : 0.001000
                          test acc/top1 : 69.13%
                          test acc/top5 : 96.49%
                          test loss : 0.93
                          train loss : 0.42 
                          time taken : 317.55 
Client 66 Linear evaluating centralized model
Client 66 Epoch [10/10]:
                          learning rate : 0.001000
                          test acc/top1 : 69.09%
                          test acc/top5 : 96.61%
                          test loss : 0.96
                          train loss : 0.46 
                          time taken : 387.20 
Training complete best top1/top5: 69.09%/96.61%
Client -1 Linear evaluating centralized model
#######################################################
 
Avg Validation Stats after 25 global rounds
Validation Loss     : 2.04
Validation Accuracy : top1/top5 66.20%/94.41%

#######################################################
model saved at ./checkpoints/centralized_iid_bn_fedprox.pth.tar
Client 96 Linear evaluating centralized model
Client 96 Epoch [5/10]:
                          learning rate : 0.001000
                          test acc/top1 : 69.35%
                          test acc/top5 : 96.83%
                          test loss : 0.92
                          train loss : 0.37 
                          time taken : 365.94 
Client 96 Linear evaluating centralized model
Client 96 Epoch [10/10]:
                          learning rate : 0.001000
                          test acc/top1 : 69.39%
                          test acc/top5 : 96.65%
                          test loss : 0.94
                          train loss : 0.49 
                          time taken : 306.70 
Training complete best top1/top5: 69.39%/96.65%
Client -1 Linear evaluating centralized model
#######################################################
 
Avg Validation Stats after 26 global rounds
Validation Loss     : 2.11
Validation Accuracy : top1/top5 64.88%/94.47%

#######################################################
model saved at ./checkpoints/centralized_iid_bn_fedprox.pth.tar
Client 88 Linear evaluating centralized model
Client 88 Epoch [5/10]:
                          learning rate : 0.001000
                          test acc/top1 : 69.21%
                          test acc/top5 : 96.31%
                          test loss : 0.95
                          train loss : 0.36 
                          time taken : 431.68 
Client 88 Linear evaluating centralized model
Client 88 Epoch [10/10]:
                          learning rate : 0.001000
                          test acc/top1 : 68.99%
                          test acc/top5 : 96.61%
                          test loss : 0.93
                          train loss : 0.50 
                          time taken : 305.37 
Training complete best top1/top5: 68.99%/96.61%
Client -1 Linear evaluating centralized model
#######################################################
 
Avg Validation Stats after 27 global rounds
Validation Loss     : 2.02
Validation Accuracy : top1/top5 66.39%/94.17%

#######################################################
model saved at ./checkpoints/centralized_iid_bn_fedprox.pth.tar
Client 9 Linear evaluating centralized model
Client 9 Epoch [5/10]:
                          learning rate : 0.001000
                          test acc/top1 : 68.39%
                          test acc/top5 : 96.25%
                          test loss : 0.96
                          train loss : 0.39 
                          time taken : 401.12 
Client 9 Linear evaluating centralized model
Client 9 Epoch [10/10]:
                          learning rate : 0.001000
                          test acc/top1 : 68.85%
                          test acc/top5 : 96.63%
                          test loss : 0.95
                          train loss : 0.55 
                          time taken : 285.93 
Training complete best top1/top5: 68.85%/96.63%
Client -1 Linear evaluating centralized model
#######################################################
 
Avg Validation Stats after 28 global rounds
Validation Loss     : 2.03
Validation Accuracy : top1/top5 65.94%/93.96%

#######################################################
model saved at ./checkpoints/centralized_iid_bn_fedprox.pth.tar
Client 26 Linear evaluating centralized model
Client 26 Epoch [5/10]:
                          learning rate : 0.001000
                          test acc/top1 : 69.11%
                          test acc/top5 : 96.83%
                          test loss : 0.93
                          train loss : 0.38 
                          time taken : 322.33 
Client 26 Linear evaluating centralized model
Client 26 Epoch [10/10]:
                          learning rate : 0.001000
                          test acc/top1 : 69.07%
                          test acc/top5 : 96.59%
                          test loss : 0.96
                          train loss : 0.45 
                          time taken : 333.99 
Training complete best top1/top5: 69.07%/96.59%
Client -1 Linear evaluating centralized model
#######################################################
 
Avg Validation Stats after 29 global rounds
Validation Loss     : 2.18
Validation Accuracy : top1/top5 64.83%/94.32%

#######################################################
model saved at ./checkpoints/centralized_iid_bn_fedprox.pth.tar
Client 77 Linear evaluating centralized model
Client 77 Epoch [5/10]:
                          learning rate : 0.001000
                          test acc/top1 : 68.51%
                          test acc/top5 : 96.51%
                          test loss : 0.94
                          train loss : 0.51 
                          time taken : 347.32 
Client 77 Linear evaluating centralized model
Client 77 Epoch [10/10]:
                          learning rate : 0.001000
                          test acc/top1 : 68.37%
                          test acc/top5 : 96.45%
                          test loss : 0.96
                          train loss : 0.41 
                          time taken : 419.80 
Training complete best top1/top5: 68.37%/96.45%
Client -1 Linear evaluating centralized model
#######################################################
 
Avg Validation Stats after 30 global rounds
Validation Loss     : 2.26
Validation Accuracy : top1/top5 65.26%/93.73%

#######################################################
model saved at ./checkpoints/centralized_iid_bn_fedprox.pth.tar
Client 17 Linear evaluating centralized model
Client 17 Epoch [5/10]:
                          learning rate : 0.001000
                          test acc/top1 : 69.81%
                          test acc/top5 : 96.43%
                          test loss : 0.93
                          train loss : 0.43 
                          time taken : 321.60 
Client 17 Linear evaluating centralized model
Client 17 Epoch [10/10]:
                          learning rate : 0.001000
                          test acc/top1 : 68.29%
                          test acc/top5 : 96.59%
                          test loss : 0.97
                          train loss : 0.53 
                          time taken : 345.47 
Training complete best top1/top5: 68.29%/96.59%
Client -1 Linear evaluating centralized model
#######################################################
 
Avg Validation Stats after 31 global rounds
Validation Loss     : 2.18
Validation Accuracy : top1/top5 65.02%/93.88%

#######################################################
model saved at ./checkpoints/centralized_iid_bn_fedprox.pth.tar
Client 12 Linear evaluating centralized model
Client 12 Epoch [5/10]:
                          learning rate : 0.001000
                          test acc/top1 : 69.01%
                          test acc/top5 : 96.94%
                          test loss : 0.93
                          train loss : 0.35 
                          time taken : 340.58 
Client 12 Linear evaluating centralized model
Client 12 Epoch [10/10]:
                          learning rate : 0.001000
                          test acc/top1 : 67.93%
                          test acc/top5 : 96.45%
                          test loss : 0.95
                          train loss : 0.52 
                          time taken : 359.89 
Training complete best top1/top5: 67.93%/96.45%
Client -1 Linear evaluating centralized model
#######################################################
 
Avg Validation Stats after 32 global rounds
Validation Loss     : 2.09
Validation Accuracy : top1/top5 65.45%/94.58%

#######################################################
model saved at ./checkpoints/centralized_iid_bn_fedprox.pth.tar
Client 18 Linear evaluating centralized model
Client 18 Epoch [5/10]:
                          learning rate : 0.001000
                          test acc/top1 : 68.87%
                          test acc/top5 : 96.67%
                          test loss : 0.94
                          train loss : 0.42 
                          time taken : 339.48 
Client 18 Linear evaluating centralized model
Client 18 Epoch [10/10]:
                          learning rate : 0.001000
                          test acc/top1 : 68.93%
                          test acc/top5 : 96.73%
                          test loss : 0.94
                          train loss : 0.61 
                          time taken : 375.37 
Training complete best top1/top5: 68.93%/96.73%
Client -1 Linear evaluating centralized model
#######################################################
 
Avg Validation Stats after 33 global rounds
Validation Loss     : 2.08
Validation Accuracy : top1/top5 65.71%/94.19%

#######################################################
model saved at ./checkpoints/centralized_iid_bn_fedprox.pth.tar
Client 65 Linear evaluating centralized model
Client 65 Epoch [5/10]:
                          learning rate : 0.001000
                          test acc/top1 : 69.33%
                          test acc/top5 : 96.67%
                          test loss : 0.92
                          train loss : 0.46 
                          time taken : 341.30 
Client 65 Linear evaluating centralized model
Client 65 Epoch [10/10]:
                          learning rate : 0.001000
                          test acc/top1 : 68.41%
                          test acc/top5 : 96.41%
                          test loss : 0.96
                          train loss : 0.49 
                          time taken : 311.19 
Training complete best top1/top5: 68.41%/96.41%
Client -1 Linear evaluating centralized model
#######################################################
 
Avg Validation Stats after 34 global rounds
Validation Loss     : 2.05
Validation Accuracy : top1/top5 65.54%/93.91%

#######################################################
model saved at ./checkpoints/centralized_iid_bn_fedprox.pth.tar
Client 31 Linear evaluating centralized model
Client 31 Epoch [5/10]:
                          learning rate : 0.001000
                          test acc/top1 : 68.55%
                          test acc/top5 : 96.71%
                          test loss : 0.96
                          train loss : 0.35 
                          time taken : 360.71 
Client 31 Linear evaluating centralized model
Client 31 Epoch [10/10]:
                          learning rate : 0.001000
                          test acc/top1 : 68.33%
                          test acc/top5 : 96.27%
                          test loss : 0.96
                          train loss : 0.42 
                          time taken : 283.67 
Training complete best top1/top5: 68.33%/96.27%
Client -1 Linear evaluating centralized model
#######################################################
 
Avg Validation Stats after 35 global rounds
Validation Loss     : 2.19
Validation Accuracy : top1/top5 66.32%/93.63%

#######################################################
model saved at ./checkpoints/centralized_iid_bn_fedprox.pth.tar
Client 60 Linear evaluating centralized model
Client 60 Epoch [5/10]:
                          learning rate : 0.001000
                          test acc/top1 : 69.17%
                          test acc/top5 : 96.85%
                          test loss : 0.95
                          train loss : 0.40 
                          time taken : 446.48 
Client 60 Linear evaluating centralized model
Client 60 Epoch [10/10]:
                          learning rate : 0.001000
                          test acc/top1 : 69.19%
                          test acc/top5 : 96.35%
                          test loss : 0.94
                          train loss : 0.55 
                          time taken : 320.30 
Training complete best top1/top5: 69.19%/96.35%
Client -1 Linear evaluating centralized model
#######################################################
 
Avg Validation Stats after 36 global rounds
Validation Loss     : 2.12
Validation Accuracy : top1/top5 66.50%/93.22%

#######################################################
model saved at ./checkpoints/centralized_iid_bn_fedprox.pth.tar
Client 52 Linear evaluating centralized model
Client 52 Epoch [5/10]:
                          learning rate : 0.001000
                          test acc/top1 : 69.37%
                          test acc/top5 : 96.77%
                          test loss : 0.93
                          train loss : 0.40 
                          time taken : 345.85 
Client 52 Linear evaluating centralized model
Client 52 Epoch [10/10]:
                          learning rate : 0.001000
                          test acc/top1 : 69.25%
                          test acc/top5 : 96.51%
                          test loss : 0.94
                          train loss : 0.49 
                          time taken : 312.94 
Training complete best top1/top5: 69.25%/96.51%
Client -1 Linear evaluating centralized model
#######################################################
 
Avg Validation Stats after 37 global rounds
Validation Loss     : 2.11
Validation Accuracy : top1/top5 66.20%/94.54%

#######################################################
model saved at ./checkpoints/centralized_iid_bn_fedprox.pth.tar
Client 6 Linear evaluating centralized model
Client 6 Epoch [5/10]:
                          learning rate : 0.001000
                          test acc/top1 : 68.23%
                          test acc/top5 : 96.51%
                          test loss : 0.94
                          train loss : 0.40 
                          time taken : 368.91 
Client 6 Linear evaluating centralized model
Client 6 Epoch [10/10]:
                          learning rate : 0.001000
                          test acc/top1 : 69.57%
                          test acc/top5 : 96.81%
                          test loss : 0.93
                          train loss : 0.34 
                          time taken : 317.34 
Training complete best top1/top5: 69.57%/96.81%
Client -1 Linear evaluating centralized model
#######################################################
 
Avg Validation Stats after 38 global rounds
Validation Loss     : 2.01
Validation Accuracy : top1/top5 68.56%/94.77%

#######################################################
model saved at ./checkpoints/centralized_iid_bn_fedprox.pth.tar
Client 66 Linear evaluating centralized model
Client 66 Epoch [5/10]:
                          learning rate : 0.001000
                          test acc/top1 : 68.07%
                          test acc/top5 : 96.45%
                          test loss : 0.96
                          train loss : 0.38 
                          time taken : 347.28 
Client 66 Linear evaluating centralized model
Client 66 Epoch [10/10]:
                          learning rate : 0.001000
                          test acc/top1 : 69.57%
                          test acc/top5 : 96.83%
                          test loss : 0.92
                          train loss : 0.31 
                          time taken : 376.75 
Training complete best top1/top5: 69.57%/96.83%
Client -1 Linear evaluating centralized model
#######################################################
 
Avg Validation Stats after 39 global rounds
Validation Loss     : 2.10
Validation Accuracy : top1/top5 67.98%/94.38%

#######################################################
model saved at ./checkpoints/centralized_iid_bn_fedprox.pth.tar
Client 60 Linear evaluating centralized model
Client 60 Epoch [5/10]:
                          learning rate : 0.001000
                          test acc/top1 : 68.49%
                          test acc/top5 : 96.47%
                          test loss : 0.95
                          train loss : 0.40 
                          time taken : 347.80 
Client 60 Linear evaluating centralized model
Client 60 Epoch [10/10]:
                          learning rate : 0.001000
                          test acc/top1 : 68.07%
                          test acc/top5 : 96.51%
                          test loss : 0.97
                          train loss : 0.48 
                          time taken : 367.37 
Training complete best top1/top5: 68.07%/96.51%
Client -1 Linear evaluating centralized model
#######################################################
 
Avg Validation Stats after 40 global rounds
Validation Loss     : 2.30
Validation Accuracy : top1/top5 65.38%/94.06%

#######################################################
model saved at ./checkpoints/centralized_iid_bn_fedprox.pth.tar
Client 61 Linear evaluating centralized model
Client 61 Epoch [5/10]:
                          learning rate : 0.001000
                          test acc/top1 : 69.47%
                          test acc/top5 : 96.92%
                          test loss : 0.93
                          train loss : 0.42 
                          time taken : 295.50 
Client 61 Linear evaluating centralized model
Client 61 Epoch [10/10]:
                          learning rate : 0.001000
                          test acc/top1 : 68.71%
                          test acc/top5 : 96.81%
                          test loss : 0.96
                          train loss : 0.43 
                          time taken : 402.81 
Training complete best top1/top5: 68.71%/96.81%
Client -1 Linear evaluating centralized model
#######################################################
 
Avg Validation Stats after 41 global rounds
Validation Loss     : 2.17
Validation Accuracy : top1/top5 67.31%/94.52%

#######################################################
model saved at ./checkpoints/centralized_iid_bn_fedprox.pth.tar
Client 12 Linear evaluating centralized model
Client 12 Epoch [5/10]:
                          learning rate : 0.001000
                          test acc/top1 : 68.87%
                          test acc/top5 : 96.77%
                          test loss : 0.94
                          train loss : 0.38 
                          time taken : 290.70 
Client 12 Linear evaluating centralized model
Client 12 Epoch [10/10]:
                          learning rate : 0.001000
                          test acc/top1 : 69.37%
                          test acc/top5 : 96.73%
                          test loss : 0.93
                          train loss : 0.29 
                          time taken : 370.89 
Training complete best top1/top5: 69.37%/96.73%
Client -1 Linear evaluating centralized model
#######################################################
 
Avg Validation Stats after 42 global rounds
Validation Loss     : 2.10
Validation Accuracy : top1/top5 68.60%/94.56%

#######################################################
model saved at ./checkpoints/centralized_iid_bn_fedprox.pth.tar
Client 23 Linear evaluating centralized model
Client 23 Epoch [5/10]:
                          learning rate : 0.001000
                          test acc/top1 : 68.67%
                          test acc/top5 : 97.00%
                          test loss : 0.94
                          train loss : 0.46 
                          time taken : 295.48 
Client 23 Linear evaluating centralized model
Client 23 Epoch [10/10]:
                          learning rate : 0.001000
                          test acc/top1 : 68.17%
                          test acc/top5 : 96.75%
                          test loss : 0.97
                          train loss : 0.56 
                          time taken : 347.73 
Training complete best top1/top5: 68.17%/96.75%
Client -1 Linear evaluating centralized model
#######################################################
 
Avg Validation Stats after 43 global rounds
Validation Loss     : 2.16
Validation Accuracy : top1/top5 66.45%/93.52%

#######################################################
model saved at ./checkpoints/centralized_iid_bn_fedprox.pth.tar
Client 21 Linear evaluating centralized model
Client 21 Epoch [5/10]:
                          learning rate : 0.001000
                          test acc/top1 : 69.01%
                          test acc/top5 : 96.77%
                          test loss : 0.95
                          train loss : 0.36 
                          time taken : 337.55 
Client 21 Linear evaluating centralized model
Client 21 Epoch [10/10]:
                          learning rate : 0.001000
                          test acc/top1 : 68.59%
                          test acc/top5 : 96.77%
                          test loss : 0.96
                          train loss : 0.47 
                          time taken : 282.63 
Training complete best top1/top5: 68.59%/96.77%
Client -1 Linear evaluating centralized model
#######################################################
 
Avg Validation Stats after 44 global rounds
Validation Loss     : 2.24
Validation Accuracy : top1/top5 65.98%/93.27%

#######################################################
model saved at ./checkpoints/centralized_iid_bn_fedprox.pth.tar
Client 85 Linear evaluating centralized model
Client 85 Epoch [5/10]:
                          learning rate : 0.001000
                          test acc/top1 : 68.79%
                          test acc/top5 : 96.81%
                          test loss : 0.94
                          train loss : 0.26 
                          time taken : 369.55 
Client 85 Linear evaluating centralized model
Client 85 Epoch [10/10]:
                          learning rate : 0.001000
                          test acc/top1 : 68.75%
                          test acc/top5 : 96.69%
                          test loss : 0.96
                          train loss : 0.32 
                          time taken : 323.20 
Training complete best top1/top5: 68.75%/96.69%
Client -1 Linear evaluating centralized model
#######################################################
 
Avg Validation Stats after 45 global rounds
Validation Loss     : 2.20
Validation Accuracy : top1/top5 67.88%/93.87%

#######################################################
model saved at ./checkpoints/centralized_iid_bn_fedprox.pth.tar
Client 20 Linear evaluating centralized model
Client 20 Epoch [5/10]:
                          learning rate : 0.001000
                          test acc/top1 : 69.13%
                          test acc/top5 : 96.88%
                          test loss : 0.94
                          train loss : 0.32 
                          time taken : 378.46 
Client 20 Linear evaluating centralized model
Client 20 Epoch [10/10]:
                          learning rate : 0.001000
                          test acc/top1 : 69.45%
                          test acc/top5 : 96.71%
                          test loss : 0.97
                          train loss : 0.47 
                          time taken : 306.11 
Training complete best top1/top5: 69.45%/96.71%
Client -1 Linear evaluating centralized model
#######################################################
 
Avg Validation Stats after 46 global rounds
Validation Loss     : 2.18
Validation Accuracy : top1/top5 67.82%/94.41%

#######################################################
model saved at ./checkpoints/centralized_iid_bn_fedprox.pth.tar
Client 81 Linear evaluating centralized model
Client 81 Epoch [5/10]:
                          learning rate : 0.001000
                          test acc/top1 : 70.01%
                          test acc/top5 : 96.77%
                          test loss : 0.93
                          train loss : 0.32 
                          time taken : 331.73 
Client 81 Linear evaluating centralized model
Client 81 Epoch [10/10]:
                          learning rate : 0.001000
                          test acc/top1 : 69.17%
                          test acc/top5 : 96.79%
                          test loss : 0.95
                          train loss : 0.47 
                          time taken : 315.11 
Training complete best top1/top5: 69.17%/96.79%
Client -1 Linear evaluating centralized model
#######################################################
 
Avg Validation Stats after 47 global rounds
Validation Loss     : 2.18
Validation Accuracy : top1/top5 67.47%/93.48%

#######################################################
model saved at ./checkpoints/centralized_iid_bn_fedprox.pth.tar
Client 25 Linear evaluating centralized model
Client 25 Epoch [5/10]:
                          learning rate : 0.001000
                          test acc/top1 : 70.21%
                          test acc/top5 : 96.71%
                          test loss : 0.92
                          train loss : 0.31 
                          time taken : 328.73 
Client 25 Linear evaluating centralized model
Client 25 Epoch [10/10]:
                          learning rate : 0.001000
                          test acc/top1 : 69.73%
                          test acc/top5 : 96.61%
                          test loss : 0.93
                          train loss : 0.45 
                          time taken : 371.78 
Training complete best top1/top5: 69.73%/96.61%
Client -1 Linear evaluating centralized model
#######################################################
 
Avg Validation Stats after 48 global rounds
Validation Loss     : 2.18
Validation Accuracy : top1/top5 67.47%/94.17%

#######################################################
model saved at ./checkpoints/centralized_iid_bn_fedprox.pth.tar
Client 89 Linear evaluating centralized model
Client 89 Epoch [5/10]:
                          learning rate : 0.001000
                          test acc/top1 : 69.87%
                          test acc/top5 : 96.55%
                          test loss : 0.93
                          train loss : 0.39 
                          time taken : 329.12 
Client 89 Linear evaluating centralized model
Client 89 Epoch [10/10]:
                          learning rate : 0.001000
                          test acc/top1 : 69.53%
                          test acc/top5 : 97.00%
                          test loss : 0.93
                          train loss : 0.52 
                          time taken : 343.82 
Training complete best top1/top5: 69.53%/97.00%
Client -1 Linear evaluating centralized model
#######################################################
 
Avg Validation Stats after 49 global rounds
Validation Loss     : 2.28
Validation Accuracy : top1/top5 66.28%/93.64%

#######################################################
model saved at ./checkpoints/centralized_iid_bn_fedprox.pth.tar
Client 2 Linear evaluating centralized model
Client 2 Epoch [5/10]:
                          learning rate : 0.001000
                          test acc/top1 : 70.05%
                          test acc/top5 : 96.77%
                          test loss : 0.92
                          train loss : 0.29 
                          time taken : 293.61 
Client 2 Linear evaluating centralized model
Client 2 Epoch [10/10]:
                          learning rate : 0.001000
                          test acc/top1 : 69.01%
                          test acc/top5 : 96.77%
                          test loss : 0.94
                          train loss : 0.49 
                          time taken : 412.61 
Training complete best top1/top5: 69.01%/96.77%
Client -1 Linear evaluating centralized model
#######################################################
 
Avg Validation Stats after 50 global rounds
Validation Loss     : 2.22
Validation Accuracy : top1/top5 67.41%/93.43%

#######################################################
model saved at ./checkpoints/centralized_iid_bn_fedprox.pth.tar
Client 61 Linear evaluating centralized model
Client 61 Epoch [5/10]:
                          learning rate : 0.001000
                          test acc/top1 : 68.97%
                          test acc/top5 : 96.71%
                          test loss : 0.93
                          train loss : 0.36 
                          time taken : 319.47 
Client 61 Linear evaluating centralized model
Client 61 Epoch [10/10]:
                          learning rate : 0.001000
                          test acc/top1 : 69.29%
                          test acc/top5 : 96.65%
                          test loss : 0.93
                          train loss : 0.31 
                          time taken : 370.87 
Training complete best top1/top5: 69.29%/96.65%
Client -1 Linear evaluating centralized model
#######################################################
 
Avg Validation Stats after 51 global rounds
Validation Loss     : 2.18
Validation Accuracy : top1/top5 67.77%/94.42%

#######################################################
model saved at ./checkpoints/centralized_iid_bn_fedprox.pth.tar
Client 67 Linear evaluating centralized model
Client 67 Epoch [5/10]:
                          learning rate : 0.001000
                          test acc/top1 : 69.71%
                          test acc/top5 : 96.67%
                          test loss : 0.93
                          train loss : 0.42 
                          time taken : 325.10 
Client 67 Linear evaluating centralized model
Client 67 Epoch [10/10]:
                          learning rate : 0.001000
                          test acc/top1 : 69.79%
                          test acc/top5 : 96.57%
                          test loss : 0.94
                          train loss : 0.40 
                          time taken : 381.35 
Training complete best top1/top5: 69.79%/96.57%
Client -1 Linear evaluating centralized model
#######################################################
 
Avg Validation Stats after 52 global rounds
Validation Loss     : 2.08
Validation Accuracy : top1/top5 68.57%/94.59%

#######################################################
model saved at ./checkpoints/centralized_iid_bn_fedprox.pth.tar
Client 1 Linear evaluating centralized model
Client 1 Epoch [5/10]:
                          learning rate : 0.001000
                          test acc/top1 : 69.05%
                          test acc/top5 : 96.65%
                          test loss : 0.94
                          train loss : 0.34 
                          time taken : 338.29 
Client 1 Linear evaluating centralized model
Client 1 Epoch [10/10]:
                          learning rate : 0.001000
                          test acc/top1 : 69.15%
                          test acc/top5 : 96.83%
                          test loss : 0.95
                          train loss : 0.36 
                          time taken : 340.26 
Training complete best top1/top5: 69.15%/96.83%
Client -1 Linear evaluating centralized model
#######################################################
 
Avg Validation Stats after 53 global rounds
Validation Loss     : 2.20
Validation Accuracy : top1/top5 67.90%/94.55%

#######################################################
model saved at ./checkpoints/centralized_iid_bn_fedprox.pth.tar
Client 82 Linear evaluating centralized model
Client 82 Epoch [5/10]:
                          learning rate : 0.001000
                          test acc/top1 : 69.13%
                          test acc/top5 : 96.71%
                          test loss : 0.96
                          train loss : 0.21 
                          time taken : 335.76 
Client 82 Linear evaluating centralized model
Client 82 Epoch [10/10]:
                          learning rate : 0.001000
                          test acc/top1 : 69.69%
                          test acc/top5 : 96.73%
                          test loss : 0.95
                          train loss : 0.43 
                          time taken : 268.80 
Training complete best top1/top5: 69.69%/96.73%
Client -1 Linear evaluating centralized model
#######################################################
 
Avg Validation Stats after 54 global rounds
Validation Loss     : 2.18
Validation Accuracy : top1/top5 68.30%/93.26%

#######################################################
model saved at ./checkpoints/centralized_iid_bn_fedprox.pth.tar
Client 18 Linear evaluating centralized model
Client 18 Epoch [5/10]:
                          learning rate : 0.001000
                          test acc/top1 : 68.63%
                          test acc/top5 : 96.75%
                          test loss : 0.97
                          train loss : 0.30 
                          time taken : 355.90 
Client 18 Linear evaluating centralized model
Client 18 Epoch [10/10]:
                          learning rate : 0.001000
                          test acc/top1 : 69.83%
                          test acc/top5 : 96.85%
                          test loss : 0.92
                          train loss : 0.33 
                          time taken : 290.90 
Training complete best top1/top5: 69.83%/96.85%
Client -1 Linear evaluating centralized model
#######################################################
 
Avg Validation Stats after 55 global rounds
Validation Loss     : 2.21
Validation Accuracy : top1/top5 68.37%/94.20%

#######################################################
model saved at ./checkpoints/centralized_iid_bn_fedprox.pth.tar
Client 70 Linear evaluating centralized model
Client 70 Epoch [5/10]:
                          learning rate : 0.001000
                          test acc/top1 : 69.77%
                          test acc/top5 : 96.67%
                          test loss : 0.92
                          train loss : 0.31 
                          time taken : 342.66 
Client 70 Linear evaluating centralized model
Client 70 Epoch [10/10]:
                          learning rate : 0.001000
                          test acc/top1 : 70.11%
                          test acc/top5 : 96.59%
                          test loss : 0.92
                          train loss : 0.31 
                          time taken : 340.50 
Training complete best top1/top5: 70.11%/96.59%
Client -1 Linear evaluating centralized model
#######################################################
 
Avg Validation Stats after 56 global rounds
Validation Loss     : 2.30
Validation Accuracy : top1/top5 67.91%/94.18%

#######################################################
model saved at ./checkpoints/centralized_iid_bn_fedprox.pth.tar
Client 61 Linear evaluating centralized model
Client 61 Epoch [5/10]:
                          learning rate : 0.001000
                          test acc/top1 : 69.65%
                          test acc/top5 : 96.43%
                          test loss : 0.93
                          train loss : 0.30 
                          time taken : 303.77 
Client 61 Linear evaluating centralized model
Client 61 Epoch [10/10]:
                          learning rate : 0.001000
                          test acc/top1 : 70.75%
                          test acc/top5 : 96.85%
                          test loss : 0.92
                          train loss : 0.35 
                          time taken : 350.81 
Training complete best top1/top5: 70.75%/96.85%
Client -1 Linear evaluating centralized model
#######################################################
 
Avg Validation Stats after 57 global rounds
Validation Loss     : 2.27
Validation Accuracy : top1/top5 67.98%/93.86%

#######################################################
model saved at ./checkpoints/centralized_iid_bn_fedprox.pth.tar
Client 61 Linear evaluating centralized model
Client 61 Epoch [5/10]:
                          learning rate : 0.001000
                          test acc/top1 : 69.93%
                          test acc/top5 : 96.83%
                          test loss : 0.92
                          train loss : 0.26 
                          time taken : 359.35 
Client 61 Linear evaluating centralized model
Client 61 Epoch [10/10]:
                          learning rate : 0.001000
                          test acc/top1 : 68.93%
                          test acc/top5 : 96.69%
                          test loss : 0.95
                          train loss : 0.51 
                          time taken : 375.31 
Training complete best top1/top5: 68.93%/96.69%
Client -1 Linear evaluating centralized model
#######################################################
 
Avg Validation Stats after 58 global rounds
Validation Loss     : 2.23
Validation Accuracy : top1/top5 67.66%/94.13%

#######################################################
model saved at ./checkpoints/centralized_iid_bn_fedprox.pth.tar
Client 13 Linear evaluating centralized model
Client 13 Epoch [5/10]:
                          learning rate : 0.001000
                          test acc/top1 : 68.95%
                          test acc/top5 : 96.51%
                          test loss : 0.97
                          train loss : 0.39 
                          time taken : 288.45 
Client 13 Linear evaluating centralized model
Client 13 Epoch [10/10]:
                          learning rate : 0.001000
                          test acc/top1 : 69.31%
                          test acc/top5 : 96.67%
                          test loss : 0.94
                          train loss : 0.24 
                          time taken : 404.86 
Training complete best top1/top5: 69.31%/96.67%
Client -1 Linear evaluating centralized model
#######################################################
 
Avg Validation Stats after 59 global rounds
Validation Loss     : 2.21
Validation Accuracy : top1/top5 68.69%/94.27%

#######################################################
model saved at ./checkpoints/centralized_iid_bn_fedprox.pth.tar
Client 56 Linear evaluating centralized model
Client 56 Epoch [5/10]:
                          learning rate : 0.001000
                          test acc/top1 : 69.01%
                          test acc/top5 : 96.77%
                          test loss : 0.94
                          train loss : 0.22 
                          time taken : 289.88 
Client 56 Linear evaluating centralized model
Client 56 Epoch [10/10]:
                          learning rate : 0.001000
                          test acc/top1 : 68.59%
                          test acc/top5 : 96.55%
                          test loss : 0.95
                          train loss : 0.45 
                          time taken : 345.91 
Training complete best top1/top5: 68.59%/96.55%
Client -1 Linear evaluating centralized model
#######################################################
 
Avg Validation Stats after 60 global rounds
Validation Loss     : 2.20
Validation Accuracy : top1/top5 68.38%/93.40%

#######################################################
model saved at ./checkpoints/centralized_iid_bn_fedprox.pth.tar
slurmstepd: error: *** JOB 171649 ON b01 CANCELLED AT 2022-08-30T14:24:15 DUE TO TIME LIMIT ***
