wandb: Currently logged in as: crazyboy9103. Use `wandb login --relogin` to force relogin
wandb: wandb version 0.13.2 is available!  To upgrade, please run:
wandb:  $ pip install wandb --upgrade
wandb: Tracking run with wandb version 0.13.1
wandb: Run data is saved locally in /home/kwangyeongill/FedSSL_clean/wandb/run-20220830_020222-20220830_020220
wandb: Run `wandb offline` to turn off syncing.
wandb: Syncing run centralized_iid_bn_fedprox
wandb: ⭐️ View project at https://wandb.ai/crazyboy9103/Fed
wandb: 🚀 View run at https://wandb.ai/crazyboy9103/Fed/runs/20220830_020220
Files already downloaded and verified
Files already downloaded and verified
Client 56 Linear evaluating centralized model
Client 56 Epoch [5/10]:
                          learning rate : 0.001000
                          test acc/top1 : 43.49%
                          test acc/top5 : 89.60%
                          test loss : 1.62
                          train loss : 1.88 
                          time taken : 234.27 
Client 56 Linear evaluating centralized model
Client 56 Epoch [10/10]:
                          learning rate : 0.001000
                          test acc/top1 : 49.40%
                          test acc/top5 : 92.49%
                          test loss : 1.46
                          train loss : 1.52 
                          time taken : 226.85 
Training complete best top1/top5: 49.40%/92.49%
Client -1 Linear evaluating centralized model
#######################################################
 
Avg Validation Stats after 1 global rounds
Validation Loss     : 1.74
Validation Accuracy : top1/top5 46.85%/90.09%

#######################################################
model saved at ./checkpoints/centralized_iid_bn_fedprox.pth.tar
Client 3 Linear evaluating centralized model
Client 3 Epoch [5/10]:
                          learning rate : 0.001000
                          test acc/top1 : 54.45%
                          test acc/top5 : 93.93%
                          test loss : 1.34
                          train loss : 1.29 
                          time taken : 232.28 
Traceback (most recent call last):
  File "<string>", line 1, in <module>
  File "/home/kwangyeongill/anaconda/envs/FedSSL/lib/python3.9/multiprocessing/spawn.py", line 116, in spawn_main
    exitcode = _main(fd, parent_sentinel)
  File "/home/kwangyeongill/anaconda/envs/FedSSL/lib/python3.9/multiprocessing/spawn.py", line 125, in _main
    prepare(preparation_data)
  File "/home/kwangyeongill/anaconda/envs/FedSSL/lib/python3.9/multiprocessing/spawn.py", line 236, in prepare
    _fixup_main_from_path(data['init_main_from_path'])
  File "/home/kwangyeongill/anaconda/envs/FedSSL/lib/python3.9/multiprocessing/spawn.py", line 287, in _fixup_main_from_path
    main_content = runpy.run_path(main_path,
  File "/home/kwangyeongill/anaconda/envs/FedSSL/lib/python3.9/runpy.py", line 268, in run_path
    return _run_module_code(code, init_globals, run_name,
  File "/home/kwangyeongill/anaconda/envs/FedSSL/lib/python3.9/runpy.py", line 97, in _run_module_code
    _run_code(code, mod_globals, init_globals,
  File "/home/kwangyeongill/anaconda/envs/FedSSL/lib/python3.9/runpy.py", line 87, in _run_code
    exec(code, run_globals)
  File "/home/kwangyeongill/FedSSL_clean/main.py", line 15, in <module>
    from trainers import Trainer
ImportError: cannot import name 'Trainer' from 'trainers' (/home/kwangyeongill/FedSSL_clean/trainers.py)
slurmstepd: error: *** JOB 171636 ON b04 CANCELLED AT 2022-08-30T02:20:48 ***
