wandb: Currently logged in as: crazyboy9103. Use `wandb login --relogin` to force relogin
wandb: wandb version 0.13.4 is available!  To upgrade, please run:
wandb:  $ pip install wandb --upgrade
wandb: Tracking run with wandb version 0.13.1
wandb: Run data is saved locally in /home/kwangyeongill/FedSSL_clean/wandb/run-20221025_220832-20221025_220830
wandb: Run `wandb offline` to turn off syncing.
wandb: Syncing run fedavg_noniid_ema_0.01
wandb: ⭐️ View project at https://wandb.ai/crazyboy9103/Fed
wandb: 🚀 View run at https://wandb.ai/crazyboy9103/Fed/runs/20221025_220830
Files already downloaded and verified
Files already downloaded and verified
[W CudaIPCTypes.cpp:92] Producer process tried to deallocate over 1000 memory blocks referred by consumer processes. Deallocation might be significantly slowed down. We assume it will never going to be the case, but if it is, please file but to https://github.com/pytorch/pytorch
Client 38 Linear evaluating FLSL model
Client 43 Linear evaluating FLSL model
Client 8 Linear evaluating FLSL model
Client 95 Linear evaluating FLSL model
Client 70 Linear evaluating FLSL model
Client 47 Linear evaluating FLSL model
Client 38 Epoch [5/5]:
                          learning rate : 0.001000
                          test acc/top1 : 32.61%
                          test acc/top5 : 86.50%
                          test loss : 1.88
                          train loss : 0.31 
                          time taken : 275.95 
Training complete best top1/top5: 32.61%/86.50%
[W CudaIPCTypes.cpp:15] Producer process has been terminated before all shared CUDA tensors released. See Note [Sharing CUDA tensors]
Client 30 Linear evaluating FLSL model
Client 43 Epoch [5/5]:
                          learning rate : 0.001000
                          test acc/top1 : 33.57%
                          test acc/top5 : 85.62%
                          test loss : 1.84
                          train loss : 0.47 
                          time taken : 273.87 
Training complete best top1/top5: 33.57%/85.62%
[W CudaIPCTypes.cpp:15] Producer process has been terminated before all shared CUDA tensors released. See Note [Sharing CUDA tensors]
Client 86 Linear evaluating FLSL model
Client 8 Epoch [5/5]:
                          learning rate : 0.001000
                          test acc/top1 : 34.33%
                          test acc/top5 : 87.80%
                          test loss : 1.83
                          train loss : 0.37 
                          time taken : 276.12 
Training complete best top1/top5: 34.33%/87.80%
Client 83 Linear evaluating FLSL model
[W CudaIPCTypes.cpp:15] Producer process has been terminated before all shared CUDA tensors released. See Note [Sharing CUDA tensors]
Client 95 Epoch [5/5]:
                          learning rate : 0.001000
                          test acc/top1 : 34.09%
                          test acc/top5 : 84.70%
                          test loss : 1.93
                          train loss : 0.41 
                          time taken : 273.01 
Training complete best top1/top5: 34.09%/84.70%
[W CudaIPCTypes.cpp:15] Producer process has been terminated before all shared CUDA tensors released. See Note [Sharing CUDA tensors]
Client 32 Linear evaluating FLSL model
Client 70 Epoch [5/5]:
                          learning rate : 0.001000
                          test acc/top1 : 34.09%
                          test acc/top5 : 86.84%
                          test loss : 1.78
                          train loss : 0.23 
                          time taken : 273.95 
Training complete best top1/top5: 34.09%/86.84%
[W CudaIPCTypes.cpp:15] Producer process has been terminated before all shared CUDA tensors released. See Note [Sharing CUDA tensors]
Client 47 Epoch [5/5]:
                          learning rate : 0.001000
                          test acc/top1 : 33.15%
                          test acc/top5 : 85.34%
                          test loss : 1.84
                          train loss : 0.44 
                          time taken : 273.51 
Training complete best top1/top5: 33.15%/85.34%
[W CudaIPCTypes.cpp:15] Producer process has been terminated before all shared CUDA tensors released. See Note [Sharing CUDA tensors]
Client 30 Epoch [5/5]:
                          learning rate : 0.001000
                          test acc/top1 : 34.11%
                          test acc/top5 : 88.02%
                          test loss : 1.80
                          train loss : 0.37 
                          time taken : 273.71 
Training complete best top1/top5: 34.11%/88.02%
[W CudaIPCTypes.cpp:15] Producer process has been terminated before all shared CUDA tensors released. See Note [Sharing CUDA tensors]
Client 86 Epoch [5/5]:
                          learning rate : 0.001000
                          test acc/top1 : 35.90%
                          test acc/top5 : 87.06%
                          test loss : 1.78
                          train loss : 0.37 
                          time taken : 272.93 
Training complete best top1/top5: 35.90%/87.06%
[W CudaIPCTypes.cpp:15] Producer process has been terminated before all shared CUDA tensors released. See Note [Sharing CUDA tensors]
Client 83 Epoch [5/5]:
                          learning rate : 0.001000
                          test acc/top1 : 32.01%
                          test acc/top5 : 86.50%
                          test loss : 1.88
                          train loss : 0.33 
                          time taken : 271.36 
Training complete best top1/top5: 32.01%/86.50%
[W CudaIPCTypes.cpp:15] Producer process has been terminated before all shared CUDA tensors released. See Note [Sharing CUDA tensors]
Client 32 Epoch [5/5]:
                          learning rate : 0.001000
                          test acc/top1 : 34.17%
                          test acc/top5 : 86.94%
                          test loss : 1.81
                          train loss : 0.20 
                          time taken : 270.03 
Training complete best top1/top5: 34.17%/86.94%
Client -1 Linear evaluating FLSL model
#######################################################
 
Avg Validation Stats after 1 global rounds
Validation Loss     : 3.23
Validation Accuracy : top1/top5 14.73%/60.63%

#######################################################
model saved at ./checkpoints/FLSL_noniid_bn_fedavg.pth.tar
