wandb: Currently logged in as: crazyboy9103. Use `wandb login --relogin` to force relogin
wandb: Tracking run with wandb version 0.13.1
wandb: Run data is saved locally in /home/kwangyeongill/FedSSL_clean/wandb/run-20220821_123050-20220821_123048
wandb: Run `wandb offline` to turn off syncing.
wandb: Syncing run FL_noniid_bn_fedavg_eigen
wandb: ⭐️ View project at https://wandb.ai/crazyboy9103/Fed
wandb: 🚀 View run at https://wandb.ai/crazyboy9103/Fed/runs/20220821_123048
Files already downloaded and verified
Files already downloaded and verified

 | Global Training Round : 1 |

[W CudaIPCTypes.cpp:92] Producer process tried to deallocate over 1000 memory blocks referred by consumer processes. Deallocation might be significantly slowed down. We assume it will never going to be the case, but if it is, please file but to https://github.com/pytorch/pytorch
Client 92 Linear evaluating FL model
Client 69 Linear evaluating FL model
Client 98 Linear evaluating FL model
Client 91 Linear evaluating FL model
Client 94 Linear evaluating FL model
Client 92 Epoch [5/10]:
                          learning rate : 0.001000
                          test acc/top1 : 37.04%
                          test acc/top5 : 87.26%
                          test loss : 1.77
                          train loss : 0.98 
                          time taken : 158.10 
Client 69 Epoch [5/10]:
                          learning rate : 0.001000
                          test acc/top1 : 34.70%
                          test acc/top5 : 87.74%
                          test loss : 1.78
                          train loss : 0.49 
                          time taken : 154.56 
Client 85 Linear evaluating FL model
Client 54 Linear evaluating FL model
Client 98 Epoch [5/10]:
                          learning rate : 0.001000
                          test acc/top1 : 36.10%
                          test acc/top5 : 88.56%
                          test loss : 1.76
                          train loss : 0.43 
                          time taken : 157.81 
Client 91 Epoch [5/10]:
                          learning rate : 0.001000
                          test acc/top1 : 33.85%
                          test acc/top5 : 86.14%
                          test loss : 1.81
                          train loss : 0.76 
                          time taken : 152.27 
Client 45 Linear evaluating FL model
Client 94 Epoch [5/10]:
                          learning rate : 0.001000
                          test acc/top1 : 33.39%
                          test acc/top5 : 86.30%
                          test loss : 1.82
                          train loss : 0.46 
                          time taken : 153.40 
Client 79 Linear evaluating FL model
Client 85 Epoch [5/10]:
                          learning rate : 0.001000
                          test acc/top1 : 35.96%
                          test acc/top5 : 88.02%
                          test loss : 1.76
                          train loss : 0.84 
                          time taken : 159.62 
Client 54 Epoch [5/10]:
                          learning rate : 0.001000
                          test acc/top1 : 35.58%
                          test acc/top5 : 87.30%
                          test loss : 1.78
                          train loss : 0.76 
                          time taken : 152.84 
Client 52 Linear evaluating FL model
Client 45 Epoch [5/10]:
                          learning rate : 0.001000
                          test acc/top1 : 32.23%
                          test acc/top5 : 87.34%
                          test loss : 1.87
                          train loss : 0.70 
                          time taken : 159.19 
Client 79 Epoch [5/10]:
                          learning rate : 0.001000
                          test acc/top1 : 33.39%
                          test acc/top5 : 86.74%
                          test loss : 1.84
                          train loss : 0.73 
                          time taken : 165.07 
Client 52 Epoch [5/10]:
                          learning rate : 0.001000
                          test acc/top1 : 34.46%
                          test acc/top5 : 87.30%
                          test loss : 1.84
                          train loss : 0.84 
                          time taken : 166.61 
Client 92 Linear evaluating FL model
Client 69 Linear evaluating FL model
Client 91 Linear evaluating FL model
Client 98 Linear evaluating FL model
Client 94 Linear evaluating FL model
Client 92 Epoch [10/10]:
                          learning rate : 0.001000
                          test acc/top1 : 35.60%
                          test acc/top5 : 86.62%
                          test loss : 1.79
                          train loss : 0.38 
                          time taken : 160.86 
Training complete best top1/top5: 35.60%/86.62%
[W CudaIPCTypes.cpp:15] Producer process has been terminated before all shared CUDA tensors released. See Note [Sharing CUDA tensors]
Client 54 Linear evaluating FL model
Client 69 Epoch [10/10]:
                          learning rate : 0.001000
                          test acc/top1 : 35.12%
                          test acc/top5 : 87.64%
                          test loss : 1.76
                          train loss : 0.38 
                          time taken : 162.55 
Training complete best top1/top5: 35.12%/87.64%
Client 85 Linear evaluating FL model
Client 91 Epoch [10/10]:
                          learning rate : 0.001000
                          test acc/top1 : 37.44%
                          test acc/top5 : 87.42%
                          test loss : 1.75
                          train loss : 0.20 
                          time taken : 155.20 
Training complete best top1/top5: 37.44%/87.42%
[W CudaIPCTypes.cpp:15] Producer process has been terminated before all shared CUDA tensors released. See Note [Sharing CUDA tensors]
[W CudaIPCTypes.cpp:15] Producer process has been terminated before all shared CUDA tensors released. See Note [Sharing CUDA tensors]
Client 94 Epoch [10/10]:
                          learning rate : 0.001000
                          test acc/top1 : 34.76%
                          test acc/top5 : 87.46%
                          test loss : 1.77
                          train loss : 0.22 
                          time taken : 154.23 
Training complete best top1/top5: 34.76%/87.46%
Client 98 Epoch [10/10]:
                          learning rate : 0.001000
                          test acc/top1 : 35.96%
                          test acc/top5 : 87.82%
                          test loss : 1.77
                          train loss : 0.22 
                          time taken : 163.67 
Training complete best top1/top5: 35.96%/87.82%
[W CudaIPCTypes.cpp:15] Producer process has been terminated before all shared CUDA tensors released. See Note [Sharing CUDA tensors]
[W CudaIPCTypes.cpp:15] Producer process has been terminated before all shared CUDA tensors released. See Note [Sharing CUDA tensors]
Client 45 Linear evaluating FL model
Client 54 Epoch [10/10]:
                          learning rate : 0.001000
                          test acc/top1 : 35.66%
                          test acc/top5 : 86.28%
                          test loss : 1.83
                          train loss : 0.32 
                          time taken : 154.18 
Training complete best top1/top5: 35.66%/86.28%
[W CudaIPCTypes.cpp:15] Producer process has been terminated before all shared CUDA tensors released. See Note [Sharing CUDA tensors]
Client 79 Linear evaluating FL model
Client 85 Epoch [10/10]:
                          learning rate : 0.001000
                          test acc/top1 : 36.90%
                          test acc/top5 : 87.92%
                          test loss : 1.78
                          train loss : 0.54 
                          time taken : 161.86 
Training complete best top1/top5: 36.90%/87.92%
Client 52 Linear evaluating FL model
[W CudaIPCTypes.cpp:15] Producer process has been terminated before all shared CUDA tensors released. See Note [Sharing CUDA tensors]
Client 45 Epoch [10/10]:
                          learning rate : 0.001000
                          test acc/top1 : 32.77%
                          test acc/top5 : 87.88%
                          test loss : 1.87
                          train loss : 0.41 
                          time taken : 156.69 
Training complete best top1/top5: 32.77%/87.88%
[W CudaIPCTypes.cpp:15] Producer process has been terminated before all shared CUDA tensors released. See Note [Sharing CUDA tensors]
Client 79 Epoch [10/10]:
                          learning rate : 0.001000
                          test acc/top1 : 37.66%
                          test acc/top5 : 87.10%
                          test loss : 1.77
                          train loss : 0.63 
                          time taken : 154.53 
Training complete best top1/top5: 37.66%/87.10%
[W CudaIPCTypes.cpp:15] Producer process has been terminated before all shared CUDA tensors released. See Note [Sharing CUDA tensors]
Client 52 Epoch [10/10]:
                          learning rate : 0.001000
                          test acc/top1 : 35.16%
                          test acc/top5 : 88.26%
                          test loss : 1.76
                          train loss : 0.32 
                          time taken : 153.41 
Training complete best top1/top5: 35.16%/88.26%
0 summary
1 summary
2 summary
3 summary
4 summary
5 summary
6 summary
7 summary
8 summary
9 summary
Client -1 Linear evaluating FL model
#######################################################
 
Avg Validation Stats after 1 global rounds
Validation Loss     : 2.40
Validation Accuracy : top1/top5 22.51%/72.35%

#######################################################
model saved at ./checkpoints/FL_noniid_bn_fedavg_eigen.pth.tar

 | Global Training Round : 2 |

Client 9 Linear evaluating FL model
Client 18 Linear evaluating FL model
Client 74 Linear evaluating FL model
Client 23 Linear evaluating FL model
Client 52 Linear evaluating FL model
Client 9 Epoch [5/10]:
                          learning rate : 0.001000
                          test acc/top1 : 37.66%
                          test acc/top5 : 87.46%
                          test loss : 1.74
                          train loss : 0.42 
                          time taken : 156.56 
Client 84 Linear evaluating FL model
Client 18 Epoch [5/10]:
                          learning rate : 0.001000
                          test acc/top1 : 36.18%
                          test acc/top5 : 87.74%
                          test loss : 1.81
                          train loss : 0.36 
                          time taken : 158.36 
Client 85 Linear evaluating FL model
Client 74 Epoch [5/10]:
                          learning rate : 0.001000
                          test acc/top1 : 37.06%
                          test acc/top5 : 88.28%
                          test loss : 1.74
                          train loss : 0.52 
                          time taken : 159.94 
Client 54 Linear evaluating FL model
Client 23 Epoch [5/10]:
                          learning rate : 0.001000
                          test acc/top1 : 37.42%
                          test acc/top5 : 88.64%
                          test loss : 1.72
                          train loss : 0.43 
                          time taken : 158.31 
Client 52 Epoch [5/10]:
                          learning rate : 0.001000
                          test acc/top1 : 36.94%
                          test acc/top5 : 88.46%
                          test loss : 1.76
                          train loss : 0.51 
                          time taken : 157.37 
Client 48 Linear evaluating FL model
Client 84 Epoch [5/10]:
                          learning rate : 0.001000
                          test acc/top1 : 34.94%
                          test acc/top5 : 87.98%
                          test loss : 1.77
                          train loss : 0.45 
                          time taken : 156.30 
Client 93 Linear evaluating FL model
Client 85 Epoch [5/10]:
                          learning rate : 0.001000
                          test acc/top1 : 37.16%
                          test acc/top5 : 88.54%
                          test loss : 1.74
                          train loss : 0.46 
                          time taken : 159.68 
Client 54 Epoch [5/10]:
                          learning rate : 0.001000
                          test acc/top1 : 36.12%
                          test acc/top5 : 86.76%
                          test loss : 1.76
                          train loss : 0.66 
                          time taken : 157.92 
Client 48 Epoch [5/10]:
                          learning rate : 0.001000
                          test acc/top1 : 38.96%
                          test acc/top5 : 89.38%
                          test loss : 1.68
                          train loss : 0.50 
                          time taken : 160.45 
Client 93 Epoch [5/10]:
                          learning rate : 0.001000
                          test acc/top1 : 37.62%
                          test acc/top5 : 88.94%
                          test loss : 1.75
                          train loss : 0.45 
                          time taken : 160.85 
Client 9 Linear evaluating FL model
Client 18 Linear evaluating FL model
Client 74 Linear evaluating FL model
Client 23 Linear evaluating FL model
Client 52 Linear evaluating FL model
Client 84 Linear evaluating FL model
Client 9 Epoch [10/10]:
                          learning rate : 0.001000
                          test acc/top1 : 36.64%
                          test acc/top5 : 87.68%
                          test loss : 1.77
                          train loss : 0.28 
                          time taken : 162.99 
Training complete best top1/top5: 36.64%/87.68%
[W CudaIPCTypes.cpp:15] Producer process has been terminated before all shared CUDA tensors released. See Note [Sharing CUDA tensors]
Client 18 Epoch [10/10]:
                          learning rate : 0.001000
                          test acc/top1 : 37.16%
                          test acc/top5 : 89.62%
                          test loss : 1.72
                          train loss : 0.29 
                          time taken : 160.03 
Training complete best top1/top5: 37.16%/89.62%
[W CudaIPCTypes.cpp:15] Producer process has been terminated before all shared CUDA tensors released. See Note [Sharing CUDA tensors]
Client 85 Linear evaluating FL model
Client 74 Epoch [10/10]:
                          learning rate : 0.001000
                          test acc/top1 : 37.34%
                          test acc/top5 : 88.86%
                          test loss : 1.73
                          train loss : 0.38 
                          time taken : 159.90 
Training complete best top1/top5: 37.34%/88.86%
[W CudaIPCTypes.cpp:15] Producer process has been terminated before all shared CUDA tensors released. See Note [Sharing CUDA tensors]
Client 23 Epoch [10/10]:
                          learning rate : 0.001000
                          test acc/top1 : 36.94%
                          test acc/top5 : 89.60%
                          test loss : 1.73
                          train loss : 0.29 
                          time taken : 159.04 
Training complete best top1/top5: 36.94%/89.60%
Client 54 Linear evaluating FL model
[W CudaIPCTypes.cpp:15] Producer process has been terminated before all shared CUDA tensors released. See Note [Sharing CUDA tensors]
Client 52 Epoch [10/10]:
                          learning rate : 0.001000
                          test acc/top1 : 36.40%
                          test acc/top5 : 88.62%
                          test loss : 1.74
                          train loss : 0.27 
                          time taken : 159.97 
Training complete best top1/top5: 36.40%/88.62%
[W CudaIPCTypes.cpp:15] Producer process has been terminated before all shared CUDA tensors released. See Note [Sharing CUDA tensors]
Client 48 Linear evaluating FL model
Client 84 Epoch [10/10]:
                          learning rate : 0.001000
                          test acc/top1 : 35.08%
                          test acc/top5 : 86.60%
                          test loss : 1.81
                          train loss : 0.40 
                          time taken : 156.80 
Training complete best top1/top5: 35.08%/86.60%
[W CudaIPCTypes.cpp:15] Producer process has been terminated before all shared CUDA tensors released. See Note [Sharing CUDA tensors]
Client 93 Linear evaluating FL model
Client 85 Epoch [10/10]:
                          learning rate : 0.001000
                          test acc/top1 : 36.60%
                          test acc/top5 : 87.30%
                          test loss : 1.85
                          train loss : 0.43 
                          time taken : 160.67 
Training complete best top1/top5: 36.60%/87.30%
[W CudaIPCTypes.cpp:15] Producer process has been terminated before all shared CUDA tensors released. See Note [Sharing CUDA tensors]
Client 54 Epoch [10/10]:
                          learning rate : 0.001000
                          test acc/top1 : 38.32%
                          test acc/top5 : 87.46%
                          test loss : 1.73
                          train loss : 0.31 
                          time taken : 158.97 
Training complete best top1/top5: 38.32%/87.46%
[W CudaIPCTypes.cpp:15] Producer process has been terminated before all shared CUDA tensors released. See Note [Sharing CUDA tensors]
Client 48 Epoch [10/10]:
                          learning rate : 0.001000
                          test acc/top1 : 38.38%
                          test acc/top5 : 88.78%
                          test loss : 1.72
                          train loss : 0.29 
                          time taken : 157.10 
Training complete best top1/top5: 38.38%/88.78%
[W CudaIPCTypes.cpp:15] Producer process has been terminated before all shared CUDA tensors released. See Note [Sharing CUDA tensors]
Client 93 Epoch [10/10]:
                          learning rate : 0.001000
                          test acc/top1 : 38.04%
                          test acc/top5 : 89.18%
                          test loss : 1.71
                          train loss : 0.42 
                          time taken : 156.78 
Training complete best top1/top5: 38.04%/89.18%
0 summary
1 summary
2 summary
3 summary
4 summary
5 summary
6 summary
7 summary
8 summary
9 summary
Client -1 Linear evaluating FL model
#######################################################
 
Avg Validation Stats after 2 global rounds
Validation Loss     : 2.62
Validation Accuracy : top1/top5 25.39%/78.17%

#######################################################
model saved at ./checkpoints/FL_noniid_bn_fedavg_eigen.pth.tar

 | Global Training Round : 3 |

Client 98 Linear evaluating FL model
Client 70 Linear evaluating FL model
Client 67 Linear evaluating FL model
Client 71 Linear evaluating FL model
Client 92 Linear evaluating FL model
Client 98 Epoch [5/10]:
                          learning rate : 0.001000
                          test acc/top1 : 37.26%
                          test acc/top5 : 88.58%
                          test loss : 1.73
                          train loss : 0.25 
                          time taken : 163.06 
Client 70 Epoch [5/10]:
                          learning rate : 0.001000
                          test acc/top1 : 38.62%
                          test acc/top5 : 88.44%
                          test loss : 1.72
                          train loss : 0.51 
                          time taken : 161.09 
Client 35 Linear evaluating FL model
Client 16 Linear evaluating FL model
Client 67 Epoch [5/10]:
                          learning rate : 0.001000
                          test acc/top1 : 36.46%
                          test acc/top5 : 88.42%
                          test loss : 1.74
                          train loss : 0.45 
                          time taken : 166.80 
Client 71 Epoch [5/10]:
                          learning rate : 0.001000
                          test acc/top1 : 39.68%
                          test acc/top5 : 88.72%
                          test loss : 1.70
                          train loss : 0.44 
                          time taken : 167.07 
Client 82 Linear evaluating FL model
Client 92 Epoch [5/10]:
                          learning rate : 0.001000
                          test acc/top1 : 39.08%
                          test acc/top5 : 89.14%
                          test loss : 1.72
                          train loss : 0.48 
                          time taken : 163.59 
Client 42 Linear evaluating FL model
Client 35 Epoch [5/10]:
                          learning rate : 0.001000
                          test acc/top1 : 37.74%
                          test acc/top5 : 88.30%
                          test loss : 1.72
                          train loss : 0.54 
                          time taken : 169.61 
Client 74 Linear evaluating FL model
Client 16 Epoch [5/10]:
                          learning rate : 0.001000
                          test acc/top1 : 39.20%
                          test acc/top5 : 88.74%
                          test loss : 1.70
                          train loss : 0.37 
                          time taken : 168.52 
Client 82 Epoch [5/10]:
                          learning rate : 0.001000
                          test acc/top1 : 36.94%
                          test acc/top5 : 87.76%
                          test loss : 1.77
                          train loss : 0.18 
                          time taken : 170.05 
Client 42 Epoch [5/10]:
                          learning rate : 0.001000
                          test acc/top1 : 37.52%
                          test acc/top5 : 88.66%
                          test loss : 1.73
                          train loss : 0.28 
                          time taken : 168.86 
Client 74 Epoch [5/10]:
                          learning rate : 0.001000
                          test acc/top1 : 38.28%
                          test acc/top5 : 88.94%
                          test loss : 1.71
                          train loss : 0.34 
                          time taken : 169.85 
Client 98 Linear evaluating FL model
Client 70 Linear evaluating FL model
Client 67 Linear evaluating FL model
Client 71 Linear evaluating FL model
Client 92 Linear evaluating FL model
Client 98 Epoch [10/10]:
                          learning rate : 0.001000
                          test acc/top1 : 36.94%
                          test acc/top5 : 87.50%
                          test loss : 1.79
                          train loss : 0.20 
                          time taken : 168.70 
Training complete best top1/top5: 36.94%/87.50%
[W CudaIPCTypes.cpp:15] Producer process has been terminated before all shared CUDA tensors released. See Note [Sharing CUDA tensors]
Client 70 Epoch [10/10]:
                          learning rate : 0.001000
                          test acc/top1 : 39.42%
                          test acc/top5 : 89.34%
                          test loss : 1.70
                          train loss : 0.21 
                          time taken : 170.24 
Training complete best top1/top5: 39.42%/89.34%
Client 35 Linear evaluating FL model
[W CudaIPCTypes.cpp:15] Producer process has been terminated before all shared CUDA tensors released. See Note [Sharing CUDA tensors]
Client 16 Linear evaluating FL model
Client 67 Epoch [10/10]:
                          learning rate : 0.001000
                          test acc/top1 : 37.20%
                          test acc/top5 : 88.08%
                          test loss : 1.78
                          train loss : 0.21 
                          time taken : 167.17 
Training complete best top1/top5: 37.20%/88.08%
[W CudaIPCTypes.cpp:15] Producer process has been terminated before all shared CUDA tensors released. See Note [Sharing CUDA tensors]
Client 71 Epoch [10/10]:
                          learning rate : 0.001000
                          test acc/top1 : 39.76%
                          test acc/top5 : 88.68%
                          test loss : 1.70
                          train loss : 0.49 
                          time taken : 167.20 
Training complete best top1/top5: 39.76%/88.68%
Client 92 Epoch [10/10]:
                          learning rate : 0.001000
                          test acc/top1 : 39.44%
                          test acc/top5 : 88.96%
                          test loss : 1.72
                          train loss : 0.44 
                          time taken : 166.44 
Training complete best top1/top5: 39.44%/88.96%
[W CudaIPCTypes.cpp:15] Producer process has been terminated before all shared CUDA tensors released. See Note [Sharing CUDA tensors]
Client 82 Linear evaluating FL model
[W CudaIPCTypes.cpp:15] Producer process has been terminated before all shared CUDA tensors released. See Note [Sharing CUDA tensors]
Client 42 Linear evaluating FL model
Client 35 Epoch [10/10]:
                          learning rate : 0.001000
                          test acc/top1 : 39.88%
                          test acc/top5 : 89.22%
                          test loss : 1.68
                          train loss : 0.48 
                          time taken : 166.38 
Training complete best top1/top5: 39.88%/89.22%
Client 74 Linear evaluating FL model
[W CudaIPCTypes.cpp:15] Producer process has been terminated before all shared CUDA tensors released. See Note [Sharing CUDA tensors]
Client 16 Epoch [10/10]:
                          learning rate : 0.001000
                          test acc/top1 : 38.60%
                          test acc/top5 : 88.62%
                          test loss : 1.72
                          train loss : 0.22 
                          time taken : 165.04 
Training complete best top1/top5: 38.60%/88.62%
[W CudaIPCTypes.cpp:15] Producer process has been terminated before all shared CUDA tensors released. See Note [Sharing CUDA tensors]
Client 82 Epoch [10/10]:
                          learning rate : 0.001000
                          test acc/top1 : 38.02%
                          test acc/top5 : 87.18%
                          test loss : 1.74
                          train loss : 0.26 
                          time taken : 166.82 
Training complete best top1/top5: 38.02%/87.18%
Client 42 Epoch [10/10]:
                          learning rate : 0.001000
                          test acc/top1 : 39.10%
                          test acc/top5 : 89.52%
                          test loss : 1.70
                          train loss : 0.42 
                          time taken : 162.40 
Training complete best top1/top5: 39.10%/89.52%
[W CudaIPCTypes.cpp:15] Producer process has been terminated before all shared CUDA tensors released. See Note [Sharing CUDA tensors]
[W CudaIPCTypes.cpp:15] Producer process has been terminated before all shared CUDA tensors released. See Note [Sharing CUDA tensors]
Client 74 Epoch [10/10]:
                          learning rate : 0.001000
                          test acc/top1 : 38.74%
                          test acc/top5 : 89.46%
                          test loss : 1.72
                          train loss : 0.40 
                          time taken : 166.37 
Training complete best top1/top5: 38.74%/89.46%
0 summary
1 summary
2 summary
3 summary
4 summary
5 summary
6 summary
7 summary
8 summary
9 summary
Client -1 Linear evaluating FL model
#######################################################
 
Avg Validation Stats after 3 global rounds
Validation Loss     : 2.14
Validation Accuracy : top1/top5 32.92%/84.61%

#######################################################
model saved at ./checkpoints/FL_noniid_bn_fedavg_eigen.pth.tar

 | Global Training Round : 4 |

Client 30 Linear evaluating FL model
Client 55 Linear evaluating FL model
Client 62 Linear evaluating FL model
Client 94 Linear evaluating FL model
Client 68 Linear evaluating FL model
Client 30 Epoch [5/10]:
                          learning rate : 0.001000
                          test acc/top1 : 39.50%
                          test acc/top5 : 89.92%
                          test loss : 1.67
                          train loss : 0.53 
                          time taken : 155.16 
Client 35 Linear evaluating FL model
Client 55 Epoch [5/10]:
                          learning rate : 0.001000
                          test acc/top1 : 39.04%
                          test acc/top5 : 89.32%
                          test loss : 1.70
                          train loss : 0.25 
                          time taken : 158.48 
Client 62 Epoch [5/10]:
                          learning rate : 0.001000
                          test acc/top1 : 38.96%
                          test acc/top5 : 89.26%
                          test loss : 1.71
                          train loss : 0.32 
                          time taken : 153.27 
Client 45 Linear evaluating FL model
Client 68 Epoch [5/10]:
                          learning rate : 0.001000
                          test acc/top1 : 40.40%
                          test acc/top5 : 89.60%
                          test loss : 1.67
                          train loss : 0.44 
                          time taken : 148.90 
Client 94 Epoch [5/10]:
                          learning rate : 0.001000
                          test acc/top1 : 39.58%
                          test acc/top5 : 90.24%
                          test loss : 1.64
                          train loss : 0.25 
                          time taken : 156.80 
Client 48 Linear evaluating FL model
Client 40 Linear evaluating FL model
Client 35 Epoch [5/10]:
                          learning rate : 0.001000
                          test acc/top1 : 38.90%
                          test acc/top5 : 88.56%
                          test loss : 1.72
                          train loss : 0.52 
                          time taken : 158.54 
Client 44 Linear evaluating FL model
Client 45 Epoch [5/10]:
                          learning rate : 0.001000
                          test acc/top1 : 39.14%
                          test acc/top5 : 89.86%
                          test loss : 1.65
                          train loss : 0.48 
                          time taken : 159.68 
Client 48 Epoch [5/10]:
                          learning rate : 0.001000
                          test acc/top1 : 39.04%
                          test acc/top5 : 89.20%
                          test loss : 1.69
                          train loss : 0.47 
                          time taken : 159.92 
Client 40 Epoch [5/10]:
                          learning rate : 0.001000
                          test acc/top1 : 39.24%
                          test acc/top5 : 89.60%
                          test loss : 1.69
                          train loss : 0.55 
                          time taken : 159.77 
Client 44 Epoch [5/10]:
                          learning rate : 0.001000
                          test acc/top1 : 39.18%
                          test acc/top5 : 88.76%
                          test loss : 1.71
                          train loss : 0.57 
                          time taken : 160.94 
slurmstepd: error: *** JOB 170006 ON b04 CANCELLED AT 2022-08-21T12:56:17 ***
