wandb: Currently logged in as: crazyboy9103. Use `wandb login --relogin` to force relogin
wandb: wandb version 0.13.2 is available!  To upgrade, please run:
wandb:  $ pip install wandb --upgrade
wandb: Tracking run with wandb version 0.13.1
wandb: Run data is saved locally in /home/kwangyeongill/FedSSL_clean/wandb/run-20220830_014324-20220830_014322
wandb: Run `wandb offline` to turn off syncing.
wandb: Syncing run simclr_noniid_bn_fedavg
wandb: ⭐️ View project at https://wandb.ai/crazyboy9103/Fed
wandb: 🚀 View run at https://wandb.ai/crazyboy9103/Fed/runs/20220830_014322
Files already downloaded and verified
Files already downloaded and verified

 | Global Training Round : 1 |

[W CudaIPCTypes.cpp:92] Producer process tried to deallocate over 1000 memory blocks referred by consumer processes. Deallocation might be significantly slowed down. We assume it will never going to be the case, but if it is, please file but to https://github.com/pytorch/pytorch
Client 92 Linear evaluating simclr model
Client 69 Linear evaluating simclr model
Client 98 Linear evaluating simclr model
Client 91 Linear evaluating simclr model
Client 92 Epoch [5/10]:
                          learning rate : 0.001000
                          test acc/top1 : 24.26%
                          test acc/top5 : 81.97%
                          test loss : 2.02
                          train loss : 2.35 
                          time taken : 190.19 
Client 94 Linear evaluating simclr model
Client 69 Epoch [5/10]:
                          learning rate : 0.001000
                          test acc/top1 : 21.23%
                          test acc/top5 : 78.49%
                          test loss : 1.99
                          train loss : 2.79 
                          time taken : 190.88 
Client 85 Linear evaluating simclr model
Client 54 Linear evaluating simclr model
Client 98 Epoch [5/10]:
                          learning rate : 0.001000
                          test acc/top1 : 25.94%
                          test acc/top5 : 82.53%
                          test loss : 1.97
                          train loss : 2.88 
                          time taken : 196.53 
Client 45 Linear evaluating simclr model
Client 91 Epoch [5/10]:
                          learning rate : 0.001000
                          test acc/top1 : 25.32%
                          test acc/top5 : 82.11%
                          test loss : 1.96
                          train loss : 1.95 
                          time taken : 198.91 
Client 79 Linear evaluating simclr model
Client 94 Epoch [5/10]:
                          learning rate : 0.001000
                          test acc/top1 : 27.98%
                          test acc/top5 : 84.05%
                          test loss : 1.94
                          train loss : 1.85 
                          time taken : 198.69 
Client 52 Linear evaluating simclr model
Client 85 Epoch [5/10]:
                          learning rate : 0.001000
                          test acc/top1 : 22.84%
                          test acc/top5 : 82.67%
                          test loss : 2.02
                          train loss : 1.98 
                          time taken : 201.38 
Client 54 Epoch [5/10]:
                          learning rate : 0.001000
                          test acc/top1 : 27.12%
                          test acc/top5 : 81.85%
                          test loss : 1.96
                          train loss : 1.75 
                          time taken : 202.57 
Client 45 Epoch [5/10]:
                          learning rate : 0.001000
                          test acc/top1 : 23.24%
                          test acc/top5 : 81.69%
                          test loss : 2.00
                          train loss : 1.77 
                          time taken : 204.50 
Client 79 Epoch [5/10]:
                          learning rate : 0.001000
                          test acc/top1 : 25.32%
                          test acc/top5 : 80.95%
                          test loss : 1.95
                          train loss : 3.47 
                          time taken : 204.23 
Client 52 Epoch [5/10]:
                          learning rate : 0.001000
                          test acc/top1 : 20.27%
                          test acc/top5 : 80.37%
                          test loss : 2.03
                          train loss : 1.98 
                          time taken : 205.75 
Client 92 Linear evaluating simclr model
Client 69 Linear evaluating simclr model
Client 98 Linear evaluating simclr model
Client 91 Linear evaluating simclr model
Client 92 Epoch [10/10]:
                          learning rate : 0.001000
                          test acc/top1 : 24.84%
                          test acc/top5 : 80.47%
                          test loss : 2.03
                          train loss : 1.35 
                          time taken : 205.01 
Training complete best top1/top5: 24.84%/80.47%
[W CudaIPCTypes.cpp:15] Producer process has been terminated before all shared CUDA tensors released. See Note [Sharing CUDA tensors]
Client 94 Linear evaluating simclr model
Client 69 Epoch [10/10]:
                          learning rate : 0.001000
                          test acc/top1 : 26.48%
                          test acc/top5 : 82.59%
                          test loss : 1.96
                          train loss : 2.49 
                          time taken : 205.06 
Training complete best top1/top5: 26.48%/82.59%
[W CudaIPCTypes.cpp:15] Producer process has been terminated before all shared CUDA tensors released. See Note [Sharing CUDA tensors]
Client 85 Linear evaluating simclr model
Client 54 Linear evaluating simclr model
Client 98 Epoch [10/10]:
                          learning rate : 0.001000
                          test acc/top1 : 25.00%
                          test acc/top5 : 81.41%
                          test loss : 1.98
                          train loss : 1.45 
                          time taken : 202.92 
Training complete best top1/top5: 25.00%/81.41%
[W CudaIPCTypes.cpp:15] Producer process has been terminated before all shared CUDA tensors released. See Note [Sharing CUDA tensors]
Client 45 Linear evaluating simclr model
Client 91 Epoch [10/10]:
                          learning rate : 0.001000
                          test acc/top1 : 26.70%
                          test acc/top5 : 82.87%
                          test loss : 1.94
                          train loss : 0.70 
                          time taken : 204.69 
Training complete best top1/top5: 26.70%/82.87%
[W CudaIPCTypes.cpp:15] Producer process has been terminated before all shared CUDA tensors released. See Note [Sharing CUDA tensors]
Client 79 Linear evaluating simclr model
Client 94 Epoch [10/10]:
                          learning rate : 0.001000
                          test acc/top1 : 24.06%
                          test acc/top5 : 81.73%
                          test loss : 1.93
                          train loss : 1.47 
                          time taken : 203.51 
Training complete best top1/top5: 24.06%/81.73%
[W CudaIPCTypes.cpp:15] Producer process has been terminated before all shared CUDA tensors released. See Note [Sharing CUDA tensors]
Client 52 Linear evaluating simclr model
Client 85 Epoch [10/10]:
                          learning rate : 0.001000
                          test acc/top1 : 27.30%
                          test acc/top5 : 82.77%
                          test loss : 1.95
                          train loss : 1.22 
                          time taken : 201.78 
Training complete best top1/top5: 27.30%/82.77%
[W CudaIPCTypes.cpp:15] Producer process has been terminated before all shared CUDA tensors released. See Note [Sharing CUDA tensors]
Client 54 Epoch [10/10]:
                          learning rate : 0.001000
                          test acc/top1 : 27.64%
                          test acc/top5 : 84.23%
                          test loss : 1.91
                          train loss : 1.14 
                          time taken : 200.99 
Training complete best top1/top5: 27.64%/84.23%
[W CudaIPCTypes.cpp:15] Producer process has been terminated before all shared CUDA tensors released. See Note [Sharing CUDA tensors]
Client 45 Epoch [10/10]:
                          learning rate : 0.001000
                          test acc/top1 : 23.46%
                          test acc/top5 : 82.47%
                          test loss : 2.00
                          train loss : 1.26 
                          time taken : 201.43 
Training complete best top1/top5: 23.46%/82.47%
[W CudaIPCTypes.cpp:15] Producer process has been terminated before all shared CUDA tensors released. See Note [Sharing CUDA tensors]
Client 79 Epoch [10/10]:
                          learning rate : 0.001000
                          test acc/top1 : 25.68%
                          test acc/top5 : 82.23%
                          test loss : 1.97
                          train loss : 2.03 
                          time taken : 198.34 
Training complete best top1/top5: 25.68%/82.23%
[W CudaIPCTypes.cpp:15] Producer process has been terminated before all shared CUDA tensors released. See Note [Sharing CUDA tensors]
Client 52 Epoch [10/10]:
                          learning rate : 0.001000
                          test acc/top1 : 23.84%
                          test acc/top5 : 82.11%
                          test loss : 2.05
                          train loss : 1.16 
                          time taken : 195.54 
Training complete best top1/top5: 23.84%/82.11%
0 summary
1 summary
2 summary
3 summary
4 summary
5 summary
6 summary
7 summary
8 summary
9 summary
Client -1 Linear evaluating simclr model
#######################################################
 
Avg Validation Stats after 1 global rounds
Validation Loss     : 1.97
Validation Accuracy : top1/top5 23.48%/79.79%

#######################################################
model saved at ./checkpoints/simclr_noniid_bn_fedavg.pth.tar

 | Global Training Round : 2 |

slurmstepd: error: *** JOB 171626 ON b02 CANCELLED AT 2022-08-30T01:54:28 ***
